[ 2016-04-28T09:02:42+08:00 ] 0.0.0.0 /index.php?m=Index&a=index&_=1461805361491
INFO: [ app_begin ] --START--
INFO: ReadHtmlCache Behavior ::run [ RunTime:0.014651s ]
INFO: [ app_begin ] --END-- [ RunTime:0.014774s ]
NOTIC: [2048] Non-static method CommonModel::leftMenu() should not be called statically, assuming $this from incompatible context D:\Wamp\phpStudy\WWW\thinkPHP3.1.3BJUI\App\Admin\Lib\Action\IndexAction.class.php 第 12 行.
SQL: SHOW COLUMNS FROM `ec_leftmenu` [ RunTime:0.004569s ]
SQL: SELECT `id`,`level`,`name` FROM `ec_leftmenu` WHERE ( `pid` = 0 ) AND ( `status` = 1 ) ORDER BY oid ASC  [ RunTime:0.000435s ]
SQL: SELECT * FROM `ec_leftmenu` WHERE ( `status` = 1 ) AND ( `id` <> '5' ) AND ( `level` = 5 ) ORDER BY oid ASC  [ RunTime:0.000396s ]
SQL: SELECT * FROM `ec_leftmenu` WHERE ( `status` = 1 ) AND ( `id` <> '2' ) AND ( `level` = 2 ) ORDER BY oid ASC  [ RunTime:0.000364s ]
SQL: SELECT * FROM `ec_leftmenu` WHERE ( `status` = 1 ) AND ( `id` <> '10' ) AND ( `level` = 10 ) ORDER BY oid ASC  [ RunTime:0.000353s ]
SQL: SELECT * FROM `ec_leftmenu` WHERE ( `status` = 1 ) AND ( `id` <> '12' ) AND ( `level` = 12 ) ORDER BY oid ASC  [ RunTime:0.000394s ]
INFO: [ view_parse ] --START--
NOTIC: [8] Use of undefined constant url - assumed 'url' D:\Wamp\phpStudy\WWW\thinkPHP3.1.3BJUI\App\Admin\Runtime\Cache\df851ced4f193dbbfe76d5cc69e57830.php 第 275 行.
NOTIC: [8] Use of undefined constant url - assumed 'url' D:\Wamp\phpStudy\WWW\thinkPHP3.1.3BJUI\App\Admin\Runtime\Cache\df851ced4f193dbbfe76d5cc69e57830.php 第 275 行.
NOTIC: [8] Use of undefined constant url - assumed 'url' D:\Wamp\phpStudy\WWW\thinkPHP3.1.3BJUI\App\Admin\Runtime\Cache\df851ced4f193dbbfe76d5cc69e57830.php 第 275 行.
NOTIC: [8] Use of undefined constant url - assumed 'url' D:\Wamp\phpStudy\WWW\thinkPHP3.1.3BJUI\App\Admin\Runtime\Cache\df851ced4f193dbbfe76d5cc69e57830.php 第 275 行.
NOTIC: [8] Use of undefined constant url - assumed 'url' D:\Wamp\phpStudy\WWW\thinkPHP3.1.3BJUI\App\Admin\Runtime\Cache\df851ced4f193dbbfe76d5cc69e57830.php 第 275 行.
NOTIC: [8] Use of undefined constant url - assumed 'url' D:\Wamp\phpStudy\WWW\thinkPHP3.1.3BJUI\App\Admin\Runtime\Cache\df851ced4f193dbbfe76d5cc69e57830.php 第 275 行.
NOTIC: [8] Use of undefined constant url - assumed 'url' D:\Wamp\phpStudy\WWW\thinkPHP3.1.3BJUI\App\Admin\Runtime\Cache\df851ced4f193dbbfe76d5cc69e57830.php 第 275 行.
NOTIC: [8] Use of undefined constant url - assumed 'url' D:\Wamp\phpStudy\WWW\thinkPHP3.1.3BJUI\App\Admin\Runtime\Cache\df851ced4f193dbbfe76d5cc69e57830.php 第 275 行.
INFO: ParseTemplate Behavior ::run [ RunTime:0.131152s ]
INFO: [ view_parse ] --END-- [ RunTime:0.131236s ]
INFO: [ view_filter ] --START--
INFO: ContentReplace Behavior ::run [ RunTime:0.010666s ]
INFO: TokenBuild Behavior ::run [ RunTime:0.015867s ]
INFO: WriteHtmlCache Behavior ::run [ RunTime:0.013781s ]
INFO: ShowRuntime Behavior ::run [ RunTime:0.007788s ]
INFO: [ view_filter ] --END-- [ RunTime:0.048404s ]
INFO: [ view_end ] --START--
INFO: ShowPageTrace Behavior ::run [ RunTime:0.027020s ]
INFO: [ view_end ] --END-- [ RunTime:0.027097s ]

[ 2016-04-28T09:02:46+08:00 ] 0.0.0.0 /index.php?m=Index&a=barChart
INFO: [ app_begin ] --START--
INFO: ReadHtmlCache Behavior ::run [ RunTime:0.001193s ]
INFO: [ app_begin ] --END-- [ RunTime:0.001354s ]
ERR: 非法操作:barChart

[ 2016-04-28T09:02:46+08:00 ] 0.0.0.0 /index.php?m=Index&a=lineChart
INFO: [ app_begin ] --START--
INFO: ReadHtmlCache Behavior ::run [ RunTime:0.001316s ]
INFO: [ app_begin ] --END-- [ RunTime:0.001459s ]
ERR: 非法操作:lineChart

[ 2016-04-28T09:02:58+08:00 ] 0.0.0.0 /index.php?
INFO: [ app_begin ] --START--
INFO: ReadHtmlCache Behavior ::run [ RunTime:0.000751s ]
INFO: [ app_begin ] --END-- [ RunTime:0.000830s ]
NOTIC: [2048] Non-static method CommonModel::leftMenu() should not be called statically, assuming $this from incompatible context D:\Wamp\phpStudy\WWW\thinkPHP3.1.3BJUI\App\Admin\Lib\Action\IndexAction.class.php 第 12 行.
SQL: SHOW COLUMNS FROM `ec_leftmenu` [ RunTime:0.004191s ]
SQL: SELECT `id`,`level`,`name` FROM `ec_leftmenu` WHERE ( `pid` = 0 ) AND ( `status` = 1 ) ORDER BY oid ASC  [ RunTime:0.000381s ]
SQL: SELECT * FROM `ec_leftmenu` WHERE ( `status` = 1 ) AND ( `id` <> '5' ) AND ( `level` = 5 ) ORDER BY oid ASC  [ RunTime:0.000408s ]
SQL: SELECT * FROM `ec_leftmenu` WHERE ( `status` = 1 ) AND ( `id` <> '2' ) AND ( `level` = 2 ) ORDER BY oid ASC  [ RunTime:0.000435s ]
SQL: SELECT * FROM `ec_leftmenu` WHERE ( `status` = 1 ) AND ( `id` <> '10' ) AND ( `level` = 10 ) ORDER BY oid ASC  [ RunTime:0.000489s ]
SQL: SELECT * FROM `ec_leftmenu` WHERE ( `status` = 1 ) AND ( `id` <> '12' ) AND ( `level` = 12 ) ORDER BY oid ASC  [ RunTime:0.000531s ]
INFO: [ view_parse ] --START--
NOTIC: [8] Use of undefined constant url - assumed 'url' D:\Wamp\phpStudy\WWW\thinkPHP3.1.3BJUI\App\Admin\Runtime\Cache\df851ced4f193dbbfe76d5cc69e57830.php 第 275 行.
NOTIC: [8] Use of undefined constant url - assumed 'url' D:\Wamp\phpStudy\WWW\thinkPHP3.1.3BJUI\App\Admin\Runtime\Cache\df851ced4f193dbbfe76d5cc69e57830.php 第 275 行.
NOTIC: [8] Use of undefined constant url - assumed 'url' D:\Wamp\phpStudy\WWW\thinkPHP3.1.3BJUI\App\Admin\Runtime\Cache\df851ced4f193dbbfe76d5cc69e57830.php 第 275 行.
NOTIC: [8] Use of undefined constant url - assumed 'url' D:\Wamp\phpStudy\WWW\thinkPHP3.1.3BJUI\App\Admin\Runtime\Cache\df851ced4f193dbbfe76d5cc69e57830.php 第 275 行.
NOTIC: [8] Use of undefined constant url - assumed 'url' D:\Wamp\phpStudy\WWW\thinkPHP3.1.3BJUI\App\Admin\Runtime\Cache\df851ced4f193dbbfe76d5cc69e57830.php 第 275 行.
NOTIC: [8] Use of undefined constant url - assumed 'url' D:\Wamp\phpStudy\WWW\thinkPHP3.1.3BJUI\App\Admin\Runtime\Cache\df851ced4f193dbbfe76d5cc69e57830.php 第 275 行.
NOTIC: [8] Use of undefined constant url - assumed 'url' D:\Wamp\phpStudy\WWW\thinkPHP3.1.3BJUI\App\Admin\Runtime\Cache\df851ced4f193dbbfe76d5cc69e57830.php 第 275 行.
NOTIC: [8] Use of undefined constant url - assumed 'url' D:\Wamp\phpStudy\WWW\thinkPHP3.1.3BJUI\App\Admin\Runtime\Cache\df851ced4f193dbbfe76d5cc69e57830.php 第 275 行.
INFO: ParseTemplate Behavior ::run [ RunTime:0.018022s ]
INFO: [ view_parse ] --END-- [ RunTime:0.018095s ]
INFO: [ view_filter ] --START--
INFO: ContentReplace Behavior ::run [ RunTime:0.000826s ]
INFO: TokenBuild Behavior ::run [ RunTime:0.000710s ]
INFO: WriteHtmlCache Behavior ::run [ RunTime:0.000686s ]
INFO: ShowRuntime Behavior ::run [ RunTime:0.001005s ]
INFO: [ view_filter ] --END-- [ RunTime:0.003396s ]
INFO: [ view_end ] --START--
INFO: ShowPageTrace Behavior ::run [ RunTime:0.000781s ]
INFO: [ view_end ] --END-- [ RunTime:0.000896s ]

[ 2016-04-28T09:02:58+08:00 ] 0.0.0.0 /index.php?m=Index&a=barChart
INFO: [ app_begin ] --START--
INFO: ReadHtmlCache Behavior ::run [ RunTime:0.000797s ]
INFO: [ app_begin ] --END-- [ RunTime:0.000882s ]
ERR: 非法操作:barChart

[ 2016-04-28T09:02:58+08:00 ] 0.0.0.0 /index.php?m=Index&a=lineChart
INFO: [ app_begin ] --START--
INFO: ReadHtmlCache Behavior ::run [ RunTime:0.000751s ]
INFO: [ app_begin ] --END-- [ RunTime:0.000829s ]
ERR: 非法操作:lineChart

[ 2016-04-28T09:08:42+08:00 ] 0.0.0.0 /index.php?
INFO: [ app_begin ] --START--
INFO: ReadHtmlCache Behavior ::run [ RunTime:0.000811s ]
INFO: [ app_begin ] --END-- [ RunTime:0.000914s ]
NOTIC: [2048] Non-static method CommonModel::leftMenu() should not be called statically, assuming $this from incompatible context D:\Wamp\phpStudy\WWW\thinkPHP3.1.3BJUI\App\Admin\Lib\Action\IndexAction.class.php 第 12 行.
SQL: SHOW COLUMNS FROM `ec_leftmenu` [ RunTime:0.004778s ]
SQL: SELECT `id`,`level`,`name` FROM `ec_leftmenu` WHERE ( `pid` = 0 ) AND ( `status` = 1 ) ORDER BY oid ASC  [ RunTime:0.000454s ]
SQL: SELECT * FROM `ec_leftmenu` WHERE ( `status` = 1 ) AND ( `id` <> '5' ) AND ( `level` = 5 ) ORDER BY oid ASC  [ RunTime:0.000406s ]
SQL: SELECT * FROM `ec_leftmenu` WHERE ( `status` = 1 ) AND ( `id` <> '2' ) AND ( `level` = 2 ) ORDER BY oid ASC  [ RunTime:0.000391s ]
SQL: SELECT * FROM `ec_leftmenu` WHERE ( `status` = 1 ) AND ( `id` <> '10' ) AND ( `level` = 10 ) ORDER BY oid ASC  [ RunTime:0.000479s ]
SQL: SELECT * FROM `ec_leftmenu` WHERE ( `status` = 1 ) AND ( `id` <> '12' ) AND ( `level` = 12 ) ORDER BY oid ASC  [ RunTime:0.000507s ]
INFO: [ view_parse ] --START--
NOTIC: [8] Use of undefined constant url - assumed 'url' D:\Wamp\phpStudy\WWW\thinkPHP3.1.3BJUI\App\Admin\Runtime\Cache\df851ced4f193dbbfe76d5cc69e57830.php 第 275 行.
NOTIC: [8] Use of undefined constant url - assumed 'url' D:\Wamp\phpStudy\WWW\thinkPHP3.1.3BJUI\App\Admin\Runtime\Cache\df851ced4f193dbbfe76d5cc69e57830.php 第 275 行.
NOTIC: [8] Use of undefined constant url - assumed 'url' D:\Wamp\phpStudy\WWW\thinkPHP3.1.3BJUI\App\Admin\Runtime\Cache\df851ced4f193dbbfe76d5cc69e57830.php 第 275 行.
NOTIC: [8] Use of undefined constant url - assumed 'url' D:\Wamp\phpStudy\WWW\thinkPHP3.1.3BJUI\App\Admin\Runtime\Cache\df851ced4f193dbbfe76d5cc69e57830.php 第 275 行.
NOTIC: [8] Use of undefined constant url - assumed 'url' D:\Wamp\phpStudy\WWW\thinkPHP3.1.3BJUI\App\Admin\Runtime\Cache\df851ced4f193dbbfe76d5cc69e57830.php 第 275 行.
NOTIC: [8] Use of undefined constant url - assumed 'url' D:\Wamp\phpStudy\WWW\thinkPHP3.1.3BJUI\App\Admin\Runtime\Cache\df851ced4f193dbbfe76d5cc69e57830.php 第 275 行.
NOTIC: [8] Use of undefined constant url - assumed 'url' D:\Wamp\phpStudy\WWW\thinkPHP3.1.3BJUI\App\Admin\Runtime\Cache\df851ced4f193dbbfe76d5cc69e57830.php 第 275 行.
NOTIC: [8] Use of undefined constant url - assumed 'url' D:\Wamp\phpStudy\WWW\thinkPHP3.1.3BJUI\App\Admin\Runtime\Cache\df851ced4f193dbbfe76d5cc69e57830.php 第 275 行.
INFO: ParseTemplate Behavior ::run [ RunTime:0.016975s ]
INFO: [ view_parse ] --END-- [ RunTime:0.017070s ]
INFO: [ view_filter ] --START--
INFO: ContentReplace Behavior ::run [ RunTime:0.001156s ]
INFO: TokenBuild Behavior ::run [ RunTime:0.000684s ]
INFO: WriteHtmlCache Behavior ::run [ RunTime:0.000540s ]
INFO: ShowRuntime Behavior ::run [ RunTime:0.000796s ]
INFO: [ view_filter ] --END-- [ RunTime:0.003391s ]
INFO: [ view_end ] --START--
INFO: ShowPageTrace Behavior ::run [ RunTime:0.000805s ]
INFO: [ view_end ] --END-- [ RunTime:0.000901s ]

[ 2016-04-28T09:08:42+08:00 ] 0.0.0.0 /index.php?m=Index&a=lineChart
INFO: [ app_begin ] --START--
INFO: ReadHtmlCache Behavior ::run [ RunTime:0.001253s ]
INFO: [ app_begin ] --END-- [ RunTime:0.001411s ]
ERR: 非法操作:lineChart

[ 2016-04-28T09:08:42+08:00 ] 0.0.0.0 /index.php?m=Index&a=barChart
INFO: [ app_begin ] --START--
INFO: ReadHtmlCache Behavior ::run [ RunTime:0.000980s ]
INFO: [ app_begin ] --END-- [ RunTime:0.001119s ]
ERR: 非法操作:barChart

[ 2016-04-28T09:08:43+08:00 ] 0.0.0.0 /index.php?m=Index&a=index&_=1461805723666
INFO: [ app_begin ] --START--
INFO: ReadHtmlCache Behavior ::run [ RunTime:0.001134s ]
INFO: [ app_begin ] --END-- [ RunTime:0.001359s ]
NOTIC: [2048] Non-static method CommonModel::leftMenu() should not be called statically, assuming $this from incompatible context D:\Wamp\phpStudy\WWW\thinkPHP3.1.3BJUI\App\Admin\Lib\Action\IndexAction.class.php 第 12 行.
SQL: SHOW COLUMNS FROM `ec_leftmenu` [ RunTime:0.004360s ]
SQL: SELECT `id`,`level`,`name` FROM `ec_leftmenu` WHERE ( `pid` = 0 ) AND ( `status` = 1 ) ORDER BY oid ASC  [ RunTime:0.000387s ]
SQL: SELECT * FROM `ec_leftmenu` WHERE ( `status` = 1 ) AND ( `id` <> '5' ) AND ( `level` = 5 ) ORDER BY oid ASC  [ RunTime:0.000379s ]
SQL: SELECT * FROM `ec_leftmenu` WHERE ( `status` = 1 ) AND ( `id` <> '2' ) AND ( `level` = 2 ) ORDER BY oid ASC  [ RunTime:0.000559s ]
SQL: SELECT * FROM `ec_leftmenu` WHERE ( `status` = 1 ) AND ( `id` <> '10' ) AND ( `level` = 10 ) ORDER BY oid ASC  [ RunTime:0.000641s ]
SQL: SELECT * FROM `ec_leftmenu` WHERE ( `status` = 1 ) AND ( `id` <> '12' ) AND ( `level` = 12 ) ORDER BY oid ASC  [ RunTime:0.000729s ]
INFO: [ view_parse ] --START--
NOTIC: [8] Use of undefined constant url - assumed 'url' D:\Wamp\phpStudy\WWW\thinkPHP3.1.3BJUI\App\Admin\Runtime\Cache\df851ced4f193dbbfe76d5cc69e57830.php 第 275 行.
NOTIC: [8] Use of undefined constant url - assumed 'url' D:\Wamp\phpStudy\WWW\thinkPHP3.1.3BJUI\App\Admin\Runtime\Cache\df851ced4f193dbbfe76d5cc69e57830.php 第 275 行.
NOTIC: [8] Use of undefined constant url - assumed 'url' D:\Wamp\phpStudy\WWW\thinkPHP3.1.3BJUI\App\Admin\Runtime\Cache\df851ced4f193dbbfe76d5cc69e57830.php 第 275 行.
NOTIC: [8] Use of undefined constant url - assumed 'url' D:\Wamp\phpStudy\WWW\thinkPHP3.1.3BJUI\App\Admin\Runtime\Cache\df851ced4f193dbbfe76d5cc69e57830.php 第 275 行.
NOTIC: [8] Use of undefined constant url - assumed 'url' D:\Wamp\phpStudy\WWW\thinkPHP3.1.3BJUI\App\Admin\Runtime\Cache\df851ced4f193dbbfe76d5cc69e57830.php 第 275 行.
NOTIC: [8] Use of undefined constant url - assumed 'url' D:\Wamp\phpStudy\WWW\thinkPHP3.1.3BJUI\App\Admin\Runtime\Cache\df851ced4f193dbbfe76d5cc69e57830.php 第 275 行.
NOTIC: [8] Use of undefined constant url - assumed 'url' D:\Wamp\phpStudy\WWW\thinkPHP3.1.3BJUI\App\Admin\Runtime\Cache\df851ced4f193dbbfe76d5cc69e57830.php 第 275 行.
NOTIC: [8] Use of undefined constant url - assumed 'url' D:\Wamp\phpStudy\WWW\thinkPHP3.1.3BJUI\App\Admin\Runtime\Cache\df851ced4f193dbbfe76d5cc69e57830.php 第 275 行.
INFO: ParseTemplate Behavior ::run [ RunTime:0.020489s ]
INFO: [ view_parse ] --END-- [ RunTime:0.020579s ]
INFO: [ view_filter ] --START--
INFO: ContentReplace Behavior ::run [ RunTime:0.001272s ]
INFO: TokenBuild Behavior ::run [ RunTime:0.001096s ]
INFO: WriteHtmlCache Behavior ::run [ RunTime:0.000795s ]
INFO: ShowRuntime Behavior ::run [ RunTime:0.001125s ]
INFO: [ view_filter ] --END-- [ RunTime:0.004585s ]
INFO: [ view_end ] --START--
INFO: ShowPageTrace Behavior ::run [ RunTime:0.001073s ]
INFO: [ view_end ] --END-- [ RunTime:0.001178s ]

[ 2016-04-28T09:08:45+08:00 ] 0.0.0.0 /index.php?m=Index&a=barChart
INFO: [ app_begin ] --START--
INFO: ReadHtmlCache Behavior ::run [ RunTime:0.000826s ]
INFO: [ app_begin ] --END-- [ RunTime:0.000938s ]
ERR: 非法操作:barChart

[ 2016-04-28T09:08:45+08:00 ] 0.0.0.0 /index.php?m=Index&a=lineChart
INFO: [ app_begin ] --START--
INFO: ReadHtmlCache Behavior ::run [ RunTime:0.001197s ]
INFO: [ app_begin ] --END-- [ RunTime:0.001339s ]
ERR: 非法操作:lineChart

[ 2016-04-28T09:08:46+08:00 ] 0.0.0.0 /index.php?
INFO: [ app_begin ] --START--
INFO: ReadHtmlCache Behavior ::run [ RunTime:0.000557s ]
INFO: [ app_begin ] --END-- [ RunTime:0.000633s ]
NOTIC: [2048] Non-static method CommonModel::leftMenu() should not be called statically, assuming $this from incompatible context D:\Wamp\phpStudy\WWW\thinkPHP3.1.3BJUI\App\Admin\Lib\Action\IndexAction.class.php 第 12 行.
SQL: SHOW COLUMNS FROM `ec_leftmenu` [ RunTime:0.004352s ]
SQL: SELECT `id`,`level`,`name` FROM `ec_leftmenu` WHERE ( `pid` = 0 ) AND ( `status` = 1 ) ORDER BY oid ASC  [ RunTime:0.000401s ]
SQL: SELECT * FROM `ec_leftmenu` WHERE ( `status` = 1 ) AND ( `id` <> '5' ) AND ( `level` = 5 ) ORDER BY oid ASC  [ RunTime:0.000371s ]
SQL: SELECT * FROM `ec_leftmenu` WHERE ( `status` = 1 ) AND ( `id` <> '2' ) AND ( `level` = 2 ) ORDER BY oid ASC  [ RunTime:0.000383s ]
SQL: SELECT * FROM `ec_leftmenu` WHERE ( `status` = 1 ) AND ( `id` <> '10' ) AND ( `level` = 10 ) ORDER BY oid ASC  [ RunTime:0.000431s ]
SQL: SELECT * FROM `ec_leftmenu` WHERE ( `status` = 1 ) AND ( `id` <> '12' ) AND ( `level` = 12 ) ORDER BY oid ASC  [ RunTime:0.000444s ]
INFO: [ view_parse ] --START--
NOTIC: [8] Use of undefined constant url - assumed 'url' D:\Wamp\phpStudy\WWW\thinkPHP3.1.3BJUI\App\Admin\Runtime\Cache\df851ced4f193dbbfe76d5cc69e57830.php 第 275 行.
NOTIC: [8] Use of undefined constant url - assumed 'url' D:\Wamp\phpStudy\WWW\thinkPHP3.1.3BJUI\App\Admin\Runtime\Cache\df851ced4f193dbbfe76d5cc69e57830.php 第 275 行.
NOTIC: [8] Use of undefined constant url - assumed 'url' D:\Wamp\phpStudy\WWW\thinkPHP3.1.3BJUI\App\Admin\Runtime\Cache\df851ced4f193dbbfe76d5cc69e57830.php 第 275 行.
NOTIC: [8] Use of undefined constant url - assumed 'url' D:\Wamp\phpStudy\WWW\thinkPHP3.1.3BJUI\App\Admin\Runtime\Cache\df851ced4f193dbbfe76d5cc69e57830.php 第 275 行.
NOTIC: [8] Use of undefined constant url - assumed 'url' D:\Wamp\phpStudy\WWW\thinkPHP3.1.3BJUI\App\Admin\Runtime\Cache\df851ced4f193dbbfe76d5cc69e57830.php 第 275 行.
NOTIC: [8] Use of undefined constant url - assumed 'url' D:\Wamp\phpStudy\WWW\thinkPHP3.1.3BJUI\App\Admin\Runtime\Cache\df851ced4f193dbbfe76d5cc69e57830.php 第 275 行.
NOTIC: [8] Use of undefined constant url - assumed 'url' D:\Wamp\phpStudy\WWW\thinkPHP3.1.3BJUI\App\Admin\Runtime\Cache\df851ced4f193dbbfe76d5cc69e57830.php 第 275 行.
NOTIC: [8] Use of undefined constant url - assumed 'url' D:\Wamp\phpStudy\WWW\thinkPHP3.1.3BJUI\App\Admin\Runtime\Cache\df851ced4f193dbbfe76d5cc69e57830.php 第 275 行.
INFO: ParseTemplate Behavior ::run [ RunTime:0.016591s ]
INFO: [ view_parse ] --END-- [ RunTime:0.016694s ]
INFO: [ view_filter ] --START--
INFO: ContentReplace Behavior ::run [ RunTime:0.000724s ]
INFO: TokenBuild Behavior ::run [ RunTime:0.000647s ]
INFO: WriteHtmlCache Behavior ::run [ RunTime:0.000565s ]
INFO: ShowRuntime Behavior ::run [ RunTime:0.000686s ]
INFO: [ view_filter ] --END-- [ RunTime:0.002822s ]
INFO: [ view_end ] --START--
INFO: ShowPageTrace Behavior ::run [ RunTime:0.000981s ]
INFO: [ view_end ] --END-- [ RunTime:0.001075s ]

[ 2016-04-28T09:08:47+08:00 ] 0.0.0.0 /index.php?m=Index&a=lineChart
INFO: [ app_begin ] --START--
INFO: ReadHtmlCache Behavior ::run [ RunTime:0.001484s ]
INFO: [ app_begin ] --END-- [ RunTime:0.001651s ]
ERR: 非法操作:lineChart

[ 2016-04-28T09:08:47+08:00 ] 0.0.0.0 /index.php?m=Index&a=barChart
INFO: [ app_begin ] --START--
INFO: ReadHtmlCache Behavior ::run [ RunTime:0.001440s ]
INFO: [ app_begin ] --END-- [ RunTime:0.001587s ]
ERR: 非法操作:barChart

[ 2016-04-28T09:10:16+08:00 ] 0.0.0.0 /index.php?
INFO: [ app_begin ] --START--
INFO: ReadHtmlCache Behavior ::run [ RunTime:0.000714s ]
INFO: [ app_begin ] --END-- [ RunTime:0.000830s ]
NOTIC: [2048] Non-static method CommonModel::leftMenu() should not be called statically, assuming $this from incompatible context D:\Wamp\phpStudy\WWW\thinkPHP3.1.3BJUI\App\Admin\Lib\Action\IndexAction.class.php 第 12 行.
SQL: SHOW COLUMNS FROM `ec_leftmenu` [ RunTime:0.004427s ]
SQL: SELECT `id`,`level`,`name` FROM `ec_leftmenu` WHERE ( `pid` = 0 ) AND ( `status` = 1 ) ORDER BY oid ASC  [ RunTime:0.000467s ]
SQL: SELECT * FROM `ec_leftmenu` WHERE ( `status` = 1 ) AND ( `id` <> '5' ) AND ( `level` = 5 ) ORDER BY oid ASC  [ RunTime:0.000691s ]
SQL: SELECT * FROM `ec_leftmenu` WHERE ( `status` = 1 ) AND ( `id` <> '2' ) AND ( `level` = 2 ) ORDER BY oid ASC  [ RunTime:0.000589s ]
SQL: SELECT * FROM `ec_leftmenu` WHERE ( `status` = 1 ) AND ( `id` <> '10' ) AND ( `level` = 10 ) ORDER BY oid ASC  [ RunTime:0.000547s ]
SQL: SELECT * FROM `ec_leftmenu` WHERE ( `status` = 1 ) AND ( `id` <> '12' ) AND ( `level` = 12 ) ORDER BY oid ASC  [ RunTime:0.000430s ]
INFO: [ view_parse ] --START--
NOTIC: [8] Use of undefined constant url - assumed 'url' D:\Wamp\phpStudy\WWW\thinkPHP3.1.3BJUI\App\Admin\Runtime\Cache\df851ced4f193dbbfe76d5cc69e57830.php 第 275 行.
NOTIC: [8] Use of undefined constant url - assumed 'url' D:\Wamp\phpStudy\WWW\thinkPHP3.1.3BJUI\App\Admin\Runtime\Cache\df851ced4f193dbbfe76d5cc69e57830.php 第 275 行.
NOTIC: [8] Use of undefined constant url - assumed 'url' D:\Wamp\phpStudy\WWW\thinkPHP3.1.3BJUI\App\Admin\Runtime\Cache\df851ced4f193dbbfe76d5cc69e57830.php 第 275 行.
NOTIC: [8] Use of undefined constant url - assumed 'url' D:\Wamp\phpStudy\WWW\thinkPHP3.1.3BJUI\App\Admin\Runtime\Cache\df851ced4f193dbbfe76d5cc69e57830.php 第 275 行.
NOTIC: [8] Use of undefined constant url - assumed 'url' D:\Wamp\phpStudy\WWW\thinkPHP3.1.3BJUI\App\Admin\Runtime\Cache\df851ced4f193dbbfe76d5cc69e57830.php 第 275 行.
NOTIC: [8] Use of undefined constant url - assumed 'url' D:\Wamp\phpStudy\WWW\thinkPHP3.1.3BJUI\App\Admin\Runtime\Cache\df851ced4f193dbbfe76d5cc69e57830.php 第 275 行.
NOTIC: [8] Use of undefined constant url - assumed 'url' D:\Wamp\phpStudy\WWW\thinkPHP3.1.3BJUI\App\Admin\Runtime\Cache\df851ced4f193dbbfe76d5cc69e57830.php 第 275 行.
NOTIC: [8] Use of undefined constant url - assumed 'url' D:\Wamp\phpStudy\WWW\thinkPHP3.1.3BJUI\App\Admin\Runtime\Cache\df851ced4f193dbbfe76d5cc69e57830.php 第 275 行.
INFO: ParseTemplate Behavior ::run [ RunTime:0.016117s ]
INFO: [ view_parse ] --END-- [ RunTime:0.016185s ]
INFO: [ view_filter ] --START--
INFO: ContentReplace Behavior ::run [ RunTime:0.000791s ]
INFO: TokenBuild Behavior ::run [ RunTime:0.000602s ]
INFO: WriteHtmlCache Behavior ::run [ RunTime:0.000487s ]
INFO: ShowRuntime Behavior ::run [ RunTime:0.000690s ]
INFO: [ view_filter ] --END-- [ RunTime:0.002725s ]
INFO: [ view_end ] --START--
INFO: ShowPageTrace Behavior ::run [ RunTime:0.001098s ]
INFO: [ view_end ] --END-- [ RunTime:0.001174s ]

[ 2016-04-28T09:10:16+08:00 ] 0.0.0.0 /index.php?m=Index&a=lineChart
INFO: [ app_begin ] --START--
INFO: ReadHtmlCache Behavior ::run [ RunTime:0.001135s ]
INFO: [ app_begin ] --END-- [ RunTime:0.001286s ]
ERR: 非法操作:lineChart

[ 2016-04-28T09:10:16+08:00 ] 0.0.0.0 /index.php?m=Index&a=barChart
INFO: [ app_begin ] --START--
INFO: ReadHtmlCache Behavior ::run [ RunTime:0.000891s ]
INFO: [ app_begin ] --END-- [ RunTime:0.001048s ]
ERR: 非法操作:barChart

[ 2016-04-28T09:10:17+08:00 ] 0.0.0.0 /index.php?m=Project&a=index&_=1461805817943
INFO: [ app_begin ] --START--
INFO: ReadHtmlCache Behavior ::run [ RunTime:0.000975s ]
INFO: [ app_begin ] --END-- [ RunTime:0.001121s ]
NOTIC: [8] Constant THEME_NAME already defined D:\Wamp\phpStudy\WWW\thinkPHP3.1.3BJUI\ThinkPHP\Lib\Core\View.class.php 第 223 行.
NOTIC: [8] Constant THEME_PATH already defined D:\Wamp\phpStudy\WWW\thinkPHP3.1.3BJUI\ThinkPHP\Lib\Core\View.class.php 第 174 行.
NOTIC: [8] Constant APP_TMPL_PATH already defined D:\Wamp\phpStudy\WWW\thinkPHP3.1.3BJUI\ThinkPHP\Lib\Core\View.class.php 第 175 行.
INFO: [ view_parse ] --START--
NOTIC: [8] Undefined variable: search D:\Wamp\phpStudy\WWW\thinkPHP3.1.3BJUI\App\Admin\Runtime\Cache\b849b1a89c673e2990f6a545d6dda1da.php 第 8 行.
NOTIC: [8] Undefined variable: search D:\Wamp\phpStudy\WWW\thinkPHP3.1.3BJUI\App\Admin\Runtime\Cache\b849b1a89c673e2990f6a545d6dda1da.php 第 9 行.
NOTIC: [8] Undefined index: pageSize D:\Wamp\phpStudy\WWW\thinkPHP3.1.3BJUI\App\Admin\Runtime\Cache\b849b1a89c673e2990f6a545d6dda1da.php 第 33 行.
NOTIC: [8] Undefined index: pageSize D:\Wamp\phpStudy\WWW\thinkPHP3.1.3BJUI\App\Admin\Runtime\Cache\b849b1a89c673e2990f6a545d6dda1da.php 第 34 行.
NOTIC: [8] Undefined index: pageSize D:\Wamp\phpStudy\WWW\thinkPHP3.1.3BJUI\App\Admin\Runtime\Cache\b849b1a89c673e2990f6a545d6dda1da.php 第 35 行.
NOTIC: [8] Undefined index: pageSize D:\Wamp\phpStudy\WWW\thinkPHP3.1.3BJUI\App\Admin\Runtime\Cache\b849b1a89c673e2990f6a545d6dda1da.php 第 36 行.
NOTIC: [8] Undefined index: pageSize D:\Wamp\phpStudy\WWW\thinkPHP3.1.3BJUI\App\Admin\Runtime\Cache\b849b1a89c673e2990f6a545d6dda1da.php 第 37 行.
NOTIC: [8] Undefined variable: total D:\Wamp\phpStudy\WWW\thinkPHP3.1.3BJUI\App\Admin\Runtime\Cache\b849b1a89c673e2990f6a545d6dda1da.php 第 42 行.
INFO: ParseTemplate Behavior ::run [ RunTime:0.012051s ]
INFO: [ view_parse ] --END-- [ RunTime:0.012136s ]
INFO: [ view_filter ] --START--
INFO: ContentReplace Behavior ::run [ RunTime:0.000881s ]
INFO: TokenBuild Behavior ::run [ RunTime:0.000711s ]
INFO: WriteHtmlCache Behavior ::run [ RunTime:0.000526s ]
INFO: ShowRuntime Behavior ::run [ RunTime:0.000890s ]
INFO: [ view_filter ] --END-- [ RunTime:0.003249s ]
INFO: [ view_end ] --START--
INFO: ShowPageTrace Behavior ::run [ RunTime:0.000775s ]
INFO: [ view_end ] --END-- [ RunTime:0.000843s ]

[ 2016-04-28T09:10:48+08:00 ] 0.0.0.0 /index.php?
INFO: [ app_begin ] --START--
INFO: ReadHtmlCache Behavior ::run [ RunTime:0.000804s ]
INFO: [ app_begin ] --END-- [ RunTime:0.000887s ]
NOTIC: [2048] Non-static method CommonModel::leftMenu() should not be called statically, assuming $this from incompatible context D:\Wamp\phpStudy\WWW\thinkPHP3.1.3BJUI\App\Admin\Lib\Action\IndexAction.class.php 第 12 行.
SQL: SHOW COLUMNS FROM `ec_leftmenu` [ RunTime:0.005512s ]
SQL: SELECT `id`,`level`,`name` FROM `ec_leftmenu` WHERE ( `pid` = 0 ) AND ( `status` = 1 ) ORDER BY oid ASC  [ RunTime:0.000410s ]
SQL: SELECT * FROM `ec_leftmenu` WHERE ( `status` = 1 ) AND ( `id` <> '5' ) AND ( `level` = 5 ) ORDER BY oid ASC  [ RunTime:0.000367s ]
SQL: SELECT * FROM `ec_leftmenu` WHERE ( `status` = 1 ) AND ( `id` <> '2' ) AND ( `level` = 2 ) ORDER BY oid ASC  [ RunTime:0.000369s ]
SQL: SELECT * FROM `ec_leftmenu` WHERE ( `status` = 1 ) AND ( `id` <> '10' ) AND ( `level` = 10 ) ORDER BY oid ASC  [ RunTime:0.000452s ]
SQL: SELECT * FROM `ec_leftmenu` WHERE ( `status` = 1 ) AND ( `id` <> '12' ) AND ( `level` = 12 ) ORDER BY oid ASC  [ RunTime:0.000399s ]
INFO: [ view_parse ] --START--
NOTIC: [8] Use of undefined constant url - assumed 'url' D:\Wamp\phpStudy\WWW\thinkPHP3.1.3BJUI\App\Admin\Runtime\Cache\df851ced4f193dbbfe76d5cc69e57830.php 第 275 行.
NOTIC: [8] Use of undefined constant url - assumed 'url' D:\Wamp\phpStudy\WWW\thinkPHP3.1.3BJUI\App\Admin\Runtime\Cache\df851ced4f193dbbfe76d5cc69e57830.php 第 275 行.
NOTIC: [8] Use of undefined constant url - assumed 'url' D:\Wamp\phpStudy\WWW\thinkPHP3.1.3BJUI\App\Admin\Runtime\Cache\df851ced4f193dbbfe76d5cc69e57830.php 第 275 行.
NOTIC: [8] Use of undefined constant url - assumed 'url' D:\Wamp\phpStudy\WWW\thinkPHP3.1.3BJUI\App\Admin\Runtime\Cache\df851ced4f193dbbfe76d5cc69e57830.php 第 275 行.
NOTIC: [8] Use of undefined constant url - assumed 'url' D:\Wamp\phpStudy\WWW\thinkPHP3.1.3BJUI\App\Admin\Runtime\Cache\df851ced4f193dbbfe76d5cc69e57830.php 第 275 行.
NOTIC: [8] Use of undefined constant url - assumed 'url' D:\Wamp\phpStudy\WWW\thinkPHP3.1.3BJUI\App\Admin\Runtime\Cache\df851ced4f193dbbfe76d5cc69e57830.php 第 275 行.
NOTIC: [8] Use of undefined constant url - assumed 'url' D:\Wamp\phpStudy\WWW\thinkPHP3.1.3BJUI\App\Admin\Runtime\Cache\df851ced4f193dbbfe76d5cc69e57830.php 第 275 行.
NOTIC: [8] Use of undefined constant url - assumed 'url' D:\Wamp\phpStudy\WWW\thinkPHP3.1.3BJUI\App\Admin\Runtime\Cache\df851ced4f193dbbfe76d5cc69e57830.php 第 275 行.
INFO: ParseTemplate Behavior ::run [ RunTime:0.015440s ]
INFO: [ view_parse ] --END-- [ RunTime:0.015502s ]
INFO: [ view_filter ] --START--
INFO: ContentReplace Behavior ::run [ RunTime:0.000747s ]
INFO: TokenBuild Behavior ::run [ RunTime:0.000517s ]
INFO: WriteHtmlCache Behavior ::run [ RunTime:0.000436s ]
INFO: ShowRuntime Behavior ::run [ RunTime:0.000668s ]
INFO: [ view_filter ] --END-- [ RunTime:0.002519s ]
INFO: [ view_end ] --START--
INFO: ShowPageTrace Behavior ::run [ RunTime:0.000625s ]
INFO: [ view_end ] --END-- [ RunTime:0.000705s ]

[ 2016-04-28T09:10:49+08:00 ] 0.0.0.0 /index.php?m=Index&a=lineChart
INFO: [ app_begin ] --START--
INFO: ReadHtmlCache Behavior ::run [ RunTime:0.001171s ]
INFO: [ app_begin ] --END-- [ RunTime:0.001303s ]
ERR: 非法操作:lineChart

[ 2016-04-28T09:10:49+08:00 ] 0.0.0.0 /index.php?m=Index&a=barChart
INFO: [ app_begin ] --START--
INFO: ReadHtmlCache Behavior ::run [ RunTime:0.001585s ]
INFO: [ app_begin ] --END-- [ RunTime:0.001844s ]
ERR: 非法操作:barChart

[ 2016-04-28T09:10:50+08:00 ] 0.0.0.0 /index.php?m=Project&a=index&_=1461805850062
INFO: [ app_begin ] --START--
INFO: ReadHtmlCache Behavior ::run [ RunTime:0.000994s ]
INFO: [ app_begin ] --END-- [ RunTime:0.001116s ]
NOTIC: [8] Constant THEME_NAME already defined D:\Wamp\phpStudy\WWW\thinkPHP3.1.3BJUI\ThinkPHP\Lib\Core\View.class.php 第 223 行.
NOTIC: [8] Constant THEME_PATH already defined D:\Wamp\phpStudy\WWW\thinkPHP3.1.3BJUI\ThinkPHP\Lib\Core\View.class.php 第 174 行.
NOTIC: [8] Constant APP_TMPL_PATH already defined D:\Wamp\phpStudy\WWW\thinkPHP3.1.3BJUI\ThinkPHP\Lib\Core\View.class.php 第 175 行.
INFO: [ view_parse ] --START--
NOTIC: [8] Undefined variable: search D:\Wamp\phpStudy\WWW\thinkPHP3.1.3BJUI\App\Admin\Runtime\Cache\b849b1a89c673e2990f6a545d6dda1da.php 第 8 行.
NOTIC: [8] Undefined variable: search D:\Wamp\phpStudy\WWW\thinkPHP3.1.3BJUI\App\Admin\Runtime\Cache\b849b1a89c673e2990f6a545d6dda1da.php 第 9 行.
NOTIC: [8] Undefined index: pageSize D:\Wamp\phpStudy\WWW\thinkPHP3.1.3BJUI\App\Admin\Runtime\Cache\b849b1a89c673e2990f6a545d6dda1da.php 第 33 行.
NOTIC: [8] Undefined index: pageSize D:\Wamp\phpStudy\WWW\thinkPHP3.1.3BJUI\App\Admin\Runtime\Cache\b849b1a89c673e2990f6a545d6dda1da.php 第 34 行.
NOTIC: [8] Undefined index: pageSize D:\Wamp\phpStudy\WWW\thinkPHP3.1.3BJUI\App\Admin\Runtime\Cache\b849b1a89c673e2990f6a545d6dda1da.php 第 35 行.
NOTIC: [8] Undefined index: pageSize D:\Wamp\phpStudy\WWW\thinkPHP3.1.3BJUI\App\Admin\Runtime\Cache\b849b1a89c673e2990f6a545d6dda1da.php 第 36 行.
NOTIC: [8] Undefined index: pageSize D:\Wamp\phpStudy\WWW\thinkPHP3.1.3BJUI\App\Admin\Runtime\Cache\b849b1a89c673e2990f6a545d6dda1da.php 第 37 行.
NOTIC: [8] Undefined variable: total D:\Wamp\phpStudy\WWW\thinkPHP3.1.3BJUI\App\Admin\Runtime\Cache\b849b1a89c673e2990f6a545d6dda1da.php 第 42 行.
INFO: ParseTemplate Behavior ::run [ RunTime:0.009944s ]
INFO: [ view_parse ] --END-- [ RunTime:0.009997s ]
INFO: [ view_filter ] --START--
INFO: ContentReplace Behavior ::run [ RunTime:0.000619s ]
INFO: TokenBuild Behavior ::run [ RunTime:0.000643s ]
INFO: WriteHtmlCache Behavior ::run [ RunTime:0.000507s ]
INFO: ShowRuntime Behavior ::run [ RunTime:0.000663s ]
INFO: [ view_filter ] --END-- [ RunTime:0.002580s ]
INFO: [ view_end ] --START--
INFO: ShowPageTrace Behavior ::run [ RunTime:0.000784s ]
INFO: [ view_end ] --END-- [ RunTime:0.000831s ]

[ 2016-04-28T09:11:20+08:00 ] 0.0.0.0 /index.php?
INFO: [ app_begin ] --START--
INFO: ReadHtmlCache Behavior ::run [ RunTime:0.000968s ]
INFO: [ app_begin ] --END-- [ RunTime:0.001073s ]
NOTIC: [2048] Non-static method CommonModel::leftMenu() should not be called statically, assuming $this from incompatible context D:\Wamp\phpStudy\WWW\thinkPHP3.1.3BJUI\App\Admin\Lib\Action\IndexAction.class.php 第 12 行.
SQL: SHOW COLUMNS FROM `ec_leftmenu` [ RunTime:0.006240s ]
SQL: SELECT `id`,`level`,`name` FROM `ec_leftmenu` WHERE ( `pid` = 0 ) AND ( `status` = 1 ) ORDER BY oid ASC  [ RunTime:0.000437s ]
SQL: SELECT * FROM `ec_leftmenu` WHERE ( `status` = 1 ) AND ( `id` <> '5' ) AND ( `level` = 5 ) ORDER BY oid ASC  [ RunTime:0.000457s ]
SQL: SELECT * FROM `ec_leftmenu` WHERE ( `status` = 1 ) AND ( `id` <> '2' ) AND ( `level` = 2 ) ORDER BY oid ASC  [ RunTime:0.000345s ]
SQL: SELECT * FROM `ec_leftmenu` WHERE ( `status` = 1 ) AND ( `id` <> '10' ) AND ( `level` = 10 ) ORDER BY oid ASC  [ RunTime:0.000392s ]
SQL: SELECT * FROM `ec_leftmenu` WHERE ( `status` = 1 ) AND ( `id` <> '12' ) AND ( `level` = 12 ) ORDER BY oid ASC  [ RunTime:0.000428s ]
INFO: [ view_parse ] --START--
NOTIC: [8] Use of undefined constant url - assumed 'url' D:\Wamp\phpStudy\WWW\thinkPHP3.1.3BJUI\App\Admin\Runtime\Cache\df851ced4f193dbbfe76d5cc69e57830.php 第 275 行.
NOTIC: [8] Use of undefined constant url - assumed 'url' D:\Wamp\phpStudy\WWW\thinkPHP3.1.3BJUI\App\Admin\Runtime\Cache\df851ced4f193dbbfe76d5cc69e57830.php 第 275 行.
NOTIC: [8] Use of undefined constant url - assumed 'url' D:\Wamp\phpStudy\WWW\thinkPHP3.1.3BJUI\App\Admin\Runtime\Cache\df851ced4f193dbbfe76d5cc69e57830.php 第 275 行.
NOTIC: [8] Use of undefined constant url - assumed 'url' D:\Wamp\phpStudy\WWW\thinkPHP3.1.3BJUI\App\Admin\Runtime\Cache\df851ced4f193dbbfe76d5cc69e57830.php 第 275 行.
NOTIC: [8] Use of undefined constant url - assumed 'url' D:\Wamp\phpStudy\WWW\thinkPHP3.1.3BJUI\App\Admin\Runtime\Cache\df851ced4f193dbbfe76d5cc69e57830.php 第 275 行.
NOTIC: [8] Use of undefined constant url - assumed 'url' D:\Wamp\phpStudy\WWW\thinkPHP3.1.3BJUI\App\Admin\Runtime\Cache\df851ced4f193dbbfe76d5cc69e57830.php 第 275 行.
NOTIC: [8] Use of undefined constant url - assumed 'url' D:\Wamp\phpStudy\WWW\thinkPHP3.1.3BJUI\App\Admin\Runtime\Cache\df851ced4f193dbbfe76d5cc69e57830.php 第 275 行.
NOTIC: [8] Use of undefined constant url - assumed 'url' D:\Wamp\phpStudy\WWW\thinkPHP3.1.3BJUI\App\Admin\Runtime\Cache\df851ced4f193dbbfe76d5cc69e57830.php 第 275 行.
INFO: ParseTemplate Behavior ::run [ RunTime:0.019207s ]
INFO: [ view_parse ] --END-- [ RunTime:0.019276s ]
INFO: [ view_filter ] --START--
INFO: ContentReplace Behavior ::run [ RunTime:0.000746s ]
INFO: TokenBuild Behavior ::run [ RunTime:0.001390s ]
INFO: WriteHtmlCache Behavior ::run [ RunTime:0.001039s ]
INFO: ShowRuntime Behavior ::run [ RunTime:0.000721s ]
INFO: [ view_filter ] --END-- [ RunTime:0.004125s ]
INFO: [ view_end ] --START--
INFO: ShowPageTrace Behavior ::run [ RunTime:0.002067s ]
INFO: [ view_end ] --END-- [ RunTime:0.002287s ]

[ 2016-04-28T09:11:20+08:00 ] 0.0.0.0 /index.php?m=Index&a=barChart
INFO: [ app_begin ] --START--
INFO: ReadHtmlCache Behavior ::run [ RunTime:0.001222s ]
INFO: [ app_begin ] --END-- [ RunTime:0.001361s ]
ERR: 非法操作:barChart

[ 2016-04-28T09:11:20+08:00 ] 0.0.0.0 /index.php?m=Index&a=lineChart
INFO: [ app_begin ] --START--
INFO: ReadHtmlCache Behavior ::run [ RunTime:0.001037s ]
INFO: [ app_begin ] --END-- [ RunTime:0.001159s ]
ERR: 非法操作:lineChart

[ 2016-04-28T09:11:21+08:00 ] 0.0.0.0 /index.php?m=Project&a=index&_=1461805881911
INFO: [ app_begin ] --START--
INFO: ReadHtmlCache Behavior ::run [ RunTime:0.000802s ]
INFO: [ app_begin ] --END-- [ RunTime:0.000925s ]
NOTIC: [8] Constant THEME_NAME already defined D:\Wamp\phpStudy\WWW\thinkPHP3.1.3BJUI\ThinkPHP\Lib\Core\View.class.php 第 223 行.
NOTIC: [8] Constant THEME_PATH already defined D:\Wamp\phpStudy\WWW\thinkPHP3.1.3BJUI\ThinkPHP\Lib\Core\View.class.php 第 174 行.
NOTIC: [8] Constant APP_TMPL_PATH already defined D:\Wamp\phpStudy\WWW\thinkPHP3.1.3BJUI\ThinkPHP\Lib\Core\View.class.php 第 175 行.
INFO: [ view_parse ] --START--
NOTIC: [8] Undefined variable: search D:\Wamp\phpStudy\WWW\thinkPHP3.1.3BJUI\App\Admin\Runtime\Cache\b849b1a89c673e2990f6a545d6dda1da.php 第 8 行.
NOTIC: [8] Undefined index: pageSize D:\Wamp\phpStudy\WWW\thinkPHP3.1.3BJUI\App\Admin\Runtime\Cache\b849b1a89c673e2990f6a545d6dda1da.php 第 32 行.
NOTIC: [8] Undefined index: pageSize D:\Wamp\phpStudy\WWW\thinkPHP3.1.3BJUI\App\Admin\Runtime\Cache\b849b1a89c673e2990f6a545d6dda1da.php 第 33 行.
NOTIC: [8] Undefined index: pageSize D:\Wamp\phpStudy\WWW\thinkPHP3.1.3BJUI\App\Admin\Runtime\Cache\b849b1a89c673e2990f6a545d6dda1da.php 第 34 行.
NOTIC: [8] Undefined index: pageSize D:\Wamp\phpStudy\WWW\thinkPHP3.1.3BJUI\App\Admin\Runtime\Cache\b849b1a89c673e2990f6a545d6dda1da.php 第 35 行.
NOTIC: [8] Undefined index: pageSize D:\Wamp\phpStudy\WWW\thinkPHP3.1.3BJUI\App\Admin\Runtime\Cache\b849b1a89c673e2990f6a545d6dda1da.php 第 36 行.
NOTIC: [8] Undefined variable: total D:\Wamp\phpStudy\WWW\thinkPHP3.1.3BJUI\App\Admin\Runtime\Cache\b849b1a89c673e2990f6a545d6dda1da.php 第 41 行.
INFO: ParseTemplate Behavior ::run [ RunTime:0.009104s ]
INFO: [ view_parse ] --END-- [ RunTime:0.009241s ]
INFO: [ view_filter ] --START--
INFO: ContentReplace Behavior ::run [ RunTime:0.000927s ]
INFO: TokenBuild Behavior ::run [ RunTime:0.000675s ]
INFO: WriteHtmlCache Behavior ::run [ RunTime:0.000407s ]
INFO: ShowRuntime Behavior ::run [ RunTime:0.000660s ]
INFO: [ view_filter ] --END-- [ RunTime:0.002893s ]
INFO: [ view_end ] --START--
INFO: ShowPageTrace Behavior ::run [ RunTime:0.000651s ]
INFO: [ view_end ] --END-- [ RunTime:0.000697s ]

