[ 2016-05-04T10:07:51+08:00 ] 0.0.0.0 /index.php?m=Public&a=index
INFO: [ app_begin ] --START--
INFO: ReadHtmlCache Behavior ::run [ RunTime:0.000746s ]
INFO: [ app_begin ] --END-- [ RunTime:0.000858s ]
SQL: SHOW COLUMNS FROM `ec_user` [ RunTime:0.275846s ]
SQL: SELECT COUNT(*) AS tp_count FROM `ec_user` WHERE (  `username`='admin' ) LIMIT 1   [ RunTime:0.189018s ]
SQL: SELECT * FROM `ec_user` WHERE ( `username`='admin' ) LIMIT 1   [ RunTime:0.001218s ]
NOTIC: [8] Undefined variable: var D:\Wamp\phpStudy\WWW\thinkPHP3.1.3BJUI\ThinkPHP\Common\functions.php 第 247 行.
NOTIC: [2] array_reverse() expects parameter 1 to be array, null given D:\Wamp\phpStudy\WWW\thinkPHP3.1.3BJUI\ThinkPHP\Common\functions.php 第 247 行.
NOTIC: [2] http_build_query() [<a href='function.http-build-query'>function.http-build-query</a>]: Parameter 1 expected to be Array or Object.  Incorrect value given D:\Wamp\phpStudy\WWW\thinkPHP3.1.3BJUI\ThinkPHP\Common\functions.php 第 247 行.

[ 2016-05-04T10:07:56+08:00 ] 0.0.0.0 /index.php?m=Index&a=lineChart
INFO: [ app_begin ] --START--
INFO: ReadHtmlCache Behavior ::run [ RunTime:0.000965s ]
INFO: [ app_begin ] --END-- [ RunTime:0.001116s ]
ERR: 非法操作:lineChart

[ 2016-05-04T10:07:56+08:00 ] 0.0.0.0 /index.php?m=Index&a=barChart
INFO: [ app_begin ] --START--
INFO: ReadHtmlCache Behavior ::run [ RunTime:0.000916s ]
INFO: [ app_begin ] --END-- [ RunTime:0.001045s ]
ERR: 非法操作:barChart

[ 2016-05-04T10:07:58+08:00 ] 0.0.0.0 /index.php?m=Process&a=index&_=1462327677952
INFO: [ app_begin ] --START--
INFO: ReadHtmlCache Behavior ::run [ RunTime:0.000852s ]
INFO: [ app_begin ] --END-- [ RunTime:0.000979s ]
SQL: SHOW COLUMNS FROM `ec_process` [ RunTime:0.049900s ]
NOTIC: [8] Undefined index: search D:\Wamp\phpStudy\WWW\thinkPHP3.1.3BJUI\App\Admin\Lib\Action\CommonAction.class.php 第 35 行.
NOTIC: [2] Invalid argument supplied for foreach() D:\Wamp\phpStudy\WWW\thinkPHP3.1.3BJUI\App\Admin\Lib\Action\CommonAction.class.php 第 45 行.
NOTIC: [8] Undefined variable: condition D:\Wamp\phpStudy\WWW\thinkPHP3.1.3BJUI\App\Admin\Lib\Action\CommonAction.class.php 第 48 行.
NOTIC: [8] Undefined index: orderField D:\Wamp\phpStudy\WWW\thinkPHP3.1.3BJUI\App\Admin\Lib\Model\BaseModel.class.php 第 60 行.
NOTIC: [8] Undefined index: pageCurrent D:\Wamp\phpStudy\WWW\thinkPHP3.1.3BJUI\App\Admin\Lib\Model\BaseModel.class.php 第 67 行.
NOTIC: [8] Undefined index: pageSize D:\Wamp\phpStudy\WWW\thinkPHP3.1.3BJUI\App\Admin\Lib\Model\BaseModel.class.php 第 72 行.
SQL: SHOW COLUMNS FROM `ec_process` [ RunTime:0.005682s ]
NOTIC: [8] Undefined index: modelType D:\Wamp\phpStudy\WWW\thinkPHP3.1.3BJUI\App\Admin\Lib\Model\BaseModel.class.php 第 85 行.
SQL: SELECT COUNT(*) AS tp_count FROM `ec_process` WHERE ( `isDel` = 0 ) LIMIT 1   [ RunTime:0.000542s ]
NOTIC: [8] Undefined index: modelType D:\Wamp\phpStudy\WWW\thinkPHP3.1.3BJUI\App\Admin\Lib\Model\BaseModel.class.php 第 92 行.
SQL: SELECT * FROM `ec_process` WHERE ( `isDel` = 0 ) ORDER BY id DESC LIMIT 0,20   [ RunTime:0.000493s ]
NOTIC: [8] Undefined index: search D:\Wamp\phpStudy\WWW\thinkPHP3.1.3BJUI\App\Admin\Lib\Action\CommonAction.class.php 第 35 行.
NOTIC: [8] Undefined index: page D:\Wamp\phpStudy\WWW\thinkPHP3.1.3BJUI\App\Admin\Lib\Action\ProcessAction.class.php 第 28 行.
INFO: [ view_parse ] --START--
NOTIC: [8] Undefined variable: Think D:\Wamp\phpStudy\WWW\thinkPHP3.1.3BJUI\App\Admin\Runtime\Cache\81812c64ba0eaafd9f20c60c2aee6501.php 第 2 行.
NOTIC: [8] Use of undefined constant id - assumed 'id' D:\Wamp\phpStudy\WWW\thinkPHP3.1.3BJUI\App\Admin\Runtime\Cache\81812c64ba0eaafd9f20c60c2aee6501.php 第 36 行.
NOTIC: [8] Use of undefined constant id - assumed 'id' D:\Wamp\phpStudy\WWW\thinkPHP3.1.3BJUI\App\Admin\Runtime\Cache\81812c64ba0eaafd9f20c60c2aee6501.php 第 37 行.
NOTIC: [8] Use of undefined constant status - assumed 'status' D:\Wamp\phpStudy\WWW\thinkPHP3.1.3BJUI\App\Admin\Runtime\Cache\81812c64ba0eaafd9f20c60c2aee6501.php 第 37 行.
NOTIC: [8] Undefined index: status D:\Wamp\phpStudy\WWW\thinkPHP3.1.3BJUI\App\Admin\Runtime\Cache\81812c64ba0eaafd9f20c60c2aee6501.php 第 37 行.
NOTIC: [8] Use of undefined constant status - assumed 'status' D:\Wamp\phpStudy\WWW\thinkPHP3.1.3BJUI\App\Admin\Runtime\Cache\81812c64ba0eaafd9f20c60c2aee6501.php 第 38 行.
NOTIC: [8] Undefined index: status D:\Wamp\phpStudy\WWW\thinkPHP3.1.3BJUI\App\Admin\Runtime\Cache\81812c64ba0eaafd9f20c60c2aee6501.php 第 38 行.
NOTIC: [8] Use of undefined constant status - assumed 'status' D:\Wamp\phpStudy\WWW\thinkPHP3.1.3BJUI\App\Admin\Runtime\Cache\81812c64ba0eaafd9f20c60c2aee6501.php 第 40 行.
NOTIC: [8] Undefined index: status D:\Wamp\phpStudy\WWW\thinkPHP3.1.3BJUI\App\Admin\Runtime\Cache\81812c64ba0eaafd9f20c60c2aee6501.php 第 40 行.
NOTIC: [8] Use of undefined constant id - assumed 'id' D:\Wamp\phpStudy\WWW\thinkPHP3.1.3BJUI\App\Admin\Runtime\Cache\81812c64ba0eaafd9f20c60c2aee6501.php 第 43 行.
NOTIC: [8] Use of undefined constant id - assumed 'id' D:\Wamp\phpStudy\WWW\thinkPHP3.1.3BJUI\App\Admin\Runtime\Cache\81812c64ba0eaafd9f20c60c2aee6501.php 第 36 行.
NOTIC: [8] Use of undefined constant id - assumed 'id' D:\Wamp\phpStudy\WWW\thinkPHP3.1.3BJUI\App\Admin\Runtime\Cache\81812c64ba0eaafd9f20c60c2aee6501.php 第 37 行.
NOTIC: [8] Use of undefined constant status - assumed 'status' D:\Wamp\phpStudy\WWW\thinkPHP3.1.3BJUI\App\Admin\Runtime\Cache\81812c64ba0eaafd9f20c60c2aee6501.php 第 37 行.
NOTIC: [8] Undefined index: status D:\Wamp\phpStudy\WWW\thinkPHP3.1.3BJUI\App\Admin\Runtime\Cache\81812c64ba0eaafd9f20c60c2aee6501.php 第 37 行.
NOTIC: [8] Use of undefined constant status - assumed 'status' D:\Wamp\phpStudy\WWW\thinkPHP3.1.3BJUI\App\Admin\Runtime\Cache\81812c64ba0eaafd9f20c60c2aee6501.php 第 38 行.
NOTIC: [8] Undefined index: status D:\Wamp\phpStudy\WWW\thinkPHP3.1.3BJUI\App\Admin\Runtime\Cache\81812c64ba0eaafd9f20c60c2aee6501.php 第 38 行.
NOTIC: [8] Use of undefined constant status - assumed 'status' D:\Wamp\phpStudy\WWW\thinkPHP3.1.3BJUI\App\Admin\Runtime\Cache\81812c64ba0eaafd9f20c60c2aee6501.php 第 40 行.
NOTIC: [8] Undefined index: status D:\Wamp\phpStudy\WWW\thinkPHP3.1.3BJUI\App\Admin\Runtime\Cache\81812c64ba0eaafd9f20c60c2aee6501.php 第 40 行.
NOTIC: [8] Use of undefined constant id - assumed 'id' D:\Wamp\phpStudy\WWW\thinkPHP3.1.3BJUI\App\Admin\Runtime\Cache\81812c64ba0eaafd9f20c60c2aee6501.php 第 43 行.
NOTIC: [8] Undefined variable: total D:\Wamp\phpStudy\WWW\thinkPHP3.1.3BJUI\App\Admin\Runtime\Cache\81812c64ba0eaafd9f20c60c2aee6501.php 第 63 行.
INFO: ParseTemplate Behavior ::run [ RunTime:0.047872s ]
INFO: [ view_parse ] --END-- [ RunTime:0.048109s ]
INFO: [ view_filter ] --START--
INFO: ContentReplace Behavior ::run [ RunTime:0.001288s ]
INFO: TokenBuild Behavior ::run [ RunTime:0.001280s ]
INFO: WriteHtmlCache Behavior ::run [ RunTime:0.000721s ]
INFO: ShowRuntime Behavior ::run [ RunTime:0.001161s ]
INFO: [ view_filter ] --END-- [ RunTime:0.004817s ]
INFO: [ view_end ] --START--
INFO: ShowPageTrace Behavior ::run [ RunTime:0.001184s ]
INFO: [ view_end ] --END-- [ RunTime:0.001280s ]

[ 2016-05-04T10:07:59+08:00 ] 0.0.0.0 /index.php?m=DataUpload&a=index&processId=13&uploadId=22&_=1462327679538
INFO: [ app_begin ] --START--
INFO: ReadHtmlCache Behavior ::run [ RunTime:0.000842s ]
INFO: [ app_begin ] --END-- [ RunTime:0.000982s ]
SQL: SHOW COLUMNS FROM `ec_dataupload` [ RunTime:0.026754s ]
SQL: SHOW COLUMNS FROM `ec_dataupload` [ RunTime:0.005958s ]
NOTIC: [8] Undefined index: modelType D:\Wamp\phpStudy\WWW\thinkPHP3.1.3BJUI\App\Admin\Lib\Model\BaseModel.class.php 第 230 行.
NOTIC: [8] Undefined index: field D:\Wamp\phpStudy\WWW\thinkPHP3.1.3BJUI\App\Admin\Lib\Model\BaseModel.class.php 第 235 行.
SQL: SELECT * FROM `ec_dataupload` WHERE ( id=22 ) LIMIT 1   [ RunTime:0.000534s ]
NOTIC: [2048] Declaration of DisceneModel::add() should be compatible with that of Model::add() D:\Wamp\phpStudy\WWW\thinkPHP3.1.3BJUI\App\Admin\Lib\Model\DisceneModel.class.php 第 83 行.
SQL: SHOW COLUMNS FROM `ec_discene` [ RunTime:0.005819s ]
NOTIC: [8] Undefined index: orderField D:\Wamp\phpStudy\WWW\thinkPHP3.1.3BJUI\App\Admin\Lib\Model\BaseModel.class.php 第 60 行.
NOTIC: [8] Undefined index: pageCurrent D:\Wamp\phpStudy\WWW\thinkPHP3.1.3BJUI\App\Admin\Lib\Model\BaseModel.class.php 第 67 行.
NOTIC: [8] Undefined index: pageSize D:\Wamp\phpStudy\WWW\thinkPHP3.1.3BJUI\App\Admin\Lib\Model\BaseModel.class.php 第 72 行.
NOTIC: [8] Undefined index: pageSize D:\Wamp\phpStudy\WWW\thinkPHP3.1.3BJUI\App\Admin\Lib\Model\BaseModel.class.php 第 75 行.
SQL: SHOW COLUMNS FROM `ec_discene` [ RunTime:0.005469s ]
NOTIC: [8] Undefined index: modelType D:\Wamp\phpStudy\WWW\thinkPHP3.1.3BJUI\App\Admin\Lib\Model\BaseModel.class.php 第 85 行.
SQL: SELECT COUNT(*) AS tp_count FROM `ec_discene` WHERE ( `dataUploadID` = 22 ) AND ( `isDel` = 0 ) LIMIT 1   [ RunTime:0.000546s ]
NOTIC: [8] Undefined index: modelType D:\Wamp\phpStudy\WWW\thinkPHP3.1.3BJUI\App\Admin\Lib\Model\BaseModel.class.php 第 92 行.
SQL: SELECT * FROM `ec_discene` WHERE ( `dataUploadID` = 22 ) AND ( `isDel` = 0 ) ORDER BY id DESC LIMIT 0,20   [ RunTime:0.000479s ]
INFO: [ view_parse ] --START--
NOTIC: [8] Undefined variable: Think D:\Wamp\phpStudy\WWW\thinkPHP3.1.3BJUI\App\Admin\Runtime\Cache\68c983e7b7ddce8368ecd0d2789e3674.php 第 2 行.
NOTIC: [8] Undefined variable: Think D:\Wamp\phpStudy\WWW\thinkPHP3.1.3BJUI\App\Admin\Runtime\Cache\68c983e7b7ddce8368ecd0d2789e3674.php 第 4 行.
NOTIC: [8] Use of undefined constant projectName - assumed 'projectName' D:\Wamp\phpStudy\WWW\thinkPHP3.1.3BJUI\App\Admin\Runtime\Cache\68c983e7b7ddce8368ecd0d2789e3674.php 第 10 行.
NOTIC: [8] Use of undefined constant id - assumed 'id' D:\Wamp\phpStudy\WWW\thinkPHP3.1.3BJUI\App\Admin\Runtime\Cache\68c983e7b7ddce8368ecd0d2789e3674.php 第 16 行.
NOTIC: [8] Use of undefined constant id - assumed 'id' D:\Wamp\phpStudy\WWW\thinkPHP3.1.3BJUI\App\Admin\Runtime\Cache\68c983e7b7ddce8368ecd0d2789e3674.php 第 39 行.
NOTIC: [8] Use of undefined constant id - assumed 'id' D:\Wamp\phpStudy\WWW\thinkPHP3.1.3BJUI\App\Admin\Runtime\Cache\68c983e7b7ddce8368ecd0d2789e3674.php 第 42 行.
NOTIC: [8] Use of undefined constant id - assumed 'id' D:\Wamp\phpStudy\WWW\thinkPHP3.1.3BJUI\App\Admin\Runtime\Cache\68c983e7b7ddce8368ecd0d2789e3674.php 第 43 行.
NOTIC: [8] Undefined variable: total D:\Wamp\phpStudy\WWW\thinkPHP3.1.3BJUI\App\Admin\Runtime\Cache\68c983e7b7ddce8368ecd0d2789e3674.php 第 63 行.
INFO: ParseTemplate Behavior ::run [ RunTime:0.033184s ]
INFO: [ view_parse ] --END-- [ RunTime:0.033268s ]
INFO: [ view_filter ] --START--
INFO: ContentReplace Behavior ::run [ RunTime:0.000872s ]
INFO: TokenBuild Behavior ::run [ RunTime:0.000688s ]
INFO: WriteHtmlCache Behavior ::run [ RunTime:0.000518s ]
INFO: ShowRuntime Behavior ::run [ RunTime:0.000821s ]
INFO: [ view_filter ] --END-- [ RunTime:0.003144s ]
INFO: [ view_end ] --START--
INFO: ShowPageTrace Behavior ::run [ RunTime:0.001051s ]
INFO: [ view_end ] --END-- [ RunTime:0.001134s ]

[ 2016-05-04T10:08:02+08:00 ] 0.0.0.0 /index.php?m=DataUpload&a=edit&id=3&_=1462327682050
INFO: [ app_begin ] --START--
INFO: ReadHtmlCache Behavior ::run [ RunTime:0.000922s ]
INFO: [ app_begin ] --END-- [ RunTime:0.001054s ]
SQL: SHOW COLUMNS FROM `ec_dataupload` [ RunTime:0.007000s ]
NOTIC: [2048] Declaration of DisceneModel::add() should be compatible with that of Model::add() D:\Wamp\phpStudy\WWW\thinkPHP3.1.3BJUI\App\Admin\Lib\Model\DisceneModel.class.php 第 83 行.
SQL: SHOW COLUMNS FROM `ec_discene` [ RunTime:0.006724s ]
SQL: SHOW COLUMNS FROM `ec_discene` [ RunTime:0.006291s ]
NOTIC: [8] Undefined index: modelType D:\Wamp\phpStudy\WWW\thinkPHP3.1.3BJUI\App\Admin\Lib\Model\BaseModel.class.php 第 230 行.
NOTIC: [8] Undefined index: field D:\Wamp\phpStudy\WWW\thinkPHP3.1.3BJUI\App\Admin\Lib\Model\BaseModel.class.php 第 235 行.
SQL: SELECT * FROM `ec_discene` WHERE ( id=3 ) LIMIT 1   [ RunTime:0.000512s ]
INFO: [ view_parse ] --START--
NOTIC: [8] Undefined variable: Think D:\Wamp\phpStudy\WWW\thinkPHP3.1.3BJUI\App\Admin\Runtime\Cache\006b507c8d1cce7d6389810e0a389ac9.php 第 2 行.
INFO: ParseTemplate Behavior ::run [ RunTime:0.024134s ]
INFO: [ view_parse ] --END-- [ RunTime:0.024318s ]
INFO: [ view_filter ] --START--
INFO: ContentReplace Behavior ::run [ RunTime:0.001883s ]
INFO: TokenBuild Behavior ::run [ RunTime:0.000971s ]
INFO: WriteHtmlCache Behavior ::run [ RunTime:0.001346s ]
INFO: ShowRuntime Behavior ::run [ RunTime:0.001001s ]
INFO: [ view_filter ] --END-- [ RunTime:0.005533s ]
INFO: [ view_end ] --START--
INFO: ShowPageTrace Behavior ::run [ RunTime:0.001180s ]
INFO: [ view_end ] --END-- [ RunTime:0.001274s ]

[ 2016-05-04T10:08:05+08:00 ] 0.0.0.0 /index.php?m=DataUpload&a=add&dataUploadID=22&_=1462327685153
INFO: [ app_begin ] --START--
INFO: ReadHtmlCache Behavior ::run [ RunTime:0.000950s ]
INFO: [ app_begin ] --END-- [ RunTime:0.001080s ]
SQL: SHOW COLUMNS FROM `ec_dataupload` [ RunTime:0.007361s ]
NOTIC: [8] Use of undefined constant dataUploadID - assumed 'dataUploadID' D:\Wamp\phpStudy\WWW\thinkPHP3.1.3BJUI\App\Admin\Lib\Action\DataUploadAction.class.php 第 64 行.
INFO: [ view_parse ] --START--
NOTIC: [8] Undefined variable: Think D:\Wamp\phpStudy\WWW\thinkPHP3.1.3BJUI\App\Admin\Runtime\Cache\006b507c8d1cce7d6389810e0a389ac9.php 第 2 行.
NOTIC: [8] Undefined index: id D:\Wamp\phpStudy\WWW\thinkPHP3.1.3BJUI\App\Admin\Runtime\Cache\006b507c8d1cce7d6389810e0a389ac9.php 第 4 行.
NOTIC: [8] Undefined index: name D:\Wamp\phpStudy\WWW\thinkPHP3.1.3BJUI\App\Admin\Runtime\Cache\006b507c8d1cce7d6389810e0a389ac9.php 第 11 行.
NOTIC: [8] Undefined index: creatingDate D:\Wamp\phpStudy\WWW\thinkPHP3.1.3BJUI\App\Admin\Runtime\Cache\006b507c8d1cce7d6389810e0a389ac9.php 第 19 行.
NOTIC: [8] Undefined index: creatingPer D:\Wamp\phpStudy\WWW\thinkPHP3.1.3BJUI\App\Admin\Runtime\Cache\006b507c8d1cce7d6389810e0a389ac9.php 第 25 行.
NOTIC: [8] Undefined index: desc D:\Wamp\phpStudy\WWW\thinkPHP3.1.3BJUI\App\Admin\Runtime\Cache\006b507c8d1cce7d6389810e0a389ac9.php 第 32 行.
NOTIC: [8] Undefined index: id D:\Wamp\phpStudy\WWW\thinkPHP3.1.3BJUI\App\Admin\Runtime\Cache\006b507c8d1cce7d6389810e0a389ac9.php 第 53 行.
INFO: ParseTemplate Behavior ::run [ RunTime:0.033946s ]
INFO: [ view_parse ] --END-- [ RunTime:0.034048s ]
INFO: [ view_filter ] --START--
INFO: ContentReplace Behavior ::run [ RunTime:0.000928s ]
INFO: TokenBuild Behavior ::run [ RunTime:0.000718s ]
INFO: WriteHtmlCache Behavior ::run [ RunTime:0.000599s ]
INFO: ShowRuntime Behavior ::run [ RunTime:0.001010s ]
INFO: [ view_filter ] --END-- [ RunTime:0.003521s ]
INFO: [ view_end ] --START--
INFO: ShowPageTrace Behavior ::run [ RunTime:0.001675s ]
INFO: [ view_end ] --END-- [ RunTime:0.001803s ]

[ 2016-05-04T10:08:21+08:00 ] 0.0.0.0 /index.php?m=Project&a=index&_=1462327701864
INFO: [ app_begin ] --START--
INFO: ReadHtmlCache Behavior ::run [ RunTime:0.000675s ]
INFO: [ app_begin ] --END-- [ RunTime:0.000771s ]
NOTIC: [2048] Declaration of ProjectModel::add() should be compatible with that of Model::add() D:\Wamp\phpStudy\WWW\thinkPHP3.1.3BJUI\App\Admin\Lib\Model\ProjectModel.class.php 第 9 行.
SQL: SHOW COLUMNS FROM `ec_project` [ RunTime:0.004242s ]
NOTIC: [8] Undefined index: search D:\Wamp\phpStudy\WWW\thinkPHP3.1.3BJUI\App\Admin\Lib\Action\CommonAction.class.php 第 35 行.
NOTIC: [2] Invalid argument supplied for foreach() D:\Wamp\phpStudy\WWW\thinkPHP3.1.3BJUI\App\Admin\Lib\Action\CommonAction.class.php 第 45 行.
NOTIC: [8] Undefined variable: condition D:\Wamp\phpStudy\WWW\thinkPHP3.1.3BJUI\App\Admin\Lib\Action\CommonAction.class.php 第 48 行.
NOTIC: [8] Undefined index: orderField D:\Wamp\phpStudy\WWW\thinkPHP3.1.3BJUI\App\Admin\Lib\Model\BaseModel.class.php 第 60 行.
NOTIC: [8] Undefined index: pageCurrent D:\Wamp\phpStudy\WWW\thinkPHP3.1.3BJUI\App\Admin\Lib\Model\BaseModel.class.php 第 67 行.
NOTIC: [8] Undefined index: pageSize D:\Wamp\phpStudy\WWW\thinkPHP3.1.3BJUI\App\Admin\Lib\Model\BaseModel.class.php 第 72 行.
NOTIC: [8] Undefined index: pageSize D:\Wamp\phpStudy\WWW\thinkPHP3.1.3BJUI\App\Admin\Lib\Model\BaseModel.class.php 第 75 行.
SQL: SHOW COLUMNS FROM `ec_project` [ RunTime:0.005923s ]
NOTIC: [8] Undefined index: modelType D:\Wamp\phpStudy\WWW\thinkPHP3.1.3BJUI\App\Admin\Lib\Model\BaseModel.class.php 第 85 行.
SQL: SELECT COUNT(*) AS tp_count FROM `ec_project` WHERE ( `isDel` = 0 ) LIMIT 1   [ RunTime:0.000606s ]
NOTIC: [8] Undefined index: modelType D:\Wamp\phpStudy\WWW\thinkPHP3.1.3BJUI\App\Admin\Lib\Model\BaseModel.class.php 第 92 行.
SQL: SELECT * FROM `ec_project` WHERE ( `isDel` = 0 ) ORDER BY id DESC LIMIT 0,20   [ RunTime:0.000385s ]
NOTIC: [8] Undefined index: search D:\Wamp\phpStudy\WWW\thinkPHP3.1.3BJUI\App\Admin\Lib\Action\CommonAction.class.php 第 35 行.
NOTIC: [8] Undefined index: page D:\Wamp\phpStudy\WWW\thinkPHP3.1.3BJUI\App\Admin\Lib\Action\ProjectAction.class.php 第 37 行.
INFO: [ view_parse ] --START--
NOTIC: [8] Undefined variable: Think D:\Wamp\phpStudy\WWW\thinkPHP3.1.3BJUI\App\Admin\Runtime\Cache\b849b1a89c673e2990f6a545d6dda1da.php 第 2 行.
NOTIC: [8] Undefined variable: Think D:\Wamp\phpStudy\WWW\thinkPHP3.1.3BJUI\App\Admin\Runtime\Cache\b849b1a89c673e2990f6a545d6dda1da.php 第 4 行.
NOTIC: [8] Use of undefined constant id - assumed 'id' D:\Wamp\phpStudy\WWW\thinkPHP3.1.3BJUI\App\Admin\Runtime\Cache\b849b1a89c673e2990f6a545d6dda1da.php 第 38 行.
NOTIC: [8] Use of undefined constant id - assumed 'id' D:\Wamp\phpStudy\WWW\thinkPHP3.1.3BJUI\App\Admin\Runtime\Cache\b849b1a89c673e2990f6a545d6dda1da.php 第 39 行.
NOTIC: [8] Use of undefined constant status - assumed 'status' D:\Wamp\phpStudy\WWW\thinkPHP3.1.3BJUI\App\Admin\Runtime\Cache\b849b1a89c673e2990f6a545d6dda1da.php 第 39 行.
NOTIC: [8] Use of undefined constant status - assumed 'status' D:\Wamp\phpStudy\WWW\thinkPHP3.1.3BJUI\App\Admin\Runtime\Cache\b849b1a89c673e2990f6a545d6dda1da.php 第 40 行.
NOTIC: [8] Use of undefined constant status - assumed 'status' D:\Wamp\phpStudy\WWW\thinkPHP3.1.3BJUI\App\Admin\Runtime\Cache\b849b1a89c673e2990f6a545d6dda1da.php 第 41 行.
NOTIC: [8] Use of undefined constant id - assumed 'id' D:\Wamp\phpStudy\WWW\thinkPHP3.1.3BJUI\App\Admin\Runtime\Cache\b849b1a89c673e2990f6a545d6dda1da.php 第 43 行.
NOTIC: [8] Use of undefined constant id - assumed 'id' D:\Wamp\phpStudy\WWW\thinkPHP3.1.3BJUI\App\Admin\Runtime\Cache\b849b1a89c673e2990f6a545d6dda1da.php 第 38 行.
NOTIC: [8] Use of undefined constant id - assumed 'id' D:\Wamp\phpStudy\WWW\thinkPHP3.1.3BJUI\App\Admin\Runtime\Cache\b849b1a89c673e2990f6a545d6dda1da.php 第 39 行.
NOTIC: [8] Use of undefined constant status - assumed 'status' D:\Wamp\phpStudy\WWW\thinkPHP3.1.3BJUI\App\Admin\Runtime\Cache\b849b1a89c673e2990f6a545d6dda1da.php 第 39 行.
NOTIC: [8] Use of undefined constant status - assumed 'status' D:\Wamp\phpStudy\WWW\thinkPHP3.1.3BJUI\App\Admin\Runtime\Cache\b849b1a89c673e2990f6a545d6dda1da.php 第 40 行.
NOTIC: [8] Use of undefined constant status - assumed 'status' D:\Wamp\phpStudy\WWW\thinkPHP3.1.3BJUI\App\Admin\Runtime\Cache\b849b1a89c673e2990f6a545d6dda1da.php 第 41 行.
NOTIC: [8] Use of undefined constant id - assumed 'id' D:\Wamp\phpStudy\WWW\thinkPHP3.1.3BJUI\App\Admin\Runtime\Cache\b849b1a89c673e2990f6a545d6dda1da.php 第 43 行.
NOTIC: [8] Use of undefined constant id - assumed 'id' D:\Wamp\phpStudy\WWW\thinkPHP3.1.3BJUI\App\Admin\Runtime\Cache\b849b1a89c673e2990f6a545d6dda1da.php 第 38 行.
NOTIC: [8] Use of undefined constant id - assumed 'id' D:\Wamp\phpStudy\WWW\thinkPHP3.1.3BJUI\App\Admin\Runtime\Cache\b849b1a89c673e2990f6a545d6dda1da.php 第 39 行.
NOTIC: [8] Use of undefined constant status - assumed 'status' D:\Wamp\phpStudy\WWW\thinkPHP3.1.3BJUI\App\Admin\Runtime\Cache\b849b1a89c673e2990f6a545d6dda1da.php 第 39 行.
NOTIC: [8] Use of undefined constant status - assumed 'status' D:\Wamp\phpStudy\WWW\thinkPHP3.1.3BJUI\App\Admin\Runtime\Cache\b849b1a89c673e2990f6a545d6dda1da.php 第 40 行.
NOTIC: [8] Use of undefined constant id - assumed 'id' D:\Wamp\phpStudy\WWW\thinkPHP3.1.3BJUI\App\Admin\Runtime\Cache\b849b1a89c673e2990f6a545d6dda1da.php 第 40 行.
NOTIC: [8] Use of undefined constant id - assumed 'id' D:\Wamp\phpStudy\WWW\thinkPHP3.1.3BJUI\App\Admin\Runtime\Cache\b849b1a89c673e2990f6a545d6dda1da.php 第 43 行.
NOTIC: [8] Undefined variable: total D:\Wamp\phpStudy\WWW\thinkPHP3.1.3BJUI\App\Admin\Runtime\Cache\b849b1a89c673e2990f6a545d6dda1da.php 第 63 行.
INFO: ParseTemplate Behavior ::run [ RunTime:0.023138s ]
INFO: [ view_parse ] --END-- [ RunTime:0.023192s ]
INFO: [ view_filter ] --START--
INFO: ContentReplace Behavior ::run [ RunTime:0.000581s ]
INFO: TokenBuild Behavior ::run [ RunTime:0.000477s ]
INFO: WriteHtmlCache Behavior ::run [ RunTime:0.000365s ]
INFO: ShowRuntime Behavior ::run [ RunTime:0.000685s ]
INFO: [ view_filter ] --END-- [ RunTime:0.002255s ]
INFO: [ view_end ] --START--
INFO: ShowPageTrace Behavior ::run [ RunTime:0.000914s ]
INFO: [ view_end ] --END-- [ RunTime:0.000995s ]

[ 2016-05-04T10:09:04+08:00 ] 0.0.0.0 /index.php?m=Process&a=index&_=1462327744069
INFO: [ app_begin ] --START--
INFO: ReadHtmlCache Behavior ::run [ RunTime:0.000578s ]
INFO: [ app_begin ] --END-- [ RunTime:0.000665s ]
SQL: SHOW COLUMNS FROM `ec_process` [ RunTime:0.007535s ]
NOTIC: [8] Undefined index: search D:\Wamp\phpStudy\WWW\thinkPHP3.1.3BJUI\App\Admin\Lib\Action\CommonAction.class.php 第 35 行.
NOTIC: [2] Invalid argument supplied for foreach() D:\Wamp\phpStudy\WWW\thinkPHP3.1.3BJUI\App\Admin\Lib\Action\CommonAction.class.php 第 45 行.
NOTIC: [8] Undefined variable: condition D:\Wamp\phpStudy\WWW\thinkPHP3.1.3BJUI\App\Admin\Lib\Action\CommonAction.class.php 第 48 行.
NOTIC: [8] Undefined index: orderField D:\Wamp\phpStudy\WWW\thinkPHP3.1.3BJUI\App\Admin\Lib\Model\BaseModel.class.php 第 60 行.
NOTIC: [8] Undefined index: pageCurrent D:\Wamp\phpStudy\WWW\thinkPHP3.1.3BJUI\App\Admin\Lib\Model\BaseModel.class.php 第 67 行.
NOTIC: [8] Undefined index: pageSize D:\Wamp\phpStudy\WWW\thinkPHP3.1.3BJUI\App\Admin\Lib\Model\BaseModel.class.php 第 72 行.
NOTIC: [8] Undefined index: pageSize D:\Wamp\phpStudy\WWW\thinkPHP3.1.3BJUI\App\Admin\Lib\Model\BaseModel.class.php 第 75 行.
SQL: SHOW COLUMNS FROM `ec_process` [ RunTime:0.007620s ]
NOTIC: [8] Undefined index: modelType D:\Wamp\phpStudy\WWW\thinkPHP3.1.3BJUI\App\Admin\Lib\Model\BaseModel.class.php 第 85 行.
SQL: SELECT COUNT(*) AS tp_count FROM `ec_process` WHERE ( `isDel` = 0 ) LIMIT 1   [ RunTime:0.000498s ]
NOTIC: [8] Undefined index: modelType D:\Wamp\phpStudy\WWW\thinkPHP3.1.3BJUI\App\Admin\Lib\Model\BaseModel.class.php 第 92 行.
SQL: SELECT * FROM `ec_process` WHERE ( `isDel` = 0 ) ORDER BY id DESC LIMIT 0,20   [ RunTime:0.000544s ]
NOTIC: [8] Undefined index: search D:\Wamp\phpStudy\WWW\thinkPHP3.1.3BJUI\App\Admin\Lib\Action\CommonAction.class.php 第 35 行.
NOTIC: [8] Undefined index: page D:\Wamp\phpStudy\WWW\thinkPHP3.1.3BJUI\App\Admin\Lib\Action\ProcessAction.class.php 第 28 行.
INFO: [ view_parse ] --START--
NOTIC: [8] Undefined variable: Think D:\Wamp\phpStudy\WWW\thinkPHP3.1.3BJUI\App\Admin\Runtime\Cache\81812c64ba0eaafd9f20c60c2aee6501.php 第 2 行.
NOTIC: [8] Use of undefined constant id - assumed 'id' D:\Wamp\phpStudy\WWW\thinkPHP3.1.3BJUI\App\Admin\Runtime\Cache\81812c64ba0eaafd9f20c60c2aee6501.php 第 36 行.
NOTIC: [8] Use of undefined constant id - assumed 'id' D:\Wamp\phpStudy\WWW\thinkPHP3.1.3BJUI\App\Admin\Runtime\Cache\81812c64ba0eaafd9f20c60c2aee6501.php 第 37 行.
NOTIC: [8] Use of undefined constant status - assumed 'status' D:\Wamp\phpStudy\WWW\thinkPHP3.1.3BJUI\App\Admin\Runtime\Cache\81812c64ba0eaafd9f20c60c2aee6501.php 第 37 行.
NOTIC: [8] Undefined index: status D:\Wamp\phpStudy\WWW\thinkPHP3.1.3BJUI\App\Admin\Runtime\Cache\81812c64ba0eaafd9f20c60c2aee6501.php 第 37 行.
NOTIC: [8] Use of undefined constant status - assumed 'status' D:\Wamp\phpStudy\WWW\thinkPHP3.1.3BJUI\App\Admin\Runtime\Cache\81812c64ba0eaafd9f20c60c2aee6501.php 第 38 行.
NOTIC: [8] Undefined index: status D:\Wamp\phpStudy\WWW\thinkPHP3.1.3BJUI\App\Admin\Runtime\Cache\81812c64ba0eaafd9f20c60c2aee6501.php 第 38 行.
NOTIC: [8] Use of undefined constant status - assumed 'status' D:\Wamp\phpStudy\WWW\thinkPHP3.1.3BJUI\App\Admin\Runtime\Cache\81812c64ba0eaafd9f20c60c2aee6501.php 第 40 行.
NOTIC: [8] Undefined index: status D:\Wamp\phpStudy\WWW\thinkPHP3.1.3BJUI\App\Admin\Runtime\Cache\81812c64ba0eaafd9f20c60c2aee6501.php 第 40 行.
NOTIC: [8] Use of undefined constant id - assumed 'id' D:\Wamp\phpStudy\WWW\thinkPHP3.1.3BJUI\App\Admin\Runtime\Cache\81812c64ba0eaafd9f20c60c2aee6501.php 第 43 行.
NOTIC: [8] Use of undefined constant id - assumed 'id' D:\Wamp\phpStudy\WWW\thinkPHP3.1.3BJUI\App\Admin\Runtime\Cache\81812c64ba0eaafd9f20c60c2aee6501.php 第 36 行.
NOTIC: [8] Use of undefined constant id - assumed 'id' D:\Wamp\phpStudy\WWW\thinkPHP3.1.3BJUI\App\Admin\Runtime\Cache\81812c64ba0eaafd9f20c60c2aee6501.php 第 37 行.
NOTIC: [8] Use of undefined constant status - assumed 'status' D:\Wamp\phpStudy\WWW\thinkPHP3.1.3BJUI\App\Admin\Runtime\Cache\81812c64ba0eaafd9f20c60c2aee6501.php 第 37 行.
NOTIC: [8] Undefined index: status D:\Wamp\phpStudy\WWW\thinkPHP3.1.3BJUI\App\Admin\Runtime\Cache\81812c64ba0eaafd9f20c60c2aee6501.php 第 37 行.
NOTIC: [8] Use of undefined constant status - assumed 'status' D:\Wamp\phpStudy\WWW\thinkPHP3.1.3BJUI\App\Admin\Runtime\Cache\81812c64ba0eaafd9f20c60c2aee6501.php 第 38 行.
NOTIC: [8] Undefined index: status D:\Wamp\phpStudy\WWW\thinkPHP3.1.3BJUI\App\Admin\Runtime\Cache\81812c64ba0eaafd9f20c60c2aee6501.php 第 38 行.
NOTIC: [8] Use of undefined constant status - assumed 'status' D:\Wamp\phpStudy\WWW\thinkPHP3.1.3BJUI\App\Admin\Runtime\Cache\81812c64ba0eaafd9f20c60c2aee6501.php 第 40 行.
NOTIC: [8] Undefined index: status D:\Wamp\phpStudy\WWW\thinkPHP3.1.3BJUI\App\Admin\Runtime\Cache\81812c64ba0eaafd9f20c60c2aee6501.php 第 40 行.
NOTIC: [8] Use of undefined constant id - assumed 'id' D:\Wamp\phpStudy\WWW\thinkPHP3.1.3BJUI\App\Admin\Runtime\Cache\81812c64ba0eaafd9f20c60c2aee6501.php 第 43 行.
NOTIC: [8] Undefined variable: total D:\Wamp\phpStudy\WWW\thinkPHP3.1.3BJUI\App\Admin\Runtime\Cache\81812c64ba0eaafd9f20c60c2aee6501.php 第 63 行.
INFO: ParseTemplate Behavior ::run [ RunTime:0.020431s ]
INFO: [ view_parse ] --END-- [ RunTime:0.020561s ]
INFO: [ view_filter ] --START--
INFO: ContentReplace Behavior ::run [ RunTime:0.000976s ]
INFO: TokenBuild Behavior ::run [ RunTime:0.000703s ]
INFO: WriteHtmlCache Behavior ::run [ RunTime:0.000622s ]
INFO: ShowRuntime Behavior ::run [ RunTime:0.000873s ]
INFO: [ view_filter ] --END-- [ RunTime:0.003436s ]
INFO: [ view_end ] --START--
INFO: ShowPageTrace Behavior ::run [ RunTime:0.000826s ]
INFO: [ view_end ] --END-- [ RunTime:0.000873s ]

[ 2016-05-04T10:09:07+08:00 ] 0.0.0.0 /index.php?m=DataUpload&a=upload&id=3&_=1462327747073
INFO: [ app_begin ] --START--
INFO: ReadHtmlCache Behavior ::run [ RunTime:0.001128s ]
INFO: [ app_begin ] --END-- [ RunTime:0.001280s ]
SQL: SHOW COLUMNS FROM `ec_dataupload` [ RunTime:0.006511s ]
INFO: [ view_parse ] --START--
INFO: ParseTemplate Behavior ::run [ RunTime:0.006358s ]
INFO: [ view_parse ] --END-- [ RunTime:0.006492s ]
INFO: [ view_filter ] --START--
INFO: ContentReplace Behavior ::run [ RunTime:0.000611s ]
INFO: TokenBuild Behavior ::run [ RunTime:0.000483s ]
INFO: WriteHtmlCache Behavior ::run [ RunTime:0.000349s ]
INFO: ShowRuntime Behavior ::run [ RunTime:0.000660s ]
INFO: [ view_filter ] --END-- [ RunTime:0.002268s ]
INFO: [ view_end ] --START--
INFO: ShowPageTrace Behavior ::run [ RunTime:0.000747s ]
INFO: [ view_end ] --END-- [ RunTime:0.000795s ]

