[ 2016-04-25T00:00:00+08:00 ] 0.0.0.0 /index.php?m=Index&a=lineChart
INFO: [ app_begin ] --START--
INFO: ReadHtmlCache Behavior ::run [ RunTime:0.001394s ]
INFO: [ app_begin ] --END-- [ RunTime:0.001578s ]
ERR: 非法操作:lineChart

[ 2016-04-25T00:00:00+08:00 ] 0.0.0.0 /index.php?m=Index&a=barChart
INFO: [ app_begin ] --START--
INFO: ReadHtmlCache Behavior ::run [ RunTime:0.000945s ]
INFO: [ app_begin ] --END-- [ RunTime:0.001047s ]
ERR: 非法操作:barChart

[ 2016-04-25T00:01:08+08:00 ] 0.0.0.0 /index.php?m=Public&a=index
INFO: [ app_begin ] --START--
INFO: ReadHtmlCache Behavior ::run [ RunTime:0.000547s ]
INFO: [ app_begin ] --END-- [ RunTime:0.000643s ]

[ 2016-04-25T00:01:08+08:00 ] 0.0.0.0 /index.php?m=Index&a=index
INFO: [ app_begin ] --START--
INFO: ReadHtmlCache Behavior ::run [ RunTime:0.000925s ]
INFO: [ app_begin ] --END-- [ RunTime:0.001052s ]
NOTIC: [2048] Non-static method CommonModel::leftMenu() should not be called statically, assuming $this from incompatible context D:\Wamp\phpStudy\WWW\thinkPHP3.1.3BJUI\App\Admin\Lib\Action\IndexAction.class.php 第 12 行.
SQL: SHOW COLUMNS FROM `ec_leftmenu` [ RunTime:0.005041s ]
SQL: SELECT `id`,`level`,`name` FROM `ec_leftmenu` WHERE ( `pid` = 0 ) AND ( `status` = 1 ) ORDER BY oid ASC  [ RunTime:0.000647s ]
SQL: SELECT * FROM `ec_leftmenu` WHERE ( `status` = 1 ) AND ( `id` <> '2' ) AND ( `level` = 2 ) ORDER BY oid ASC  [ RunTime:0.000683s ]
SQL: SELECT * FROM `ec_leftmenu` WHERE ( `status` = 1 ) AND ( `id` <> '10' ) AND ( `level` = 10 ) ORDER BY oid ASC  [ RunTime:0.000837s ]
SQL: SELECT * FROM `ec_leftmenu` WHERE ( `status` = 1 ) AND ( `id` <> '12' ) AND ( `level` = 12 ) ORDER BY oid ASC  [ RunTime:0.000694s ]
SQL: SELECT * FROM `ec_leftmenu` WHERE ( `status` = 1 ) AND ( `id` <> '3' ) AND ( `level` = 3 ) ORDER BY oid ASC  [ RunTime:0.000727s ]
INFO: [ view_parse ] --START--
NOTIC: [8] Use of undefined constant url - assumed 'url' D:\Wamp\phpStudy\WWW\thinkPHP3.1.3BJUI\App\Admin\Runtime\Cache\df851ced4f193dbbfe76d5cc69e57830.php 第 275 行.
NOTIC: [8] Use of undefined constant url - assumed 'url' D:\Wamp\phpStudy\WWW\thinkPHP3.1.3BJUI\App\Admin\Runtime\Cache\df851ced4f193dbbfe76d5cc69e57830.php 第 275 行.
NOTIC: [8] Use of undefined constant url - assumed 'url' D:\Wamp\phpStudy\WWW\thinkPHP3.1.3BJUI\App\Admin\Runtime\Cache\df851ced4f193dbbfe76d5cc69e57830.php 第 275 行.
NOTIC: [8] Use of undefined constant url - assumed 'url' D:\Wamp\phpStudy\WWW\thinkPHP3.1.3BJUI\App\Admin\Runtime\Cache\df851ced4f193dbbfe76d5cc69e57830.php 第 275 行.
NOTIC: [8] Use of undefined constant url - assumed 'url' D:\Wamp\phpStudy\WWW\thinkPHP3.1.3BJUI\App\Admin\Runtime\Cache\df851ced4f193dbbfe76d5cc69e57830.php 第 275 行.
NOTIC: [8] Use of undefined constant url - assumed 'url' D:\Wamp\phpStudy\WWW\thinkPHP3.1.3BJUI\App\Admin\Runtime\Cache\df851ced4f193dbbfe76d5cc69e57830.php 第 275 行.
NOTIC: [8] Use of undefined constant url - assumed 'url' D:\Wamp\phpStudy\WWW\thinkPHP3.1.3BJUI\App\Admin\Runtime\Cache\df851ced4f193dbbfe76d5cc69e57830.php 第 275 行.
NOTIC: [8] Use of undefined constant url - assumed 'url' D:\Wamp\phpStudy\WWW\thinkPHP3.1.3BJUI\App\Admin\Runtime\Cache\df851ced4f193dbbfe76d5cc69e57830.php 第 275 行.
NOTIC: [8] Use of undefined constant url - assumed 'url' D:\Wamp\phpStudy\WWW\thinkPHP3.1.3BJUI\App\Admin\Runtime\Cache\df851ced4f193dbbfe76d5cc69e57830.php 第 275 行.
NOTIC: [8] Use of undefined constant url - assumed 'url' D:\Wamp\phpStudy\WWW\thinkPHP3.1.3BJUI\App\Admin\Runtime\Cache\df851ced4f193dbbfe76d5cc69e57830.php 第 275 行.
NOTIC: [8] Use of undefined constant url - assumed 'url' D:\Wamp\phpStudy\WWW\thinkPHP3.1.3BJUI\App\Admin\Runtime\Cache\df851ced4f193dbbfe76d5cc69e57830.php 第 275 行.
NOTIC: [8] Use of undefined constant url - assumed 'url' D:\Wamp\phpStudy\WWW\thinkPHP3.1.3BJUI\App\Admin\Runtime\Cache\df851ced4f193dbbfe76d5cc69e57830.php 第 275 行.
NOTIC: [8] Use of undefined constant url - assumed 'url' D:\Wamp\phpStudy\WWW\thinkPHP3.1.3BJUI\App\Admin\Runtime\Cache\df851ced4f193dbbfe76d5cc69e57830.php 第 275 行.
INFO: ParseTemplate Behavior ::run [ RunTime:0.040500s ]
INFO: [ view_parse ] --END-- [ RunTime:0.040615s ]
INFO: [ view_filter ] --START--
INFO: ContentReplace Behavior ::run [ RunTime:0.001263s ]
INFO: TokenBuild Behavior ::run [ RunTime:0.001037s ]
INFO: WriteHtmlCache Behavior ::run [ RunTime:0.004146s ]
INFO: ShowRuntime Behavior ::run [ RunTime:0.002012s ]
INFO: [ view_filter ] --END-- [ RunTime:0.008783s ]
INFO: [ view_end ] --START--
INFO: ShowPageTrace Behavior ::run [ RunTime:0.002414s ]
INFO: [ view_end ] --END-- [ RunTime:0.002561s ]

[ 2016-04-25T00:01:09+08:00 ] 0.0.0.0 /index.php?m=Index&a=lineChart
INFO: [ app_begin ] --START--
INFO: ReadHtmlCache Behavior ::run [ RunTime:0.000824s ]
INFO: [ app_begin ] --END-- [ RunTime:0.000935s ]
ERR: 非法操作:lineChart

[ 2016-04-25T00:01:09+08:00 ] 0.0.0.0 /index.php?m=Index&a=barChart
INFO: [ app_begin ] --START--
INFO: ReadHtmlCache Behavior ::run [ RunTime:0.000877s ]
INFO: [ app_begin ] --END-- [ RunTime:0.001012s ]
ERR: 非法操作:barChart

[ 2016-04-25T00:01:11+08:00 ] 0.0.0.0 /index.php?m=Public&a=loginOut
INFO: [ app_begin ] --START--
INFO: ReadHtmlCache Behavior ::run [ RunTime:0.000587s ]
INFO: [ app_begin ] --END-- [ RunTime:0.000679s ]

[ 2016-04-25T00:01:11+08:00 ] 0.0.0.0 /index.php?m=Index&a=index
INFO: [ app_begin ] --START--
INFO: ReadHtmlCache Behavior ::run [ RunTime:0.000580s ]
INFO: [ app_begin ] --END-- [ RunTime:0.000656s ]
NOTIC: [2048] Non-static method CommonModel::leftMenu() should not be called statically, assuming $this from incompatible context D:\Wamp\phpStudy\WWW\thinkPHP3.1.3BJUI\App\Admin\Lib\Action\IndexAction.class.php 第 12 行.
SQL: SHOW COLUMNS FROM `ec_leftmenu` [ RunTime:0.003477s ]
SQL: SELECT `id`,`level`,`name` FROM `ec_leftmenu` WHERE ( `pid` = 0 ) AND ( `status` = 1 ) ORDER BY oid ASC  [ RunTime:0.000570s ]
SQL: SELECT * FROM `ec_leftmenu` WHERE ( `status` = 1 ) AND ( `id` <> '2' ) AND ( `level` = 2 ) ORDER BY oid ASC  [ RunTime:0.000433s ]
SQL: SELECT * FROM `ec_leftmenu` WHERE ( `status` = 1 ) AND ( `id` <> '10' ) AND ( `level` = 10 ) ORDER BY oid ASC  [ RunTime:0.000449s ]
SQL: SELECT * FROM `ec_leftmenu` WHERE ( `status` = 1 ) AND ( `id` <> '12' ) AND ( `level` = 12 ) ORDER BY oid ASC  [ RunTime:0.000496s ]
SQL: SELECT * FROM `ec_leftmenu` WHERE ( `status` = 1 ) AND ( `id` <> '3' ) AND ( `level` = 3 ) ORDER BY oid ASC  [ RunTime:0.000407s ]
INFO: [ view_parse ] --START--
NOTIC: [8] Use of undefined constant url - assumed 'url' D:\Wamp\phpStudy\WWW\thinkPHP3.1.3BJUI\App\Admin\Runtime\Cache\df851ced4f193dbbfe76d5cc69e57830.php 第 275 行.
NOTIC: [8] Use of undefined constant url - assumed 'url' D:\Wamp\phpStudy\WWW\thinkPHP3.1.3BJUI\App\Admin\Runtime\Cache\df851ced4f193dbbfe76d5cc69e57830.php 第 275 行.
NOTIC: [8] Use of undefined constant url - assumed 'url' D:\Wamp\phpStudy\WWW\thinkPHP3.1.3BJUI\App\Admin\Runtime\Cache\df851ced4f193dbbfe76d5cc69e57830.php 第 275 行.
NOTIC: [8] Use of undefined constant url - assumed 'url' D:\Wamp\phpStudy\WWW\thinkPHP3.1.3BJUI\App\Admin\Runtime\Cache\df851ced4f193dbbfe76d5cc69e57830.php 第 275 行.
NOTIC: [8] Use of undefined constant url - assumed 'url' D:\Wamp\phpStudy\WWW\thinkPHP3.1.3BJUI\App\Admin\Runtime\Cache\df851ced4f193dbbfe76d5cc69e57830.php 第 275 行.
NOTIC: [8] Use of undefined constant url - assumed 'url' D:\Wamp\phpStudy\WWW\thinkPHP3.1.3BJUI\App\Admin\Runtime\Cache\df851ced4f193dbbfe76d5cc69e57830.php 第 275 行.
NOTIC: [8] Use of undefined constant url - assumed 'url' D:\Wamp\phpStudy\WWW\thinkPHP3.1.3BJUI\App\Admin\Runtime\Cache\df851ced4f193dbbfe76d5cc69e57830.php 第 275 行.
NOTIC: [8] Use of undefined constant url - assumed 'url' D:\Wamp\phpStudy\WWW\thinkPHP3.1.3BJUI\App\Admin\Runtime\Cache\df851ced4f193dbbfe76d5cc69e57830.php 第 275 行.
NOTIC: [8] Use of undefined constant url - assumed 'url' D:\Wamp\phpStudy\WWW\thinkPHP3.1.3BJUI\App\Admin\Runtime\Cache\df851ced4f193dbbfe76d5cc69e57830.php 第 275 行.
NOTIC: [8] Use of undefined constant url - assumed 'url' D:\Wamp\phpStudy\WWW\thinkPHP3.1.3BJUI\App\Admin\Runtime\Cache\df851ced4f193dbbfe76d5cc69e57830.php 第 275 行.
NOTIC: [8] Use of undefined constant url - assumed 'url' D:\Wamp\phpStudy\WWW\thinkPHP3.1.3BJUI\App\Admin\Runtime\Cache\df851ced4f193dbbfe76d5cc69e57830.php 第 275 行.
NOTIC: [8] Use of undefined constant url - assumed 'url' D:\Wamp\phpStudy\WWW\thinkPHP3.1.3BJUI\App\Admin\Runtime\Cache\df851ced4f193dbbfe76d5cc69e57830.php 第 275 行.
NOTIC: [8] Use of undefined constant url - assumed 'url' D:\Wamp\phpStudy\WWW\thinkPHP3.1.3BJUI\App\Admin\Runtime\Cache\df851ced4f193dbbfe76d5cc69e57830.php 第 275 行.
INFO: ParseTemplate Behavior ::run [ RunTime:0.016278s ]
INFO: [ view_parse ] --END-- [ RunTime:0.016343s ]
INFO: [ view_filter ] --START--
INFO: ContentReplace Behavior ::run [ RunTime:0.000720s ]
INFO: TokenBuild Behavior ::run [ RunTime:0.000491s ]
INFO: WriteHtmlCache Behavior ::run [ RunTime:0.000500s ]
INFO: ShowRuntime Behavior ::run [ RunTime:0.000842s ]
INFO: [ view_filter ] --END-- [ RunTime:0.002747s ]
INFO: [ view_end ] --START--
INFO: ShowPageTrace Behavior ::run [ RunTime:0.001415s ]
INFO: [ view_end ] --END-- [ RunTime:0.001537s ]

[ 2016-04-25T00:01:11+08:00 ] 0.0.0.0 /index.php?m=Index&a=lineChart
INFO: [ app_begin ] --START--
INFO: ReadHtmlCache Behavior ::run [ RunTime:0.000983s ]
INFO: [ app_begin ] --END-- [ RunTime:0.001166s ]
ERR: 非法操作:lineChart

[ 2016-04-25T00:01:11+08:00 ] 0.0.0.0 /index.php?m=Index&a=barChart
INFO: [ app_begin ] --START--
INFO: ReadHtmlCache Behavior ::run [ RunTime:0.000891s ]
INFO: [ app_begin ] --END-- [ RunTime:0.001030s ]
ERR: 非法操作:barChart

[ 2016-04-25T00:01:13+08:00 ] 0.0.0.0 /index.php?m=Public&a=loginOut
INFO: [ app_begin ] --START--
INFO: ReadHtmlCache Behavior ::run [ RunTime:0.000880s ]
INFO: [ app_begin ] --END-- [ RunTime:0.000998s ]

[ 2016-04-25T00:01:13+08:00 ] 0.0.0.0 /index.php?m=Index&a=index
INFO: [ app_begin ] --START--
INFO: ReadHtmlCache Behavior ::run [ RunTime:0.000566s ]
INFO: [ app_begin ] --END-- [ RunTime:0.000690s ]
NOTIC: [2048] Non-static method CommonModel::leftMenu() should not be called statically, assuming $this from incompatible context D:\Wamp\phpStudy\WWW\thinkPHP3.1.3BJUI\App\Admin\Lib\Action\IndexAction.class.php 第 12 行.
SQL: SHOW COLUMNS FROM `ec_leftmenu` [ RunTime:0.003446s ]
SQL: SELECT `id`,`level`,`name` FROM `ec_leftmenu` WHERE ( `pid` = 0 ) AND ( `status` = 1 ) ORDER BY oid ASC  [ RunTime:0.000395s ]
SQL: SELECT * FROM `ec_leftmenu` WHERE ( `status` = 1 ) AND ( `id` <> '2' ) AND ( `level` = 2 ) ORDER BY oid ASC  [ RunTime:0.000455s ]
SQL: SELECT * FROM `ec_leftmenu` WHERE ( `status` = 1 ) AND ( `id` <> '10' ) AND ( `level` = 10 ) ORDER BY oid ASC  [ RunTime:0.000519s ]
SQL: SELECT * FROM `ec_leftmenu` WHERE ( `status` = 1 ) AND ( `id` <> '12' ) AND ( `level` = 12 ) ORDER BY oid ASC  [ RunTime:0.000461s ]
SQL: SELECT * FROM `ec_leftmenu` WHERE ( `status` = 1 ) AND ( `id` <> '3' ) AND ( `level` = 3 ) ORDER BY oid ASC  [ RunTime:0.000453s ]
INFO: [ view_parse ] --START--
NOTIC: [8] Use of undefined constant url - assumed 'url' D:\Wamp\phpStudy\WWW\thinkPHP3.1.3BJUI\App\Admin\Runtime\Cache\df851ced4f193dbbfe76d5cc69e57830.php 第 275 行.
NOTIC: [8] Use of undefined constant url - assumed 'url' D:\Wamp\phpStudy\WWW\thinkPHP3.1.3BJUI\App\Admin\Runtime\Cache\df851ced4f193dbbfe76d5cc69e57830.php 第 275 行.
NOTIC: [8] Use of undefined constant url - assumed 'url' D:\Wamp\phpStudy\WWW\thinkPHP3.1.3BJUI\App\Admin\Runtime\Cache\df851ced4f193dbbfe76d5cc69e57830.php 第 275 行.
NOTIC: [8] Use of undefined constant url - assumed 'url' D:\Wamp\phpStudy\WWW\thinkPHP3.1.3BJUI\App\Admin\Runtime\Cache\df851ced4f193dbbfe76d5cc69e57830.php 第 275 行.
NOTIC: [8] Use of undefined constant url - assumed 'url' D:\Wamp\phpStudy\WWW\thinkPHP3.1.3BJUI\App\Admin\Runtime\Cache\df851ced4f193dbbfe76d5cc69e57830.php 第 275 行.
NOTIC: [8] Use of undefined constant url - assumed 'url' D:\Wamp\phpStudy\WWW\thinkPHP3.1.3BJUI\App\Admin\Runtime\Cache\df851ced4f193dbbfe76d5cc69e57830.php 第 275 行.
NOTIC: [8] Use of undefined constant url - assumed 'url' D:\Wamp\phpStudy\WWW\thinkPHP3.1.3BJUI\App\Admin\Runtime\Cache\df851ced4f193dbbfe76d5cc69e57830.php 第 275 行.
NOTIC: [8] Use of undefined constant url - assumed 'url' D:\Wamp\phpStudy\WWW\thinkPHP3.1.3BJUI\App\Admin\Runtime\Cache\df851ced4f193dbbfe76d5cc69e57830.php 第 275 行.
NOTIC: [8] Use of undefined constant url - assumed 'url' D:\Wamp\phpStudy\WWW\thinkPHP3.1.3BJUI\App\Admin\Runtime\Cache\df851ced4f193dbbfe76d5cc69e57830.php 第 275 行.
NOTIC: [8] Use of undefined constant url - assumed 'url' D:\Wamp\phpStudy\WWW\thinkPHP3.1.3BJUI\App\Admin\Runtime\Cache\df851ced4f193dbbfe76d5cc69e57830.php 第 275 行.
NOTIC: [8] Use of undefined constant url - assumed 'url' D:\Wamp\phpStudy\WWW\thinkPHP3.1.3BJUI\App\Admin\Runtime\Cache\df851ced4f193dbbfe76d5cc69e57830.php 第 275 行.
NOTIC: [8] Use of undefined constant url - assumed 'url' D:\Wamp\phpStudy\WWW\thinkPHP3.1.3BJUI\App\Admin\Runtime\Cache\df851ced4f193dbbfe76d5cc69e57830.php 第 275 行.
NOTIC: [8] Use of undefined constant url - assumed 'url' D:\Wamp\phpStudy\WWW\thinkPHP3.1.3BJUI\App\Admin\Runtime\Cache\df851ced4f193dbbfe76d5cc69e57830.php 第 275 行.
INFO: ParseTemplate Behavior ::run [ RunTime:0.017217s ]
INFO: [ view_parse ] --END-- [ RunTime:0.017282s ]
INFO: [ view_filter ] --START--
INFO: ContentReplace Behavior ::run [ RunTime:0.001142s ]
INFO: TokenBuild Behavior ::run [ RunTime:0.000647s ]
INFO: WriteHtmlCache Behavior ::run [ RunTime:0.000564s ]
INFO: ShowRuntime Behavior ::run [ RunTime:0.001141s ]
INFO: [ view_filter ] --END-- [ RunTime:0.003691s ]
INFO: [ view_end ] --START--
INFO: ShowPageTrace Behavior ::run [ RunTime:0.000897s ]
INFO: [ view_end ] --END-- [ RunTime:0.000983s ]

[ 2016-04-25T00:01:13+08:00 ] 0.0.0.0 /index.php?m=Index&a=lineChart
INFO: [ app_begin ] --START--
INFO: ReadHtmlCache Behavior ::run [ RunTime:0.000884s ]
INFO: [ app_begin ] --END-- [ RunTime:0.001029s ]
ERR: 非法操作:lineChart

[ 2016-04-25T00:01:13+08:00 ] 0.0.0.0 /index.php?m=Index&a=barChart
INFO: [ app_begin ] --START--
INFO: ReadHtmlCache Behavior ::run [ RunTime:0.001196s ]
INFO: [ app_begin ] --END-- [ RunTime:0.001421s ]
ERR: 非法操作:barChart

[ 2016-04-25T00:01:14+08:00 ] 0.0.0.0 /index.php?m=Public&a=loginOut
INFO: [ app_begin ] --START--
INFO: ReadHtmlCache Behavior ::run [ RunTime:0.000607s ]
INFO: [ app_begin ] --END-- [ RunTime:0.000703s ]

[ 2016-04-25T00:01:14+08:00 ] 0.0.0.0 /index.php?m=Index&a=index
INFO: [ app_begin ] --START--
INFO: ReadHtmlCache Behavior ::run [ RunTime:0.000633s ]
INFO: [ app_begin ] --END-- [ RunTime:0.000716s ]
NOTIC: [2048] Non-static method CommonModel::leftMenu() should not be called statically, assuming $this from incompatible context D:\Wamp\phpStudy\WWW\thinkPHP3.1.3BJUI\App\Admin\Lib\Action\IndexAction.class.php 第 12 行.
SQL: SHOW COLUMNS FROM `ec_leftmenu` [ RunTime:0.004122s ]
SQL: SELECT `id`,`level`,`name` FROM `ec_leftmenu` WHERE ( `pid` = 0 ) AND ( `status` = 1 ) ORDER BY oid ASC  [ RunTime:0.000411s ]
SQL: SELECT * FROM `ec_leftmenu` WHERE ( `status` = 1 ) AND ( `id` <> '2' ) AND ( `level` = 2 ) ORDER BY oid ASC  [ RunTime:0.000403s ]
SQL: SELECT * FROM `ec_leftmenu` WHERE ( `status` = 1 ) AND ( `id` <> '10' ) AND ( `level` = 10 ) ORDER BY oid ASC  [ RunTime:0.000437s ]
SQL: SELECT * FROM `ec_leftmenu` WHERE ( `status` = 1 ) AND ( `id` <> '12' ) AND ( `level` = 12 ) ORDER BY oid ASC  [ RunTime:0.000440s ]
SQL: SELECT * FROM `ec_leftmenu` WHERE ( `status` = 1 ) AND ( `id` <> '3' ) AND ( `level` = 3 ) ORDER BY oid ASC  [ RunTime:0.000412s ]
INFO: [ view_parse ] --START--
NOTIC: [8] Use of undefined constant url - assumed 'url' D:\Wamp\phpStudy\WWW\thinkPHP3.1.3BJUI\App\Admin\Runtime\Cache\df851ced4f193dbbfe76d5cc69e57830.php 第 275 行.
NOTIC: [8] Use of undefined constant url - assumed 'url' D:\Wamp\phpStudy\WWW\thinkPHP3.1.3BJUI\App\Admin\Runtime\Cache\df851ced4f193dbbfe76d5cc69e57830.php 第 275 行.
NOTIC: [8] Use of undefined constant url - assumed 'url' D:\Wamp\phpStudy\WWW\thinkPHP3.1.3BJUI\App\Admin\Runtime\Cache\df851ced4f193dbbfe76d5cc69e57830.php 第 275 行.
NOTIC: [8] Use of undefined constant url - assumed 'url' D:\Wamp\phpStudy\WWW\thinkPHP3.1.3BJUI\App\Admin\Runtime\Cache\df851ced4f193dbbfe76d5cc69e57830.php 第 275 行.
NOTIC: [8] Use of undefined constant url - assumed 'url' D:\Wamp\phpStudy\WWW\thinkPHP3.1.3BJUI\App\Admin\Runtime\Cache\df851ced4f193dbbfe76d5cc69e57830.php 第 275 行.
NOTIC: [8] Use of undefined constant url - assumed 'url' D:\Wamp\phpStudy\WWW\thinkPHP3.1.3BJUI\App\Admin\Runtime\Cache\df851ced4f193dbbfe76d5cc69e57830.php 第 275 行.
NOTIC: [8] Use of undefined constant url - assumed 'url' D:\Wamp\phpStudy\WWW\thinkPHP3.1.3BJUI\App\Admin\Runtime\Cache\df851ced4f193dbbfe76d5cc69e57830.php 第 275 行.
NOTIC: [8] Use of undefined constant url - assumed 'url' D:\Wamp\phpStudy\WWW\thinkPHP3.1.3BJUI\App\Admin\Runtime\Cache\df851ced4f193dbbfe76d5cc69e57830.php 第 275 行.
NOTIC: [8] Use of undefined constant url - assumed 'url' D:\Wamp\phpStudy\WWW\thinkPHP3.1.3BJUI\App\Admin\Runtime\Cache\df851ced4f193dbbfe76d5cc69e57830.php 第 275 行.
NOTIC: [8] Use of undefined constant url - assumed 'url' D:\Wamp\phpStudy\WWW\thinkPHP3.1.3BJUI\App\Admin\Runtime\Cache\df851ced4f193dbbfe76d5cc69e57830.php 第 275 行.
NOTIC: [8] Use of undefined constant url - assumed 'url' D:\Wamp\phpStudy\WWW\thinkPHP3.1.3BJUI\App\Admin\Runtime\Cache\df851ced4f193dbbfe76d5cc69e57830.php 第 275 行.
NOTIC: [8] Use of undefined constant url - assumed 'url' D:\Wamp\phpStudy\WWW\thinkPHP3.1.3BJUI\App\Admin\Runtime\Cache\df851ced4f193dbbfe76d5cc69e57830.php 第 275 行.
NOTIC: [8] Use of undefined constant url - assumed 'url' D:\Wamp\phpStudy\WWW\thinkPHP3.1.3BJUI\App\Admin\Runtime\Cache\df851ced4f193dbbfe76d5cc69e57830.php 第 275 行.
INFO: ParseTemplate Behavior ::run [ RunTime:0.017036s ]
INFO: [ view_parse ] --END-- [ RunTime:0.017107s ]
INFO: [ view_filter ] --START--
INFO: ContentReplace Behavior ::run [ RunTime:0.000667s ]
INFO: TokenBuild Behavior ::run [ RunTime:0.000537s ]
INFO: WriteHtmlCache Behavior ::run [ RunTime:0.000753s ]
INFO: ShowRuntime Behavior ::run [ RunTime:0.000978s ]
INFO: [ view_filter ] --END-- [ RunTime:0.003157s ]
INFO: [ view_end ] --START--
INFO: ShowPageTrace Behavior ::run [ RunTime:0.000912s ]
INFO: [ view_end ] --END-- [ RunTime:0.001023s ]

[ 2016-04-25T00:01:15+08:00 ] 0.0.0.0 /index.php?m=Index&a=lineChart
INFO: [ app_begin ] --START--
INFO: ReadHtmlCache Behavior ::run [ RunTime:0.000840s ]
INFO: [ app_begin ] --END-- [ RunTime:0.000959s ]
ERR: 非法操作:lineChart

[ 2016-04-25T00:01:15+08:00 ] 0.0.0.0 /index.php?m=Index&a=barChart
INFO: [ app_begin ] --START--
INFO: ReadHtmlCache Behavior ::run [ RunTime:0.000842s ]
INFO: [ app_begin ] --END-- [ RunTime:0.000969s ]
ERR: 非法操作:barChart

[ 2016-04-25T00:01:16+08:00 ] 0.0.0.0 /index.php?m=Public&a=loginOut
INFO: [ app_begin ] --START--
INFO: ReadHtmlCache Behavior ::run [ RunTime:0.000605s ]
INFO: [ app_begin ] --END-- [ RunTime:0.000680s ]

[ 2016-04-25T00:01:17+08:00 ] 0.0.0.0 /index.php?m=Index&a=index
INFO: [ app_begin ] --START--
INFO: ReadHtmlCache Behavior ::run [ RunTime:0.000691s ]
INFO: [ app_begin ] --END-- [ RunTime:0.000810s ]
NOTIC: [2048] Non-static method CommonModel::leftMenu() should not be called statically, assuming $this from incompatible context D:\Wamp\phpStudy\WWW\thinkPHP3.1.3BJUI\App\Admin\Lib\Action\IndexAction.class.php 第 12 行.
SQL: SHOW COLUMNS FROM `ec_leftmenu` [ RunTime:0.003479s ]
SQL: SELECT `id`,`level`,`name` FROM `ec_leftmenu` WHERE ( `pid` = 0 ) AND ( `status` = 1 ) ORDER BY oid ASC  [ RunTime:0.000519s ]
SQL: SELECT * FROM `ec_leftmenu` WHERE ( `status` = 1 ) AND ( `id` <> '2' ) AND ( `level` = 2 ) ORDER BY oid ASC  [ RunTime:0.000402s ]
SQL: SELECT * FROM `ec_leftmenu` WHERE ( `status` = 1 ) AND ( `id` <> '10' ) AND ( `level` = 10 ) ORDER BY oid ASC  [ RunTime:0.000424s ]
SQL: SELECT * FROM `ec_leftmenu` WHERE ( `status` = 1 ) AND ( `id` <> '12' ) AND ( `level` = 12 ) ORDER BY oid ASC  [ RunTime:0.000455s ]
SQL: SELECT * FROM `ec_leftmenu` WHERE ( `status` = 1 ) AND ( `id` <> '3' ) AND ( `level` = 3 ) ORDER BY oid ASC  [ RunTime:0.000653s ]
INFO: [ view_parse ] --START--
NOTIC: [8] Use of undefined constant url - assumed 'url' D:\Wamp\phpStudy\WWW\thinkPHP3.1.3BJUI\App\Admin\Runtime\Cache\df851ced4f193dbbfe76d5cc69e57830.php 第 275 行.
NOTIC: [8] Use of undefined constant url - assumed 'url' D:\Wamp\phpStudy\WWW\thinkPHP3.1.3BJUI\App\Admin\Runtime\Cache\df851ced4f193dbbfe76d5cc69e57830.php 第 275 行.
NOTIC: [8] Use of undefined constant url - assumed 'url' D:\Wamp\phpStudy\WWW\thinkPHP3.1.3BJUI\App\Admin\Runtime\Cache\df851ced4f193dbbfe76d5cc69e57830.php 第 275 行.
NOTIC: [8] Use of undefined constant url - assumed 'url' D:\Wamp\phpStudy\WWW\thinkPHP3.1.3BJUI\App\Admin\Runtime\Cache\df851ced4f193dbbfe76d5cc69e57830.php 第 275 行.
NOTIC: [8] Use of undefined constant url - assumed 'url' D:\Wamp\phpStudy\WWW\thinkPHP3.1.3BJUI\App\Admin\Runtime\Cache\df851ced4f193dbbfe76d5cc69e57830.php 第 275 行.
NOTIC: [8] Use of undefined constant url - assumed 'url' D:\Wamp\phpStudy\WWW\thinkPHP3.1.3BJUI\App\Admin\Runtime\Cache\df851ced4f193dbbfe76d5cc69e57830.php 第 275 行.
NOTIC: [8] Use of undefined constant url - assumed 'url' D:\Wamp\phpStudy\WWW\thinkPHP3.1.3BJUI\App\Admin\Runtime\Cache\df851ced4f193dbbfe76d5cc69e57830.php 第 275 行.
NOTIC: [8] Use of undefined constant url - assumed 'url' D:\Wamp\phpStudy\WWW\thinkPHP3.1.3BJUI\App\Admin\Runtime\Cache\df851ced4f193dbbfe76d5cc69e57830.php 第 275 行.
NOTIC: [8] Use of undefined constant url - assumed 'url' D:\Wamp\phpStudy\WWW\thinkPHP3.1.3BJUI\App\Admin\Runtime\Cache\df851ced4f193dbbfe76d5cc69e57830.php 第 275 行.
NOTIC: [8] Use of undefined constant url - assumed 'url' D:\Wamp\phpStudy\WWW\thinkPHP3.1.3BJUI\App\Admin\Runtime\Cache\df851ced4f193dbbfe76d5cc69e57830.php 第 275 行.
NOTIC: [8] Use of undefined constant url - assumed 'url' D:\Wamp\phpStudy\WWW\thinkPHP3.1.3BJUI\App\Admin\Runtime\Cache\df851ced4f193dbbfe76d5cc69e57830.php 第 275 行.
NOTIC: [8] Use of undefined constant url - assumed 'url' D:\Wamp\phpStudy\WWW\thinkPHP3.1.3BJUI\App\Admin\Runtime\Cache\df851ced4f193dbbfe76d5cc69e57830.php 第 275 行.
NOTIC: [8] Use of undefined constant url - assumed 'url' D:\Wamp\phpStudy\WWW\thinkPHP3.1.3BJUI\App\Admin\Runtime\Cache\df851ced4f193dbbfe76d5cc69e57830.php 第 275 行.
INFO: ParseTemplate Behavior ::run [ RunTime:0.016519s ]
INFO: [ view_parse ] --END-- [ RunTime:0.016621s ]
INFO: [ view_filter ] --START--
INFO: ContentReplace Behavior ::run [ RunTime:0.000928s ]
INFO: TokenBuild Behavior ::run [ RunTime:0.000617s ]
INFO: WriteHtmlCache Behavior ::run [ RunTime:0.000578s ]
INFO: ShowRuntime Behavior ::run [ RunTime:0.000767s ]
INFO: [ view_filter ] --END-- [ RunTime:0.003064s ]
INFO: [ view_end ] --START--
INFO: ShowPageTrace Behavior ::run [ RunTime:0.001037s ]
INFO: [ view_end ] --END-- [ RunTime:0.001148s ]

[ 2016-04-25T00:01:17+08:00 ] 0.0.0.0 /index.php?m=Index&a=lineChart
INFO: [ app_begin ] --START--
INFO: ReadHtmlCache Behavior ::run [ RunTime:0.000811s ]
INFO: [ app_begin ] --END-- [ RunTime:0.000946s ]
ERR: 非法操作:lineChart

[ 2016-04-25T00:01:17+08:00 ] 0.0.0.0 /index.php?m=Index&a=barChart
INFO: [ app_begin ] --START--
INFO: ReadHtmlCache Behavior ::run [ RunTime:0.000830s ]
INFO: [ app_begin ] --END-- [ RunTime:0.000960s ]
ERR: 非法操作:barChart

[ 2016-04-25T00:01:44+08:00 ] 0.0.0.0 /index.php?m=Public&a=index
INFO: [ app_begin ] --START--
INFO: ReadHtmlCache Behavior ::run [ RunTime:0.000746s ]
INFO: [ app_begin ] --END-- [ RunTime:0.000852s ]

[ 2016-04-25T00:01:44+08:00 ] 0.0.0.0 /index.php?m=Index&a=index
INFO: [ app_begin ] --START--
INFO: ReadHtmlCache Behavior ::run [ RunTime:0.001168s ]
INFO: [ app_begin ] --END-- [ RunTime:0.001403s ]
NOTIC: [2048] Non-static method CommonModel::leftMenu() should not be called statically, assuming $this from incompatible context D:\Wamp\phpStudy\WWW\thinkPHP3.1.3BJUI\App\Admin\Lib\Action\IndexAction.class.php 第 12 行.
SQL: SHOW COLUMNS FROM `ec_leftmenu` [ RunTime:0.006548s ]
SQL: SELECT `id`,`level`,`name` FROM `ec_leftmenu` WHERE ( `pid` = 0 ) AND ( `status` = 1 ) ORDER BY oid ASC  [ RunTime:0.000805s ]
SQL: SELECT * FROM `ec_leftmenu` WHERE ( `status` = 1 ) AND ( `id` <> '2' ) AND ( `level` = 2 ) ORDER BY oid ASC  [ RunTime:0.000812s ]
SQL: SELECT * FROM `ec_leftmenu` WHERE ( `status` = 1 ) AND ( `id` <> '10' ) AND ( `level` = 10 ) ORDER BY oid ASC  [ RunTime:0.000593s ]
SQL: SELECT * FROM `ec_leftmenu` WHERE ( `status` = 1 ) AND ( `id` <> '12' ) AND ( `level` = 12 ) ORDER BY oid ASC  [ RunTime:0.000741s ]
SQL: SELECT * FROM `ec_leftmenu` WHERE ( `status` = 1 ) AND ( `id` <> '3' ) AND ( `level` = 3 ) ORDER BY oid ASC  [ RunTime:0.000628s ]
INFO: [ view_parse ] --START--
NOTIC: [8] Use of undefined constant url - assumed 'url' D:\Wamp\phpStudy\WWW\thinkPHP3.1.3BJUI\App\Admin\Runtime\Cache\df851ced4f193dbbfe76d5cc69e57830.php 第 275 行.
NOTIC: [8] Use of undefined constant url - assumed 'url' D:\Wamp\phpStudy\WWW\thinkPHP3.1.3BJUI\App\Admin\Runtime\Cache\df851ced4f193dbbfe76d5cc69e57830.php 第 275 行.
NOTIC: [8] Use of undefined constant url - assumed 'url' D:\Wamp\phpStudy\WWW\thinkPHP3.1.3BJUI\App\Admin\Runtime\Cache\df851ced4f193dbbfe76d5cc69e57830.php 第 275 行.
NOTIC: [8] Use of undefined constant url - assumed 'url' D:\Wamp\phpStudy\WWW\thinkPHP3.1.3BJUI\App\Admin\Runtime\Cache\df851ced4f193dbbfe76d5cc69e57830.php 第 275 行.
NOTIC: [8] Use of undefined constant url - assumed 'url' D:\Wamp\phpStudy\WWW\thinkPHP3.1.3BJUI\App\Admin\Runtime\Cache\df851ced4f193dbbfe76d5cc69e57830.php 第 275 行.
NOTIC: [8] Use of undefined constant url - assumed 'url' D:\Wamp\phpStudy\WWW\thinkPHP3.1.3BJUI\App\Admin\Runtime\Cache\df851ced4f193dbbfe76d5cc69e57830.php 第 275 行.
NOTIC: [8] Use of undefined constant url - assumed 'url' D:\Wamp\phpStudy\WWW\thinkPHP3.1.3BJUI\App\Admin\Runtime\Cache\df851ced4f193dbbfe76d5cc69e57830.php 第 275 行.
NOTIC: [8] Use of undefined constant url - assumed 'url' D:\Wamp\phpStudy\WWW\thinkPHP3.1.3BJUI\App\Admin\Runtime\Cache\df851ced4f193dbbfe76d5cc69e57830.php 第 275 行.
NOTIC: [8] Use of undefined constant url - assumed 'url' D:\Wamp\phpStudy\WWW\thinkPHP3.1.3BJUI\App\Admin\Runtime\Cache\df851ced4f193dbbfe76d5cc69e57830.php 第 275 行.
NOTIC: [8] Use of undefined constant url - assumed 'url' D:\Wamp\phpStudy\WWW\thinkPHP3.1.3BJUI\App\Admin\Runtime\Cache\df851ced4f193dbbfe76d5cc69e57830.php 第 275 行.
NOTIC: [8] Use of undefined constant url - assumed 'url' D:\Wamp\phpStudy\WWW\thinkPHP3.1.3BJUI\App\Admin\Runtime\Cache\df851ced4f193dbbfe76d5cc69e57830.php 第 275 行.
NOTIC: [8] Use of undefined constant url - assumed 'url' D:\Wamp\phpStudy\WWW\thinkPHP3.1.3BJUI\App\Admin\Runtime\Cache\df851ced4f193dbbfe76d5cc69e57830.php 第 275 行.
NOTIC: [8] Use of undefined constant url - assumed 'url' D:\Wamp\phpStudy\WWW\thinkPHP3.1.3BJUI\App\Admin\Runtime\Cache\df851ced4f193dbbfe76d5cc69e57830.php 第 275 行.
INFO: ParseTemplate Behavior ::run [ RunTime:0.029259s ]
INFO: [ view_parse ] --END-- [ RunTime:0.029357s ]
INFO: [ view_filter ] --START--
INFO: ContentReplace Behavior ::run [ RunTime:0.017924s ]
INFO: TokenBuild Behavior ::run [ RunTime:0.005060s ]
INFO: WriteHtmlCache Behavior ::run [ RunTime:0.002091s ]
INFO: ShowRuntime Behavior ::run [ RunTime:0.004314s ]
INFO: [ view_filter ] --END-- [ RunTime:0.029769s ]
INFO: [ view_end ] --START--
INFO: ShowPageTrace Behavior ::run [ RunTime:0.002013s ]
INFO: [ view_end ] --END-- [ RunTime:0.002267s ]

[ 2016-04-25T00:01:45+08:00 ] 0.0.0.0 /index.php?m=Index&a=lineChart
INFO: [ app_begin ] --START--
INFO: ReadHtmlCache Behavior ::run [ RunTime:0.001039s ]
INFO: [ app_begin ] --END-- [ RunTime:0.001188s ]
ERR: 非法操作:lineChart

[ 2016-04-25T00:01:45+08:00 ] 0.0.0.0 /index.php?m=Index&a=barChart
INFO: [ app_begin ] --START--
INFO: ReadHtmlCache Behavior ::run [ RunTime:0.001354s ]
INFO: [ app_begin ] --END-- [ RunTime:0.001527s ]
ERR: 非法操作:barChart

[ 2016-04-25T00:01:48+08:00 ] 0.0.0.0 /index.php?m=Public&a=loginOut
INFO: [ app_begin ] --START--
INFO: ReadHtmlCache Behavior ::run [ RunTime:0.000688s ]
INFO: [ app_begin ] --END-- [ RunTime:0.000770s ]

[ 2016-04-25T00:01:48+08:00 ] 0.0.0.0 /index.php?m=Index&a=index
INFO: [ app_begin ] --START--
INFO: ReadHtmlCache Behavior ::run [ RunTime:0.000566s ]
INFO: [ app_begin ] --END-- [ RunTime:0.000641s ]

[ 2016-04-25T00:01:48+08:00 ] 0.0.0.0 /index.php?m=Public&a=index
INFO: [ app_begin ] --START--
INFO: ReadHtmlCache Behavior ::run [ RunTime:0.000667s ]
INFO: [ app_begin ] --END-- [ RunTime:0.000756s ]
INFO: [ view_parse ] --START--
INFO: ParseTemplate Behavior ::run [ RunTime:0.008406s ]
INFO: [ view_parse ] --END-- [ RunTime:0.008496s ]
INFO: [ view_filter ] --START--
INFO: ContentReplace Behavior ::run [ RunTime:0.000663s ]
INFO: TokenBuild Behavior ::run [ RunTime:0.000654s ]
INFO: WriteHtmlCache Behavior ::run [ RunTime:0.000614s ]
INFO: ShowRuntime Behavior ::run [ RunTime:0.000663s ]
INFO: [ view_filter ] --END-- [ RunTime:0.002779s ]
INFO: [ view_end ] --START--
INFO: ShowPageTrace Behavior ::run [ RunTime:0.001144s ]
INFO: [ view_end ] --END-- [ RunTime:0.001239s ]

[ 2016-04-25T00:01:48+08:00 ] 0.0.0.0 /index.php?m=Public&a=verify_code
INFO: [ app_begin ] --START--
INFO: ReadHtmlCache Behavior ::run [ RunTime:0.000625s ]
INFO: [ app_begin ] --END-- [ RunTime:0.000705s ]

[ 2016-04-25T00:01:55+08:00 ] 0.0.0.0 /index.php?m=Public&a=index
INFO: [ app_begin ] --START--
INFO: ReadHtmlCache Behavior ::run [ RunTime:0.000616s ]
INFO: [ app_begin ] --END-- [ RunTime:0.000702s ]

[ 2016-04-25T00:02:00+08:00 ] 0.0.0.0 /index.php?m=Public&a=verify_code&rand=0.4930239614425369
INFO: [ app_begin ] --START--
INFO: ReadHtmlCache Behavior ::run [ RunTime:0.000627s ]
INFO: [ app_begin ] --END-- [ RunTime:0.000716s ]

[ 2016-04-25T00:02:06+08:00 ] 0.0.0.0 /index.php?m=Public&a=index
INFO: [ app_begin ] --START--
INFO: ReadHtmlCache Behavior ::run [ RunTime:0.000659s ]
INFO: [ app_begin ] --END-- [ RunTime:0.000742s ]
SQL: SHOW COLUMNS FROM `ec_user` [ RunTime:0.004071s ]
SQL: SELECT COUNT(*) AS tp_count FROM `ec_user` WHERE (  `username`='admin' ) LIMIT 1   [ RunTime:0.000694s ]
SQL: SELECT * FROM `ec_user` WHERE ( `username`='admin' ) LIMIT 1   [ RunTime:0.000610s ]
NOTIC: [8] Undefined variable: var D:\Wamp\phpStudy\WWW\thinkPHP3.1.3BJUI\ThinkPHP\Common\functions.php 第 247 行.
NOTIC: [2] array_reverse() expects parameter 1 to be array, null given D:\Wamp\phpStudy\WWW\thinkPHP3.1.3BJUI\ThinkPHP\Common\functions.php 第 247 行.
NOTIC: [2] http_build_query() [<a href='function.http-build-query'>function.http-build-query</a>]: Parameter 1 expected to be Array or Object.  Incorrect value given D:\Wamp\phpStudy\WWW\thinkPHP3.1.3BJUI\ThinkPHP\Common\functions.php 第 247 行.

[ 2016-04-25T00:02:07+08:00 ] 0.0.0.0 /index.php?
INFO: [ app_begin ] --START--
INFO: ReadHtmlCache Behavior ::run [ RunTime:0.000571s ]
INFO: [ app_begin ] --END-- [ RunTime:0.000650s ]
NOTIC: [2048] Non-static method CommonModel::leftMenu() should not be called statically, assuming $this from incompatible context D:\Wamp\phpStudy\WWW\thinkPHP3.1.3BJUI\App\Admin\Lib\Action\IndexAction.class.php 第 12 行.
SQL: SHOW COLUMNS FROM `ec_leftmenu` [ RunTime:0.004546s ]
SQL: SELECT `id`,`level`,`name` FROM `ec_leftmenu` WHERE ( `pid` = 0 ) AND ( `status` = 1 ) ORDER BY oid ASC  [ RunTime:0.000404s ]
SQL: SELECT * FROM `ec_leftmenu` WHERE ( `status` = 1 ) AND ( `id` <> '2' ) AND ( `level` = 2 ) ORDER BY oid ASC  [ RunTime:0.000515s ]
SQL: SELECT * FROM `ec_leftmenu` WHERE ( `status` = 1 ) AND ( `id` <> '10' ) AND ( `level` = 10 ) ORDER BY oid ASC  [ RunTime:0.000443s ]
SQL: SELECT * FROM `ec_leftmenu` WHERE ( `status` = 1 ) AND ( `id` <> '12' ) AND ( `level` = 12 ) ORDER BY oid ASC  [ RunTime:0.000407s ]
SQL: SELECT * FROM `ec_leftmenu` WHERE ( `status` = 1 ) AND ( `id` <> '3' ) AND ( `level` = 3 ) ORDER BY oid ASC  [ RunTime:0.000464s ]
INFO: [ view_parse ] --START--
NOTIC: [8] Use of undefined constant url - assumed 'url' D:\Wamp\phpStudy\WWW\thinkPHP3.1.3BJUI\App\Admin\Runtime\Cache\df851ced4f193dbbfe76d5cc69e57830.php 第 275 行.
NOTIC: [8] Use of undefined constant url - assumed 'url' D:\Wamp\phpStudy\WWW\thinkPHP3.1.3BJUI\App\Admin\Runtime\Cache\df851ced4f193dbbfe76d5cc69e57830.php 第 275 行.
NOTIC: [8] Use of undefined constant url - assumed 'url' D:\Wamp\phpStudy\WWW\thinkPHP3.1.3BJUI\App\Admin\Runtime\Cache\df851ced4f193dbbfe76d5cc69e57830.php 第 275 行.
NOTIC: [8] Use of undefined constant url - assumed 'url' D:\Wamp\phpStudy\WWW\thinkPHP3.1.3BJUI\App\Admin\Runtime\Cache\df851ced4f193dbbfe76d5cc69e57830.php 第 275 行.
NOTIC: [8] Use of undefined constant url - assumed 'url' D:\Wamp\phpStudy\WWW\thinkPHP3.1.3BJUI\App\Admin\Runtime\Cache\df851ced4f193dbbfe76d5cc69e57830.php 第 275 行.
NOTIC: [8] Use of undefined constant url - assumed 'url' D:\Wamp\phpStudy\WWW\thinkPHP3.1.3BJUI\App\Admin\Runtime\Cache\df851ced4f193dbbfe76d5cc69e57830.php 第 275 行.
NOTIC: [8] Use of undefined constant url - assumed 'url' D:\Wamp\phpStudy\WWW\thinkPHP3.1.3BJUI\App\Admin\Runtime\Cache\df851ced4f193dbbfe76d5cc69e57830.php 第 275 行.
NOTIC: [8] Use of undefined constant url - assumed 'url' D:\Wamp\phpStudy\WWW\thinkPHP3.1.3BJUI\App\Admin\Runtime\Cache\df851ced4f193dbbfe76d5cc69e57830.php 第 275 行.
NOTIC: [8] Use of undefined constant url - assumed 'url' D:\Wamp\phpStudy\WWW\thinkPHP3.1.3BJUI\App\Admin\Runtime\Cache\df851ced4f193dbbfe76d5cc69e57830.php 第 275 行.
NOTIC: [8] Use of undefined constant url - assumed 'url' D:\Wamp\phpStudy\WWW\thinkPHP3.1.3BJUI\App\Admin\Runtime\Cache\df851ced4f193dbbfe76d5cc69e57830.php 第 275 行.
NOTIC: [8] Use of undefined constant url - assumed 'url' D:\Wamp\phpStudy\WWW\thinkPHP3.1.3BJUI\App\Admin\Runtime\Cache\df851ced4f193dbbfe76d5cc69e57830.php 第 275 行.
NOTIC: [8] Use of undefined constant url - assumed 'url' D:\Wamp\phpStudy\WWW\thinkPHP3.1.3BJUI\App\Admin\Runtime\Cache\df851ced4f193dbbfe76d5cc69e57830.php 第 275 行.
NOTIC: [8] Use of undefined constant url - assumed 'url' D:\Wamp\phpStudy\WWW\thinkPHP3.1.3BJUI\App\Admin\Runtime\Cache\df851ced4f193dbbfe76d5cc69e57830.php 第 275 行.
INFO: ParseTemplate Behavior ::run [ RunTime:0.017963s ]
INFO: [ view_parse ] --END-- [ RunTime:0.018051s ]
INFO: [ view_filter ] --START--
INFO: ContentReplace Behavior ::run [ RunTime:0.000832s ]
INFO: TokenBuild Behavior ::run [ RunTime:0.000546s ]
INFO: WriteHtmlCache Behavior ::run [ RunTime:0.000537s ]
INFO: ShowRuntime Behavior ::run [ RunTime:0.000675s ]
INFO: [ view_filter ] --END-- [ RunTime:0.002763s ]
INFO: [ view_end ] --START--
INFO: ShowPageTrace Behavior ::run [ RunTime:0.000847s ]
INFO: [ view_end ] --END-- [ RunTime:0.000926s ]

[ 2016-04-25T00:02:08+08:00 ] 0.0.0.0 /index.php?m=Index&a=lineChart
INFO: [ app_begin ] --START--
INFO: ReadHtmlCache Behavior ::run [ RunTime:0.000886s ]
INFO: [ app_begin ] --END-- [ RunTime:0.001024s ]
ERR: 非法操作:lineChart

[ 2016-04-25T00:02:08+08:00 ] 0.0.0.0 /index.php?m=Index&a=barChart
INFO: [ app_begin ] --START--
INFO: ReadHtmlCache Behavior ::run [ RunTime:0.000839s ]
INFO: [ app_begin ] --END-- [ RunTime:0.000938s ]
ERR: 非法操作:barChart

[ 2016-04-25T00:02:13+08:00 ] 0.0.0.0 /index.php?m=Public&a=loginOut
INFO: [ app_begin ] --START--
INFO: ReadHtmlCache Behavior ::run [ RunTime:0.000548s ]
INFO: [ app_begin ] --END-- [ RunTime:0.000641s ]

[ 2016-04-25T00:02:13+08:00 ] 0.0.0.0 /index.php?m=Index&a=index
INFO: [ app_begin ] --START--
INFO: ReadHtmlCache Behavior ::run [ RunTime:0.000587s ]
INFO: [ app_begin ] --END-- [ RunTime:0.000666s ]

[ 2016-04-25T00:02:13+08:00 ] 0.0.0.0 /index.php?m=Public&a=index
INFO: [ app_begin ] --START--
INFO: ReadHtmlCache Behavior ::run [ RunTime:0.000581s ]
INFO: [ app_begin ] --END-- [ RunTime:0.000671s ]
INFO: [ view_parse ] --START--
INFO: ParseTemplate Behavior ::run [ RunTime:0.008643s ]
INFO: [ view_parse ] --END-- [ RunTime:0.008716s ]
INFO: [ view_filter ] --START--
INFO: ContentReplace Behavior ::run [ RunTime:0.000617s ]
INFO: TokenBuild Behavior ::run [ RunTime:0.000618s ]
INFO: WriteHtmlCache Behavior ::run [ RunTime:0.000503s ]
INFO: ShowRuntime Behavior ::run [ RunTime:0.000623s ]
INFO: [ view_filter ] --END-- [ RunTime:0.002522s ]
INFO: [ view_end ] --START--
INFO: ShowPageTrace Behavior ::run [ RunTime:0.000954s ]
INFO: [ view_end ] --END-- [ RunTime:0.001049s ]

[ 2016-04-25T00:02:13+08:00 ] 0.0.0.0 /index.php?m=Public&a=verify_code
INFO: [ app_begin ] --START--
INFO: ReadHtmlCache Behavior ::run [ RunTime:0.000912s ]
INFO: [ app_begin ] --END-- [ RunTime:0.001034s ]

[ 2016-04-25T00:02:22+08:00 ] 0.0.0.0 /index.php?m=Public&a=index
INFO: [ app_begin ] --START--
INFO: ReadHtmlCache Behavior ::run [ RunTime:0.000541s ]
INFO: [ app_begin ] --END-- [ RunTime:0.000617s ]

[ 2016-04-25T00:02:28+08:00 ] 0.0.0.0 /index.php?m=Public&a=index
INFO: [ app_begin ] --START--
INFO: ReadHtmlCache Behavior ::run [ RunTime:0.000603s ]
INFO: [ app_begin ] --END-- [ RunTime:0.000682s ]
SQL: SHOW COLUMNS FROM `ec_user` [ RunTime:0.003990s ]
SQL: SELECT COUNT(*) AS tp_count FROM `ec_user` WHERE (  `username`='admin' ) LIMIT 1   [ RunTime:0.000387s ]
SQL: SELECT * FROM `ec_user` WHERE ( `username`='admin' ) LIMIT 1   [ RunTime:0.000430s ]
NOTIC: [8] Undefined variable: var D:\Wamp\phpStudy\WWW\thinkPHP3.1.3BJUI\ThinkPHP\Common\functions.php 第 247 行.
NOTIC: [2] array_reverse() expects parameter 1 to be array, null given D:\Wamp\phpStudy\WWW\thinkPHP3.1.3BJUI\ThinkPHP\Common\functions.php 第 247 行.
NOTIC: [2] http_build_query() [<a href='function.http-build-query'>function.http-build-query</a>]: Parameter 1 expected to be Array or Object.  Incorrect value given D:\Wamp\phpStudy\WWW\thinkPHP3.1.3BJUI\ThinkPHP\Common\functions.php 第 247 行.

[ 2016-04-25T00:02:29+08:00 ] 0.0.0.0 /index.php?
INFO: [ app_begin ] --START--
INFO: ReadHtmlCache Behavior ::run [ RunTime:0.000555s ]
INFO: [ app_begin ] --END-- [ RunTime:0.000639s ]
NOTIC: [2048] Non-static method CommonModel::leftMenu() should not be called statically, assuming $this from incompatible context D:\Wamp\phpStudy\WWW\thinkPHP3.1.3BJUI\App\Admin\Lib\Action\IndexAction.class.php 第 12 行.
SQL: SHOW COLUMNS FROM `ec_leftmenu` [ RunTime:0.004473s ]
SQL: SELECT `id`,`level`,`name` FROM `ec_leftmenu` WHERE ( `pid` = 0 ) AND ( `status` = 1 ) ORDER BY oid ASC  [ RunTime:0.000415s ]
SQL: SELECT * FROM `ec_leftmenu` WHERE ( `status` = 1 ) AND ( `id` <> '2' ) AND ( `level` = 2 ) ORDER BY oid ASC  [ RunTime:0.000468s ]
SQL: SELECT * FROM `ec_leftmenu` WHERE ( `status` = 1 ) AND ( `id` <> '10' ) AND ( `level` = 10 ) ORDER BY oid ASC  [ RunTime:0.000423s ]
SQL: SELECT * FROM `ec_leftmenu` WHERE ( `status` = 1 ) AND ( `id` <> '12' ) AND ( `level` = 12 ) ORDER BY oid ASC  [ RunTime:0.000439s ]
SQL: SELECT * FROM `ec_leftmenu` WHERE ( `status` = 1 ) AND ( `id` <> '3' ) AND ( `level` = 3 ) ORDER BY oid ASC  [ RunTime:0.000462s ]
INFO: [ view_parse ] --START--
NOTIC: [8] Use of undefined constant url - assumed 'url' D:\Wamp\phpStudy\WWW\thinkPHP3.1.3BJUI\App\Admin\Runtime\Cache\df851ced4f193dbbfe76d5cc69e57830.php 第 275 行.
NOTIC: [8] Use of undefined constant url - assumed 'url' D:\Wamp\phpStudy\WWW\thinkPHP3.1.3BJUI\App\Admin\Runtime\Cache\df851ced4f193dbbfe76d5cc69e57830.php 第 275 行.
NOTIC: [8] Use of undefined constant url - assumed 'url' D:\Wamp\phpStudy\WWW\thinkPHP3.1.3BJUI\App\Admin\Runtime\Cache\df851ced4f193dbbfe76d5cc69e57830.php 第 275 行.
NOTIC: [8] Use of undefined constant url - assumed 'url' D:\Wamp\phpStudy\WWW\thinkPHP3.1.3BJUI\App\Admin\Runtime\Cache\df851ced4f193dbbfe76d5cc69e57830.php 第 275 行.
NOTIC: [8] Use of undefined constant url - assumed 'url' D:\Wamp\phpStudy\WWW\thinkPHP3.1.3BJUI\App\Admin\Runtime\Cache\df851ced4f193dbbfe76d5cc69e57830.php 第 275 行.
NOTIC: [8] Use of undefined constant url - assumed 'url' D:\Wamp\phpStudy\WWW\thinkPHP3.1.3BJUI\App\Admin\Runtime\Cache\df851ced4f193dbbfe76d5cc69e57830.php 第 275 行.
NOTIC: [8] Use of undefined constant url - assumed 'url' D:\Wamp\phpStudy\WWW\thinkPHP3.1.3BJUI\App\Admin\Runtime\Cache\df851ced4f193dbbfe76d5cc69e57830.php 第 275 行.
NOTIC: [8] Use of undefined constant url - assumed 'url' D:\Wamp\phpStudy\WWW\thinkPHP3.1.3BJUI\App\Admin\Runtime\Cache\df851ced4f193dbbfe76d5cc69e57830.php 第 275 行.
NOTIC: [8] Use of undefined constant url - assumed 'url' D:\Wamp\phpStudy\WWW\thinkPHP3.1.3BJUI\App\Admin\Runtime\Cache\df851ced4f193dbbfe76d5cc69e57830.php 第 275 行.
NOTIC: [8] Use of undefined constant url - assumed 'url' D:\Wamp\phpStudy\WWW\thinkPHP3.1.3BJUI\App\Admin\Runtime\Cache\df851ced4f193dbbfe76d5cc69e57830.php 第 275 行.
NOTIC: [8] Use of undefined constant url - assumed 'url' D:\Wamp\phpStudy\WWW\thinkPHP3.1.3BJUI\App\Admin\Runtime\Cache\df851ced4f193dbbfe76d5cc69e57830.php 第 275 行.
NOTIC: [8] Use of undefined constant url - assumed 'url' D:\Wamp\phpStudy\WWW\thinkPHP3.1.3BJUI\App\Admin\Runtime\Cache\df851ced4f193dbbfe76d5cc69e57830.php 第 275 行.
NOTIC: [8] Use of undefined constant url - assumed 'url' D:\Wamp\phpStudy\WWW\thinkPHP3.1.3BJUI\App\Admin\Runtime\Cache\df851ced4f193dbbfe76d5cc69e57830.php 第 275 行.
INFO: ParseTemplate Behavior ::run [ RunTime:0.015921s ]
INFO: [ view_parse ] --END-- [ RunTime:0.015987s ]
INFO: [ view_filter ] --START--
INFO: ContentReplace Behavior ::run [ RunTime:0.000739s ]
INFO: TokenBuild Behavior ::run [ RunTime:0.000638s ]
INFO: WriteHtmlCache Behavior ::run [ RunTime:0.000428s ]
INFO: ShowRuntime Behavior ::run [ RunTime:0.000753s ]
INFO: [ view_filter ] --END-- [ RunTime:0.002746s ]
INFO: [ view_end ] --START--
INFO: ShowPageTrace Behavior ::run [ RunTime:0.000821s ]
INFO: [ view_end ] --END-- [ RunTime:0.000921s ]

[ 2016-04-25T00:02:30+08:00 ] 0.0.0.0 /index.php?m=Index&a=lineChart
INFO: [ app_begin ] --START--
INFO: ReadHtmlCache Behavior ::run [ RunTime:0.000814s ]
INFO: [ app_begin ] --END-- [ RunTime:0.000938s ]
ERR: 非法操作:lineChart

[ 2016-04-25T00:02:30+08:00 ] 0.0.0.0 /index.php?m=Index&a=barChart
INFO: [ app_begin ] --START--
INFO: ReadHtmlCache Behavior ::run [ RunTime:0.001192s ]
INFO: [ app_begin ] --END-- [ RunTime:0.001417s ]
ERR: 非法操作:barChart

[ 2016-04-25T00:02:31+08:00 ] 0.0.0.0 /index.php?m=Channel&a=index&_=1461513751407
INFO: [ app_begin ] --START--
INFO: ReadHtmlCache Behavior ::run [ RunTime:0.000765s ]
INFO: [ app_begin ] --END-- [ RunTime:0.000866s ]
ERR: 无法加载模块:Channel

[ 2016-04-25T00:02:32+08:00 ] 0.0.0.0 /index.php?m=Article&a=index&type=1&_=1461513752419
INFO: [ app_begin ] --START--
INFO: ReadHtmlCache Behavior ::run [ RunTime:0.001054s ]
INFO: [ app_begin ] --END-- [ RunTime:0.001208s ]
ERR: 无法加载模块:Article

[ 2016-04-25T00:05:13+08:00 ] 0.0.0.0 /index.php?
INFO: [ app_begin ] --START--
INFO: ReadHtmlCache Behavior ::run [ RunTime:0.000737s ]
INFO: [ app_begin ] --END-- [ RunTime:0.000821s ]
NOTIC: [2048] Non-static method CommonModel::leftMenu() should not be called statically, assuming $this from incompatible context D:\Wamp\phpStudy\WWW\thinkPHP3.1.3BJUI\App\Admin\Lib\Action\IndexAction.class.php 第 12 行.
SQL: SHOW COLUMNS FROM `ec_leftmenu` [ RunTime:0.004342s ]
SQL: SELECT `id`,`level`,`name` FROM `ec_leftmenu` WHERE ( `pid` = 0 ) AND ( `status` = 1 ) ORDER BY oid ASC  [ RunTime:0.000434s ]
SQL: SELECT * FROM `ec_leftmenu` WHERE ( `status` = 1 ) AND ( `id` <> '2' ) AND ( `level` = 2 ) ORDER BY oid ASC  [ RunTime:0.000439s ]
SQL: SELECT * FROM `ec_leftmenu` WHERE ( `status` = 1 ) AND ( `id` <> '10' ) AND ( `level` = 10 ) ORDER BY oid ASC  [ RunTime:0.000385s ]
SQL: SELECT * FROM `ec_leftmenu` WHERE ( `status` = 1 ) AND ( `id` <> '12' ) AND ( `level` = 12 ) ORDER BY oid ASC  [ RunTime:0.000454s ]
SQL: SELECT * FROM `ec_leftmenu` WHERE ( `status` = 1 ) AND ( `id` <> '3' ) AND ( `level` = 3 ) ORDER BY oid ASC  [ RunTime:0.000410s ]
INFO: [ view_parse ] --START--
NOTIC: [8] Use of undefined constant url - assumed 'url' D:\Wamp\phpStudy\WWW\thinkPHP3.1.3BJUI\App\Admin\Runtime\Cache\df851ced4f193dbbfe76d5cc69e57830.php 第 275 行.
NOTIC: [8] Use of undefined constant url - assumed 'url' D:\Wamp\phpStudy\WWW\thinkPHP3.1.3BJUI\App\Admin\Runtime\Cache\df851ced4f193dbbfe76d5cc69e57830.php 第 275 行.
NOTIC: [8] Use of undefined constant url - assumed 'url' D:\Wamp\phpStudy\WWW\thinkPHP3.1.3BJUI\App\Admin\Runtime\Cache\df851ced4f193dbbfe76d5cc69e57830.php 第 275 行.
NOTIC: [8] Use of undefined constant url - assumed 'url' D:\Wamp\phpStudy\WWW\thinkPHP3.1.3BJUI\App\Admin\Runtime\Cache\df851ced4f193dbbfe76d5cc69e57830.php 第 275 行.
NOTIC: [8] Use of undefined constant url - assumed 'url' D:\Wamp\phpStudy\WWW\thinkPHP3.1.3BJUI\App\Admin\Runtime\Cache\df851ced4f193dbbfe76d5cc69e57830.php 第 275 行.
NOTIC: [8] Use of undefined constant url - assumed 'url' D:\Wamp\phpStudy\WWW\thinkPHP3.1.3BJUI\App\Admin\Runtime\Cache\df851ced4f193dbbfe76d5cc69e57830.php 第 275 行.
NOTIC: [8] Use of undefined constant url - assumed 'url' D:\Wamp\phpStudy\WWW\thinkPHP3.1.3BJUI\App\Admin\Runtime\Cache\df851ced4f193dbbfe76d5cc69e57830.php 第 275 行.
NOTIC: [8] Use of undefined constant url - assumed 'url' D:\Wamp\phpStudy\WWW\thinkPHP3.1.3BJUI\App\Admin\Runtime\Cache\df851ced4f193dbbfe76d5cc69e57830.php 第 275 行.
NOTIC: [8] Use of undefined constant url - assumed 'url' D:\Wamp\phpStudy\WWW\thinkPHP3.1.3BJUI\App\Admin\Runtime\Cache\df851ced4f193dbbfe76d5cc69e57830.php 第 275 行.
NOTIC: [8] Use of undefined constant url - assumed 'url' D:\Wamp\phpStudy\WWW\thinkPHP3.1.3BJUI\App\Admin\Runtime\Cache\df851ced4f193dbbfe76d5cc69e57830.php 第 275 行.
NOTIC: [8] Use of undefined constant url - assumed 'url' D:\Wamp\phpStudy\WWW\thinkPHP3.1.3BJUI\App\Admin\Runtime\Cache\df851ced4f193dbbfe76d5cc69e57830.php 第 275 行.
NOTIC: [8] Use of undefined constant url - assumed 'url' D:\Wamp\phpStudy\WWW\thinkPHP3.1.3BJUI\App\Admin\Runtime\Cache\df851ced4f193dbbfe76d5cc69e57830.php 第 275 行.
NOTIC: [8] Use of undefined constant url - assumed 'url' D:\Wamp\phpStudy\WWW\thinkPHP3.1.3BJUI\App\Admin\Runtime\Cache\df851ced4f193dbbfe76d5cc69e57830.php 第 275 行.
INFO: ParseTemplate Behavior ::run [ RunTime:0.017554s ]
INFO: [ view_parse ] --END-- [ RunTime:0.017623s ]
INFO: [ view_filter ] --START--
INFO: ContentReplace Behavior ::run [ RunTime:0.001142s ]
INFO: TokenBuild Behavior ::run [ RunTime:0.000637s ]
INFO: WriteHtmlCache Behavior ::run [ RunTime:0.000545s ]
INFO: ShowRuntime Behavior ::run [ RunTime:0.000738s ]
INFO: [ view_filter ] --END-- [ RunTime:0.003249s ]
INFO: [ view_end ] --START--
INFO: ShowPageTrace Behavior ::run [ RunTime:0.001017s ]
INFO: [ view_end ] --END-- [ RunTime:0.001116s ]

[ 2016-04-25T00:05:14+08:00 ] 0.0.0.0 /index.php?m=Index&a=lineChart
INFO: [ app_begin ] --START--
INFO: ReadHtmlCache Behavior ::run [ RunTime:0.000885s ]
INFO: [ app_begin ] --END-- [ RunTime:0.001042s ]
ERR: 非法操作:lineChart

[ 2016-04-25T00:05:14+08:00 ] 0.0.0.0 /index.php?m=Index&a=barChart
INFO: [ app_begin ] --START--
INFO: ReadHtmlCache Behavior ::run [ RunTime:0.000729s ]
INFO: [ app_begin ] --END-- [ RunTime:0.000855s ]
ERR: 非法操作:barChart

[ 2016-04-25T00:05:15+08:00 ] 0.0.0.0 /index.php?m=Channel&a=index&_=1461513915099
INFO: [ app_begin ] --START--
INFO: ReadHtmlCache Behavior ::run [ RunTime:0.001221s ]
INFO: [ app_begin ] --END-- [ RunTime:0.001415s ]
ERR: 无法加载模块:Channel

[ 2016-04-25T00:05:16+08:00 ] 0.0.0.0 /index.php?m=Article&a=index&type=1&_=1461513916033
INFO: [ app_begin ] --START--
INFO: ReadHtmlCache Behavior ::run [ RunTime:0.001025s ]
INFO: [ app_begin ] --END-- [ RunTime:0.001165s ]
ERR: 无法加载模块:Article

[ 2016-04-25T00:06:07+08:00 ] 0.0.0.0 /index.php?
INFO: [ app_begin ] --START--
INFO: ReadHtmlCache Behavior ::run [ RunTime:0.000709s ]
INFO: [ app_begin ] --END-- [ RunTime:0.000820s ]
NOTIC: [2048] Non-static method CommonModel::leftMenu() should not be called statically, assuming $this from incompatible context D:\Wamp\phpStudy\WWW\thinkPHP3.1.3BJUI\App\Admin\Lib\Action\IndexAction.class.php 第 12 行.
SQL: SHOW COLUMNS FROM `ec_leftmenu` [ RunTime:0.004293s ]
SQL: SELECT `id`,`level`,`name` FROM `ec_leftmenu` WHERE ( `pid` = 0 ) AND ( `status` = 1 ) ORDER BY oid ASC  [ RunTime:0.000498s ]
SQL: SELECT * FROM `ec_leftmenu` WHERE ( `status` = 1 ) AND ( `id` <> '2' ) AND ( `level` = 2 ) ORDER BY oid ASC  [ RunTime:0.000470s ]
SQL: SELECT * FROM `ec_leftmenu` WHERE ( `status` = 1 ) AND ( `id` <> '10' ) AND ( `level` = 10 ) ORDER BY oid ASC  [ RunTime:0.000405s ]
SQL: SELECT * FROM `ec_leftmenu` WHERE ( `status` = 1 ) AND ( `id` <> '12' ) AND ( `level` = 12 ) ORDER BY oid ASC  [ RunTime:0.000441s ]
SQL: SELECT * FROM `ec_leftmenu` WHERE ( `status` = 1 ) AND ( `id` <> '3' ) AND ( `level` = 3 ) ORDER BY oid ASC  [ RunTime:0.000423s ]
INFO: [ view_parse ] --START--
NOTIC: [8] Use of undefined constant url - assumed 'url' D:\Wamp\phpStudy\WWW\thinkPHP3.1.3BJUI\App\Admin\Runtime\Cache\df851ced4f193dbbfe76d5cc69e57830.php 第 275 行.
NOTIC: [8] Use of undefined constant url - assumed 'url' D:\Wamp\phpStudy\WWW\thinkPHP3.1.3BJUI\App\Admin\Runtime\Cache\df851ced4f193dbbfe76d5cc69e57830.php 第 275 行.
NOTIC: [8] Use of undefined constant url - assumed 'url' D:\Wamp\phpStudy\WWW\thinkPHP3.1.3BJUI\App\Admin\Runtime\Cache\df851ced4f193dbbfe76d5cc69e57830.php 第 275 行.
NOTIC: [8] Use of undefined constant url - assumed 'url' D:\Wamp\phpStudy\WWW\thinkPHP3.1.3BJUI\App\Admin\Runtime\Cache\df851ced4f193dbbfe76d5cc69e57830.php 第 275 行.
NOTIC: [8] Use of undefined constant url - assumed 'url' D:\Wamp\phpStudy\WWW\thinkPHP3.1.3BJUI\App\Admin\Runtime\Cache\df851ced4f193dbbfe76d5cc69e57830.php 第 275 行.
NOTIC: [8] Use of undefined constant url - assumed 'url' D:\Wamp\phpStudy\WWW\thinkPHP3.1.3BJUI\App\Admin\Runtime\Cache\df851ced4f193dbbfe76d5cc69e57830.php 第 275 行.
NOTIC: [8] Use of undefined constant url - assumed 'url' D:\Wamp\phpStudy\WWW\thinkPHP3.1.3BJUI\App\Admin\Runtime\Cache\df851ced4f193dbbfe76d5cc69e57830.php 第 275 行.
NOTIC: [8] Use of undefined constant url - assumed 'url' D:\Wamp\phpStudy\WWW\thinkPHP3.1.3BJUI\App\Admin\Runtime\Cache\df851ced4f193dbbfe76d5cc69e57830.php 第 275 行.
NOTIC: [8] Use of undefined constant url - assumed 'url' D:\Wamp\phpStudy\WWW\thinkPHP3.1.3BJUI\App\Admin\Runtime\Cache\df851ced4f193dbbfe76d5cc69e57830.php 第 275 行.
NOTIC: [8] Use of undefined constant url - assumed 'url' D:\Wamp\phpStudy\WWW\thinkPHP3.1.3BJUI\App\Admin\Runtime\Cache\df851ced4f193dbbfe76d5cc69e57830.php 第 275 行.
NOTIC: [8] Use of undefined constant url - assumed 'url' D:\Wamp\phpStudy\WWW\thinkPHP3.1.3BJUI\App\Admin\Runtime\Cache\df851ced4f193dbbfe76d5cc69e57830.php 第 275 行.
NOTIC: [8] Use of undefined constant url - assumed 'url' D:\Wamp\phpStudy\WWW\thinkPHP3.1.3BJUI\App\Admin\Runtime\Cache\df851ced4f193dbbfe76d5cc69e57830.php 第 275 行.
NOTIC: [8] Use of undefined constant url - assumed 'url' D:\Wamp\phpStudy\WWW\thinkPHP3.1.3BJUI\App\Admin\Runtime\Cache\df851ced4f193dbbfe76d5cc69e57830.php 第 275 行.
INFO: ParseTemplate Behavior ::run [ RunTime:0.016322s ]
INFO: [ view_parse ] --END-- [ RunTime:0.016398s ]
INFO: [ view_filter ] --START--
INFO: ContentReplace Behavior ::run [ RunTime:0.000757s ]
INFO: TokenBuild Behavior ::run [ RunTime:0.000709s ]
INFO: WriteHtmlCache Behavior ::run [ RunTime:0.000517s ]
INFO: ShowRuntime Behavior ::run [ RunTime:0.000661s ]
INFO: [ view_filter ] --END-- [ RunTime:0.002813s ]
INFO: [ view_end ] --START--
INFO: ShowPageTrace Behavior ::run [ RunTime:0.001585s ]
INFO: [ view_end ] --END-- [ RunTime:0.001808s ]

[ 2016-04-25T00:06:08+08:00 ] 0.0.0.0 /index.php?m=Index&a=lineChart
INFO: [ app_begin ] --START--
INFO: ReadHtmlCache Behavior ::run [ RunTime:0.001189s ]
INFO: [ app_begin ] --END-- [ RunTime:0.001326s ]
ERR: 非法操作:lineChart

[ 2016-04-25T00:06:08+08:00 ] 0.0.0.0 /index.php?m=Index&a=barChart
INFO: [ app_begin ] --START--
INFO: ReadHtmlCache Behavior ::run [ RunTime:0.001100s ]
INFO: [ app_begin ] --END-- [ RunTime:0.001218s ]
ERR: 非法操作:barChart

[ 2016-04-25T00:06:20+08:00 ] 0.0.0.0 /index.php?m=User&a=index&_=1461513980131
INFO: [ app_begin ] --START--
INFO: ReadHtmlCache Behavior ::run [ RunTime:0.000786s ]
INFO: [ app_begin ] --END-- [ RunTime:0.000904s ]
ERR: 无法加载模块:User

[ 2016-04-25T00:06:21+08:00 ] 0.0.0.0 /index.php?m=Access&a=nodeList&_=1461513981176
INFO: [ app_begin ] --START--
INFO: ReadHtmlCache Behavior ::run [ RunTime:0.001006s ]
INFO: [ app_begin ] --END-- [ RunTime:0.001122s ]
ERR: 无法加载模块:Access

[ 2016-04-25T00:06:22+08:00 ] 0.0.0.0 /index.php?m=Access&a=roleList&_=1461513982211
INFO: [ app_begin ] --START--
INFO: ReadHtmlCache Behavior ::run [ RunTime:0.000910s ]
INFO: [ app_begin ] --END-- [ RunTime:0.001079s ]
ERR: 无法加载模块:Access

[ 2016-04-25T00:06:23+08:00 ] 0.0.0.0 /index.php?m=Access&a=nodeList&_=1461513982993
INFO: [ app_begin ] --START--
INFO: ReadHtmlCache Behavior ::run [ RunTime:0.001012s ]
INFO: [ app_begin ] --END-- [ RunTime:0.001179s ]
ERR: 无法加载模块:Access

[ 2016-04-25T00:10:54+08:00 ] 0.0.0.0 /index.php?
INFO: [ app_begin ] --START--
INFO: ReadHtmlCache Behavior ::run [ RunTime:0.000776s ]
INFO: [ app_begin ] --END-- [ RunTime:0.000869s ]
NOTIC: [2048] Non-static method CommonModel::leftMenu() should not be called statically, assuming $this from incompatible context D:\Wamp\phpStudy\WWW\thinkPHP3.1.3BJUI\App\Admin\Lib\Action\IndexAction.class.php 第 12 行.
SQL: SHOW COLUMNS FROM `ec_leftmenu` [ RunTime:0.004153s ]
SQL: SELECT `id`,`level`,`name` FROM `ec_leftmenu` WHERE ( `pid` = 0 ) AND ( `status` = 1 ) ORDER BY oid ASC  [ RunTime:0.000383s ]
SQL: SELECT * FROM `ec_leftmenu` WHERE ( `status` = 1 ) AND ( `id` <> '2' ) AND ( `level` = 2 ) ORDER BY oid ASC  [ RunTime:0.000563s ]
SQL: SELECT * FROM `ec_leftmenu` WHERE ( `status` = 1 ) AND ( `id` <> '10' ) AND ( `level` = 10 ) ORDER BY oid ASC  [ RunTime:0.000441s ]
SQL: SELECT * FROM `ec_leftmenu` WHERE ( `status` = 1 ) AND ( `id` <> '12' ) AND ( `level` = 12 ) ORDER BY oid ASC  [ RunTime:0.000555s ]
SQL: SELECT * FROM `ec_leftmenu` WHERE ( `status` = 1 ) AND ( `id` <> '3' ) AND ( `level` = 3 ) ORDER BY oid ASC  [ RunTime:0.000475s ]
INFO: [ view_parse ] --START--
NOTIC: [8] Use of undefined constant url - assumed 'url' D:\Wamp\phpStudy\WWW\thinkPHP3.1.3BJUI\App\Admin\Runtime\Cache\df851ced4f193dbbfe76d5cc69e57830.php 第 275 行.
NOTIC: [8] Use of undefined constant url - assumed 'url' D:\Wamp\phpStudy\WWW\thinkPHP3.1.3BJUI\App\Admin\Runtime\Cache\df851ced4f193dbbfe76d5cc69e57830.php 第 275 行.
NOTIC: [8] Use of undefined constant url - assumed 'url' D:\Wamp\phpStudy\WWW\thinkPHP3.1.3BJUI\App\Admin\Runtime\Cache\df851ced4f193dbbfe76d5cc69e57830.php 第 275 行.
NOTIC: [8] Use of undefined constant url - assumed 'url' D:\Wamp\phpStudy\WWW\thinkPHP3.1.3BJUI\App\Admin\Runtime\Cache\df851ced4f193dbbfe76d5cc69e57830.php 第 275 行.
NOTIC: [8] Use of undefined constant url - assumed 'url' D:\Wamp\phpStudy\WWW\thinkPHP3.1.3BJUI\App\Admin\Runtime\Cache\df851ced4f193dbbfe76d5cc69e57830.php 第 275 行.
NOTIC: [8] Use of undefined constant url - assumed 'url' D:\Wamp\phpStudy\WWW\thinkPHP3.1.3BJUI\App\Admin\Runtime\Cache\df851ced4f193dbbfe76d5cc69e57830.php 第 275 行.
NOTIC: [8] Use of undefined constant url - assumed 'url' D:\Wamp\phpStudy\WWW\thinkPHP3.1.3BJUI\App\Admin\Runtime\Cache\df851ced4f193dbbfe76d5cc69e57830.php 第 275 行.
NOTIC: [8] Use of undefined constant url - assumed 'url' D:\Wamp\phpStudy\WWW\thinkPHP3.1.3BJUI\App\Admin\Runtime\Cache\df851ced4f193dbbfe76d5cc69e57830.php 第 275 行.
NOTIC: [8] Use of undefined constant url - assumed 'url' D:\Wamp\phpStudy\WWW\thinkPHP3.1.3BJUI\App\Admin\Runtime\Cache\df851ced4f193dbbfe76d5cc69e57830.php 第 275 行.
NOTIC: [8] Use of undefined constant url - assumed 'url' D:\Wamp\phpStudy\WWW\thinkPHP3.1.3BJUI\App\Admin\Runtime\Cache\df851ced4f193dbbfe76d5cc69e57830.php 第 275 行.
NOTIC: [8] Use of undefined constant url - assumed 'url' D:\Wamp\phpStudy\WWW\thinkPHP3.1.3BJUI\App\Admin\Runtime\Cache\df851ced4f193dbbfe76d5cc69e57830.php 第 275 行.
NOTIC: [8] Use of undefined constant url - assumed 'url' D:\Wamp\phpStudy\WWW\thinkPHP3.1.3BJUI\App\Admin\Runtime\Cache\df851ced4f193dbbfe76d5cc69e57830.php 第 275 行.
INFO: ParseTemplate Behavior ::run [ RunTime:0.016705s ]
INFO: [ view_parse ] --END-- [ RunTime:0.016774s ]
INFO: [ view_filter ] --START--
INFO: ContentReplace Behavior ::run [ RunTime:0.000984s ]
INFO: TokenBuild Behavior ::run [ RunTime:0.000951s ]
INFO: WriteHtmlCache Behavior ::run [ RunTime:0.000558s ]
INFO: ShowRuntime Behavior ::run [ RunTime:0.000855s ]
INFO: [ view_filter ] --END-- [ RunTime:0.003641s ]
INFO: [ view_end ] --START--
INFO: ShowPageTrace Behavior ::run [ RunTime:0.000994s ]
INFO: [ view_end ] --END-- [ RunTime:0.001194s ]

[ 2016-04-25T00:10:55+08:00 ] 0.0.0.0 /index.php?m=Index&a=lineChart
INFO: [ app_begin ] --START--
INFO: ReadHtmlCache Behavior ::run [ RunTime:0.001133s ]
INFO: [ app_begin ] --END-- [ RunTime:0.001259s ]
ERR: 非法操作:lineChart

[ 2016-04-25T00:10:55+08:00 ] 0.0.0.0 /index.php?m=Index&a=barChart
INFO: [ app_begin ] --START--
INFO: ReadHtmlCache Behavior ::run [ RunTime:0.001904s ]
INFO: [ app_begin ] --END-- [ RunTime:0.002040s ]
ERR: 非法操作:barChart

[ 2016-04-25T00:11:22+08:00 ] 0.0.0.0 /index.php?m=Webinfo&a=index&_=1461514281988
INFO: [ app_begin ] --START--
INFO: ReadHtmlCache Behavior ::run [ RunTime:0.001289s ]
INFO: [ app_begin ] --END-- [ RunTime:0.001489s ]
ERR: 无法加载模块:Webinfo

[ 2016-04-25T00:11:23+08:00 ] 0.0.0.0 /index.php?m=Webinfo&a=setEmailConfig&_=1461514283025
INFO: [ app_begin ] --START--
INFO: ReadHtmlCache Behavior ::run [ RunTime:0.001065s ]
INFO: [ app_begin ] --END-- [ RunTime:0.001234s ]
ERR: 无法加载模块:Webinfo

[ 2016-04-25T00:12:15+08:00 ] 0.0.0.0 /index.php?
INFO: [ app_begin ] --START--
INFO: ReadHtmlCache Behavior ::run [ RunTime:0.000552s ]
INFO: [ app_begin ] --END-- [ RunTime:0.000634s ]
NOTIC: [2048] Non-static method CommonModel::leftMenu() should not be called statically, assuming $this from incompatible context D:\Wamp\phpStudy\WWW\thinkPHP3.1.3BJUI\App\Admin\Lib\Action\IndexAction.class.php 第 12 行.
SQL: SHOW COLUMNS FROM `ec_leftmenu` [ RunTime:0.003698s ]
SQL: SELECT `id`,`level`,`name` FROM `ec_leftmenu` WHERE ( `pid` = 0 ) AND ( `status` = 1 ) ORDER BY oid ASC  [ RunTime:0.000423s ]
SQL: SELECT * FROM `ec_leftmenu` WHERE ( `status` = 1 ) AND ( `id` <> '2' ) AND ( `level` = 2 ) ORDER BY oid ASC  [ RunTime:0.000478s ]
SQL: SELECT * FROM `ec_leftmenu` WHERE ( `status` = 1 ) AND ( `id` <> '10' ) AND ( `level` = 10 ) ORDER BY oid ASC  [ RunTime:0.000474s ]
SQL: SELECT * FROM `ec_leftmenu` WHERE ( `status` = 1 ) AND ( `id` <> '12' ) AND ( `level` = 12 ) ORDER BY oid ASC  [ RunTime:0.000432s ]
INFO: [ view_parse ] --START--
NOTIC: [8] Use of undefined constant url - assumed 'url' D:\Wamp\phpStudy\WWW\thinkPHP3.1.3BJUI\App\Admin\Runtime\Cache\df851ced4f193dbbfe76d5cc69e57830.php 第 275 行.
NOTIC: [8] Use of undefined constant url - assumed 'url' D:\Wamp\phpStudy\WWW\thinkPHP3.1.3BJUI\App\Admin\Runtime\Cache\df851ced4f193dbbfe76d5cc69e57830.php 第 275 行.
NOTIC: [8] Use of undefined constant url - assumed 'url' D:\Wamp\phpStudy\WWW\thinkPHP3.1.3BJUI\App\Admin\Runtime\Cache\df851ced4f193dbbfe76d5cc69e57830.php 第 275 行.
NOTIC: [8] Use of undefined constant url - assumed 'url' D:\Wamp\phpStudy\WWW\thinkPHP3.1.3BJUI\App\Admin\Runtime\Cache\df851ced4f193dbbfe76d5cc69e57830.php 第 275 行.
NOTIC: [8] Use of undefined constant url - assumed 'url' D:\Wamp\phpStudy\WWW\thinkPHP3.1.3BJUI\App\Admin\Runtime\Cache\df851ced4f193dbbfe76d5cc69e57830.php 第 275 行.
NOTIC: [8] Use of undefined constant url - assumed 'url' D:\Wamp\phpStudy\WWW\thinkPHP3.1.3BJUI\App\Admin\Runtime\Cache\df851ced4f193dbbfe76d5cc69e57830.php 第 275 行.
NOTIC: [8] Use of undefined constant url - assumed 'url' D:\Wamp\phpStudy\WWW\thinkPHP3.1.3BJUI\App\Admin\Runtime\Cache\df851ced4f193dbbfe76d5cc69e57830.php 第 275 行.
NOTIC: [8] Use of undefined constant url - assumed 'url' D:\Wamp\phpStudy\WWW\thinkPHP3.1.3BJUI\App\Admin\Runtime\Cache\df851ced4f193dbbfe76d5cc69e57830.php 第 275 行.
INFO: ParseTemplate Behavior ::run [ RunTime:0.016720s ]
INFO: [ view_parse ] --END-- [ RunTime:0.016801s ]
INFO: [ view_filter ] --START--
INFO: ContentReplace Behavior ::run [ RunTime:0.000769s ]
INFO: TokenBuild Behavior ::run [ RunTime:0.000695s ]
INFO: WriteHtmlCache Behavior ::run [ RunTime:0.000832s ]
INFO: ShowRuntime Behavior ::run [ RunTime:0.001182s ]
INFO: [ view_filter ] --END-- [ RunTime:0.003707s ]
INFO: [ view_end ] --START--
INFO: ShowPageTrace Behavior ::run [ RunTime:0.001549s ]
INFO: [ view_end ] --END-- [ RunTime:0.001691s ]

[ 2016-04-25T00:12:16+08:00 ] 0.0.0.0 /index.php?m=Index&a=lineChart
INFO: [ app_begin ] --START--
INFO: ReadHtmlCache Behavior ::run [ RunTime:0.000852s ]
INFO: [ app_begin ] --END-- [ RunTime:0.000984s ]
ERR: 非法操作:lineChart

[ 2016-04-25T00:12:16+08:00 ] 0.0.0.0 /index.php?m=Index&a=barChart
INFO: [ app_begin ] --START--
INFO: ReadHtmlCache Behavior ::run [ RunTime:0.001857s ]
INFO: [ app_begin ] --END-- [ RunTime:0.001995s ]
ERR: 非法操作:barChart

[ 2016-04-25T00:12:49+08:00 ] 0.0.0.0 /index.php?
INFO: [ app_begin ] --START--
INFO: ReadHtmlCache Behavior ::run [ RunTime:0.000752s ]
INFO: [ app_begin ] --END-- [ RunTime:0.000842s ]
NOTIC: [2048] Non-static method CommonModel::leftMenu() should not be called statically, assuming $this from incompatible context D:\Wamp\phpStudy\WWW\thinkPHP3.1.3BJUI\App\Admin\Lib\Action\IndexAction.class.php 第 12 行.
SQL: SHOW COLUMNS FROM `ec_leftmenu` [ RunTime:0.003809s ]
SQL: SELECT `id`,`level`,`name` FROM `ec_leftmenu` WHERE ( `pid` = 0 ) AND ( `status` = 1 ) ORDER BY oid ASC  [ RunTime:0.000410s ]
SQL: SELECT * FROM `ec_leftmenu` WHERE ( `status` = 1 ) AND ( `id` <> '2' ) AND ( `level` = 2 ) ORDER BY oid ASC  [ RunTime:0.000459s ]
SQL: SELECT * FROM `ec_leftmenu` WHERE ( `status` = 1 ) AND ( `id` <> '10' ) AND ( `level` = 10 ) ORDER BY oid ASC  [ RunTime:0.000468s ]
SQL: SELECT * FROM `ec_leftmenu` WHERE ( `status` = 1 ) AND ( `id` <> '12' ) AND ( `level` = 12 ) ORDER BY oid ASC  [ RunTime:0.000496s ]
INFO: [ view_parse ] --START--
NOTIC: [8] Use of undefined constant url - assumed 'url' D:\Wamp\phpStudy\WWW\thinkPHP3.1.3BJUI\App\Admin\Runtime\Cache\df851ced4f193dbbfe76d5cc69e57830.php 第 275 行.
NOTIC: [8] Use of undefined constant url - assumed 'url' D:\Wamp\phpStudy\WWW\thinkPHP3.1.3BJUI\App\Admin\Runtime\Cache\df851ced4f193dbbfe76d5cc69e57830.php 第 275 行.
NOTIC: [8] Use of undefined constant url - assumed 'url' D:\Wamp\phpStudy\WWW\thinkPHP3.1.3BJUI\App\Admin\Runtime\Cache\df851ced4f193dbbfe76d5cc69e57830.php 第 275 行.
NOTIC: [8] Use of undefined constant url - assumed 'url' D:\Wamp\phpStudy\WWW\thinkPHP3.1.3BJUI\App\Admin\Runtime\Cache\df851ced4f193dbbfe76d5cc69e57830.php 第 275 行.
NOTIC: [8] Use of undefined constant url - assumed 'url' D:\Wamp\phpStudy\WWW\thinkPHP3.1.3BJUI\App\Admin\Runtime\Cache\df851ced4f193dbbfe76d5cc69e57830.php 第 275 行.
NOTIC: [8] Use of undefined constant url - assumed 'url' D:\Wamp\phpStudy\WWW\thinkPHP3.1.3BJUI\App\Admin\Runtime\Cache\df851ced4f193dbbfe76d5cc69e57830.php 第 275 行.
NOTIC: [8] Use of undefined constant url - assumed 'url' D:\Wamp\phpStudy\WWW\thinkPHP3.1.3BJUI\App\Admin\Runtime\Cache\df851ced4f193dbbfe76d5cc69e57830.php 第 275 行.
NOTIC: [8] Use of undefined constant url - assumed 'url' D:\Wamp\phpStudy\WWW\thinkPHP3.1.3BJUI\App\Admin\Runtime\Cache\df851ced4f193dbbfe76d5cc69e57830.php 第 275 行.
INFO: ParseTemplate Behavior ::run [ RunTime:0.016358s ]
INFO: [ view_parse ] --END-- [ RunTime:0.016423s ]
INFO: [ view_filter ] --START--
INFO: ContentReplace Behavior ::run [ RunTime:0.000759s ]
INFO: TokenBuild Behavior ::run [ RunTime:0.000836s ]
INFO: WriteHtmlCache Behavior ::run [ RunTime:0.000643s ]
INFO: ShowRuntime Behavior ::run [ RunTime:0.000708s ]
INFO: [ view_filter ] --END-- [ RunTime:0.003140s ]
INFO: [ view_end ] --START--
INFO: ShowPageTrace Behavior ::run [ RunTime:0.002150s ]
INFO: [ view_end ] --END-- [ RunTime:0.002292s ]

[ 2016-04-25T00:12:50+08:00 ] 0.0.0.0 /index.php?m=Index&a=lineChart
INFO: [ app_begin ] --START--
INFO: ReadHtmlCache Behavior ::run [ RunTime:0.001070s ]
INFO: [ app_begin ] --END-- [ RunTime:0.001275s ]
ERR: 非法操作:lineChart

[ 2016-04-25T00:12:50+08:00 ] 0.0.0.0 /index.php?m=Index&a=barChart
INFO: [ app_begin ] --START--
INFO: ReadHtmlCache Behavior ::run [ RunTime:0.001029s ]
INFO: [ app_begin ] --END-- [ RunTime:0.001202s ]
ERR: 非法操作:barChart

[ 2016-04-25T00:13:05+08:00 ] 0.0.0.0 /index.php?
INFO: [ app_begin ] --START--
INFO: ReadHtmlCache Behavior ::run [ RunTime:0.000785s ]
INFO: [ app_begin ] --END-- [ RunTime:0.000875s ]
NOTIC: [2048] Non-static method CommonModel::leftMenu() should not be called statically, assuming $this from incompatible context D:\Wamp\phpStudy\WWW\thinkPHP3.1.3BJUI\App\Admin\Lib\Action\IndexAction.class.php 第 12 行.
SQL: SHOW COLUMNS FROM `ec_leftmenu` [ RunTime:0.003628s ]
SQL: SELECT `id`,`level`,`name` FROM `ec_leftmenu` WHERE ( `pid` = 0 ) AND ( `status` = 1 ) ORDER BY oid ASC  [ RunTime:0.000420s ]
SQL: SELECT * FROM `ec_leftmenu` WHERE ( `status` = 1 ) AND ( `id` <> '2' ) AND ( `level` = 2 ) ORDER BY oid ASC  [ RunTime:0.000423s ]
SQL: SELECT * FROM `ec_leftmenu` WHERE ( `status` = 1 ) AND ( `id` <> '10' ) AND ( `level` = 10 ) ORDER BY oid ASC  [ RunTime:0.000449s ]
SQL: SELECT * FROM `ec_leftmenu` WHERE ( `status` = 1 ) AND ( `id` <> '12' ) AND ( `level` = 12 ) ORDER BY oid ASC  [ RunTime:0.000410s ]
INFO: [ view_parse ] --START--
NOTIC: [8] Use of undefined constant url - assumed 'url' D:\Wamp\phpStudy\WWW\thinkPHP3.1.3BJUI\App\Admin\Runtime\Cache\df851ced4f193dbbfe76d5cc69e57830.php 第 275 行.
NOTIC: [8] Use of undefined constant url - assumed 'url' D:\Wamp\phpStudy\WWW\thinkPHP3.1.3BJUI\App\Admin\Runtime\Cache\df851ced4f193dbbfe76d5cc69e57830.php 第 275 行.
NOTIC: [8] Use of undefined constant url - assumed 'url' D:\Wamp\phpStudy\WWW\thinkPHP3.1.3BJUI\App\Admin\Runtime\Cache\df851ced4f193dbbfe76d5cc69e57830.php 第 275 行.
NOTIC: [8] Use of undefined constant url - assumed 'url' D:\Wamp\phpStudy\WWW\thinkPHP3.1.3BJUI\App\Admin\Runtime\Cache\df851ced4f193dbbfe76d5cc69e57830.php 第 275 行.
NOTIC: [8] Use of undefined constant url - assumed 'url' D:\Wamp\phpStudy\WWW\thinkPHP3.1.3BJUI\App\Admin\Runtime\Cache\df851ced4f193dbbfe76d5cc69e57830.php 第 275 行.
NOTIC: [8] Use of undefined constant url - assumed 'url' D:\Wamp\phpStudy\WWW\thinkPHP3.1.3BJUI\App\Admin\Runtime\Cache\df851ced4f193dbbfe76d5cc69e57830.php 第 275 行.
NOTIC: [8] Use of undefined constant url - assumed 'url' D:\Wamp\phpStudy\WWW\thinkPHP3.1.3BJUI\App\Admin\Runtime\Cache\df851ced4f193dbbfe76d5cc69e57830.php 第 275 行.
NOTIC: [8] Use of undefined constant url - assumed 'url' D:\Wamp\phpStudy\WWW\thinkPHP3.1.3BJUI\App\Admin\Runtime\Cache\df851ced4f193dbbfe76d5cc69e57830.php 第 275 行.
INFO: ParseTemplate Behavior ::run [ RunTime:0.016168s ]
INFO: [ view_parse ] --END-- [ RunTime:0.016234s ]
INFO: [ view_filter ] --START--
INFO: ContentReplace Behavior ::run [ RunTime:0.001084s ]
INFO: TokenBuild Behavior ::run [ RunTime:0.000807s ]
INFO: WriteHtmlCache Behavior ::run [ RunTime:0.000774s ]
INFO: ShowRuntime Behavior ::run [ RunTime:0.000968s ]
INFO: [ view_filter ] --END-- [ RunTime:0.003865s ]
INFO: [ view_end ] --START--
INFO: ShowPageTrace Behavior ::run [ RunTime:0.001033s ]
INFO: [ view_end ] --END-- [ RunTime:0.001194s ]

[ 2016-04-25T00:13:05+08:00 ] 0.0.0.0 /index.php?m=Index&a=lineChart
INFO: [ app_begin ] --START--
INFO: ReadHtmlCache Behavior ::run [ RunTime:0.001118s ]
INFO: [ app_begin ] --END-- [ RunTime:0.001295s ]
ERR: 非法操作:lineChart

[ 2016-04-25T00:13:05+08:00 ] 0.0.0.0 /index.php?m=Index&a=barChart
INFO: [ app_begin ] --START--
INFO: ReadHtmlCache Behavior ::run [ RunTime:0.001451s ]
INFO: [ app_begin ] --END-- [ RunTime:0.001642s ]
ERR: 非法操作:barChart

[ 2016-04-25T00:14:42+08:00 ] 0.0.0.0 /index.php?
INFO: [ app_begin ] --START--
INFO: ReadHtmlCache Behavior ::run [ RunTime:0.000749s ]
INFO: [ app_begin ] --END-- [ RunTime:0.000855s ]
NOTIC: [2048] Non-static method CommonModel::leftMenu() should not be called statically, assuming $this from incompatible context D:\Wamp\phpStudy\WWW\thinkPHP3.1.3BJUI\App\Admin\Lib\Action\IndexAction.class.php 第 12 行.
SQL: SHOW COLUMNS FROM `ec_leftmenu` [ RunTime:0.003612s ]
SQL: SELECT `id`,`level`,`name` FROM `ec_leftmenu` WHERE ( `pid` = 0 ) AND ( `status` = 1 ) ORDER BY oid ASC  [ RunTime:0.000445s ]
SQL: SELECT * FROM `ec_leftmenu` WHERE ( `status` = 1 ) AND ( `id` <> '2' ) AND ( `level` = 2 ) ORDER BY oid ASC  [ RunTime:0.000477s ]
SQL: SELECT * FROM `ec_leftmenu` WHERE ( `status` = 1 ) AND ( `id` <> '10' ) AND ( `level` = 10 ) ORDER BY oid ASC  [ RunTime:0.000389s ]
SQL: SELECT * FROM `ec_leftmenu` WHERE ( `status` = 1 ) AND ( `id` <> '12' ) AND ( `level` = 12 ) ORDER BY oid ASC  [ RunTime:0.000476s ]
INFO: [ view_parse ] --START--
NOTIC: [8] Use of undefined constant url - assumed 'url' D:\Wamp\phpStudy\WWW\thinkPHP3.1.3BJUI\App\Admin\Runtime\Cache\df851ced4f193dbbfe76d5cc69e57830.php 第 275 行.
NOTIC: [8] Use of undefined constant url - assumed 'url' D:\Wamp\phpStudy\WWW\thinkPHP3.1.3BJUI\App\Admin\Runtime\Cache\df851ced4f193dbbfe76d5cc69e57830.php 第 275 行.
NOTIC: [8] Use of undefined constant url - assumed 'url' D:\Wamp\phpStudy\WWW\thinkPHP3.1.3BJUI\App\Admin\Runtime\Cache\df851ced4f193dbbfe76d5cc69e57830.php 第 275 行.
NOTIC: [8] Use of undefined constant url - assumed 'url' D:\Wamp\phpStudy\WWW\thinkPHP3.1.3BJUI\App\Admin\Runtime\Cache\df851ced4f193dbbfe76d5cc69e57830.php 第 275 行.
NOTIC: [8] Use of undefined constant url - assumed 'url' D:\Wamp\phpStudy\WWW\thinkPHP3.1.3BJUI\App\Admin\Runtime\Cache\df851ced4f193dbbfe76d5cc69e57830.php 第 275 行.
NOTIC: [8] Use of undefined constant url - assumed 'url' D:\Wamp\phpStudy\WWW\thinkPHP3.1.3BJUI\App\Admin\Runtime\Cache\df851ced4f193dbbfe76d5cc69e57830.php 第 275 行.
NOTIC: [8] Use of undefined constant url - assumed 'url' D:\Wamp\phpStudy\WWW\thinkPHP3.1.3BJUI\App\Admin\Runtime\Cache\df851ced4f193dbbfe76d5cc69e57830.php 第 275 行.
NOTIC: [8] Use of undefined constant url - assumed 'url' D:\Wamp\phpStudy\WWW\thinkPHP3.1.3BJUI\App\Admin\Runtime\Cache\df851ced4f193dbbfe76d5cc69e57830.php 第 275 行.
INFO: ParseTemplate Behavior ::run [ RunTime:0.016599s ]
INFO: [ view_parse ] --END-- [ RunTime:0.016681s ]
INFO: [ view_filter ] --START--
INFO: ContentReplace Behavior ::run [ RunTime:0.000716s ]
INFO: TokenBuild Behavior ::run [ RunTime:0.000587s ]
INFO: WriteHtmlCache Behavior ::run [ RunTime:0.000500s ]
INFO: ShowRuntime Behavior ::run [ RunTime:0.000730s ]
INFO: [ view_filter ] --END-- [ RunTime:0.002709s ]
INFO: [ view_end ] --START--
INFO: ShowPageTrace Behavior ::run [ RunTime:0.001712s ]
INFO: [ view_end ] --END-- [ RunTime:0.001828s ]

[ 2016-04-25T00:14:42+08:00 ] 0.0.0.0 /index.php?m=Index&a=barChart
INFO: [ app_begin ] --START--
INFO: ReadHtmlCache Behavior ::run [ RunTime:0.000572s ]
INFO: [ app_begin ] --END-- [ RunTime:0.000662s ]
ERR: 非法操作:barChart

[ 2016-04-25T00:14:42+08:00 ] 0.0.0.0 /index.php?m=Index&a=lineChart
INFO: [ app_begin ] --START--
INFO: ReadHtmlCache Behavior ::run [ RunTime:0.000777s ]
INFO: [ app_begin ] --END-- [ RunTime:0.000871s ]
ERR: 非法操作:lineChart

[ 2016-04-25T00:14:47+08:00 ] 0.0.0.0 /index.php?m=Channel&a=index&_=1461514487438
INFO: [ app_begin ] --START--
INFO: ReadHtmlCache Behavior ::run [ RunTime:0.001028s ]
INFO: [ app_begin ] --END-- [ RunTime:0.001173s ]
ERR: 无法加载模块:Channel

[ 2016-04-25T00:14:51+08:00 ] 0.0.0.0 /index.php?m=Index&a=myInfo&_=1461514491454
INFO: [ app_begin ] --START--
INFO: ReadHtmlCache Behavior ::run [ RunTime:0.000991s ]
INFO: [ app_begin ] --END-- [ RunTime:0.001148s ]
ERR: 非法操作:myInfo

[ 2016-04-25T00:15:42+08:00 ] 0.0.0.0 /index.php?m=Article&a=index&type=1&_=1461514542138
INFO: [ app_begin ] --START--
INFO: ReadHtmlCache Behavior ::run [ RunTime:0.001077s ]
INFO: [ app_begin ] --END-- [ RunTime:0.001216s ]
ERR: 无法加载模块:Article

[ 2016-04-25T00:15:45+08:00 ] 0.0.0.0 /index.php?m=User&a=index&_=1461514545312
INFO: [ app_begin ] --START--
INFO: ReadHtmlCache Behavior ::run [ RunTime:0.000884s ]
INFO: [ app_begin ] --END-- [ RunTime:0.001001s ]
ERR: 无法加载模块:User

[ 2016-04-25T00:15:46+08:00 ] 0.0.0.0 /index.php?m=Access&a=roleList&_=1461514546010
INFO: [ app_begin ] --START--
INFO: ReadHtmlCache Behavior ::run [ RunTime:0.000848s ]
INFO: [ app_begin ] --END-- [ RunTime:0.000950s ]
ERR: 无法加载模块:Access

[ 2016-04-25T00:15:59+08:00 ] 0.0.0.0 /index.php?m=Index&a=index
INFO: [ app_begin ] --START--
INFO: ReadHtmlCache Behavior ::run [ RunTime:0.000559s ]
INFO: [ app_begin ] --END-- [ RunTime:0.000644s ]
NOTIC: [2048] Non-static method CommonModel::leftMenu() should not be called statically, assuming $this from incompatible context D:\Wamp\phpStudy\WWW\thinkPHP3.1.3BJUI\App\Admin\Lib\Action\IndexAction.class.php 第 12 行.
SQL: SHOW COLUMNS FROM `ec_leftmenu` [ RunTime:0.003770s ]
SQL: SELECT `id`,`level`,`name` FROM `ec_leftmenu` WHERE ( `pid` = 0 ) AND ( `status` = 1 ) ORDER BY oid ASC  [ RunTime:0.000498s ]
SQL: SELECT * FROM `ec_leftmenu` WHERE ( `status` = 1 ) AND ( `id` <> '2' ) AND ( `level` = 2 ) ORDER BY oid ASC  [ RunTime:0.000409s ]
SQL: SELECT * FROM `ec_leftmenu` WHERE ( `status` = 1 ) AND ( `id` <> '10' ) AND ( `level` = 10 ) ORDER BY oid ASC  [ RunTime:0.000427s ]
SQL: SELECT * FROM `ec_leftmenu` WHERE ( `status` = 1 ) AND ( `id` <> '12' ) AND ( `level` = 12 ) ORDER BY oid ASC  [ RunTime:0.000959s ]
INFO: [ view_parse ] --START--
NOTIC: [8] Use of undefined constant url - assumed 'url' D:\Wamp\phpStudy\WWW\thinkPHP3.1.3BJUI\App\Admin\Runtime\Cache\df851ced4f193dbbfe76d5cc69e57830.php 第 275 行.
NOTIC: [8] Use of undefined constant url - assumed 'url' D:\Wamp\phpStudy\WWW\thinkPHP3.1.3BJUI\App\Admin\Runtime\Cache\df851ced4f193dbbfe76d5cc69e57830.php 第 275 行.
NOTIC: [8] Use of undefined constant url - assumed 'url' D:\Wamp\phpStudy\WWW\thinkPHP3.1.3BJUI\App\Admin\Runtime\Cache\df851ced4f193dbbfe76d5cc69e57830.php 第 275 行.
NOTIC: [8] Use of undefined constant url - assumed 'url' D:\Wamp\phpStudy\WWW\thinkPHP3.1.3BJUI\App\Admin\Runtime\Cache\df851ced4f193dbbfe76d5cc69e57830.php 第 275 行.
NOTIC: [8] Use of undefined constant url - assumed 'url' D:\Wamp\phpStudy\WWW\thinkPHP3.1.3BJUI\App\Admin\Runtime\Cache\df851ced4f193dbbfe76d5cc69e57830.php 第 275 行.
NOTIC: [8] Use of undefined constant url - assumed 'url' D:\Wamp\phpStudy\WWW\thinkPHP3.1.3BJUI\App\Admin\Runtime\Cache\df851ced4f193dbbfe76d5cc69e57830.php 第 275 行.
NOTIC: [8] Use of undefined constant url - assumed 'url' D:\Wamp\phpStudy\WWW\thinkPHP3.1.3BJUI\App\Admin\Runtime\Cache\df851ced4f193dbbfe76d5cc69e57830.php 第 275 行.
NOTIC: [8] Use of undefined constant url - assumed 'url' D:\Wamp\phpStudy\WWW\thinkPHP3.1.3BJUI\App\Admin\Runtime\Cache\df851ced4f193dbbfe76d5cc69e57830.php 第 275 行.
INFO: ParseTemplate Behavior ::run [ RunTime:0.017216s ]
INFO: [ view_parse ] --END-- [ RunTime:0.017309s ]
INFO: [ view_filter ] --START--
INFO: ContentReplace Behavior ::run [ RunTime:0.000690s ]
INFO: TokenBuild Behavior ::run [ RunTime:0.000643s ]
INFO: WriteHtmlCache Behavior ::run [ RunTime:0.000536s ]
INFO: ShowRuntime Behavior ::run [ RunTime:0.000651s ]
INFO: [ view_filter ] --END-- [ RunTime:0.002728s ]
INFO: [ view_end ] --START--
INFO: ShowPageTrace Behavior ::run [ RunTime:0.001886s ]
INFO: [ view_end ] --END-- [ RunTime:0.002046s ]

[ 2016-04-25T00:15:59+08:00 ] 0.0.0.0 /index.php?m=Index&a=lineChart
INFO: [ app_begin ] --START--
INFO: ReadHtmlCache Behavior ::run [ RunTime:0.000904s ]
INFO: [ app_begin ] --END-- [ RunTime:0.001039s ]
ERR: 非法操作:lineChart

[ 2016-04-25T00:15:59+08:00 ] 0.0.0.0 /index.php?m=Index&a=barChart
INFO: [ app_begin ] --START--
INFO: ReadHtmlCache Behavior ::run [ RunTime:0.001734s ]
INFO: [ app_begin ] --END-- [ RunTime:0.001901s ]
ERR: 非法操作:barChart

[ 2016-04-25T00:16:56+08:00 ] 0.0.0.0 /index.php?m=Index&a=index
INFO: [ app_begin ] --START--
INFO: ReadHtmlCache Behavior ::run [ RunTime:0.001120s ]
INFO: [ app_begin ] --END-- [ RunTime:0.001225s ]
NOTIC: [2048] Non-static method CommonModel::leftMenu() should not be called statically, assuming $this from incompatible context D:\Wamp\phpStudy\WWW\thinkPHP3.1.3BJUI\App\Admin\Lib\Action\IndexAction.class.php 第 12 行.
SQL: SHOW COLUMNS FROM `ec_leftmenu` [ RunTime:0.003912s ]
SQL: SELECT `id`,`level`,`name` FROM `ec_leftmenu` WHERE ( `pid` = 0 ) AND ( `status` = 1 ) ORDER BY oid ASC  [ RunTime:0.000369s ]
SQL: SELECT * FROM `ec_leftmenu` WHERE ( `status` = 1 ) AND ( `id` <> '2' ) AND ( `level` = 2 ) ORDER BY oid ASC  [ RunTime:0.000359s ]
SQL: SELECT * FROM `ec_leftmenu` WHERE ( `status` = 1 ) AND ( `id` <> '10' ) AND ( `level` = 10 ) ORDER BY oid ASC  [ RunTime:0.000409s ]
SQL: SELECT * FROM `ec_leftmenu` WHERE ( `status` = 1 ) AND ( `id` <> '12' ) AND ( `level` = 12 ) ORDER BY oid ASC  [ RunTime:0.000346s ]
INFO: [ view_parse ] --START--
NOTIC: [8] Use of undefined constant url - assumed 'url' D:\Wamp\phpStudy\WWW\thinkPHP3.1.3BJUI\App\Admin\Runtime\Cache\df851ced4f193dbbfe76d5cc69e57830.php 第 276 行.
NOTIC: [8] Use of undefined constant url - assumed 'url' D:\Wamp\phpStudy\WWW\thinkPHP3.1.3BJUI\App\Admin\Runtime\Cache\df851ced4f193dbbfe76d5cc69e57830.php 第 276 行.
NOTIC: [8] Use of undefined constant url - assumed 'url' D:\Wamp\phpStudy\WWW\thinkPHP3.1.3BJUI\App\Admin\Runtime\Cache\df851ced4f193dbbfe76d5cc69e57830.php 第 276 行.
NOTIC: [8] Use of undefined constant url - assumed 'url' D:\Wamp\phpStudy\WWW\thinkPHP3.1.3BJUI\App\Admin\Runtime\Cache\df851ced4f193dbbfe76d5cc69e57830.php 第 276 行.
NOTIC: [8] Use of undefined constant url - assumed 'url' D:\Wamp\phpStudy\WWW\thinkPHP3.1.3BJUI\App\Admin\Runtime\Cache\df851ced4f193dbbfe76d5cc69e57830.php 第 276 行.
NOTIC: [8] Use of undefined constant url - assumed 'url' D:\Wamp\phpStudy\WWW\thinkPHP3.1.3BJUI\App\Admin\Runtime\Cache\df851ced4f193dbbfe76d5cc69e57830.php 第 276 行.
NOTIC: [8] Use of undefined constant url - assumed 'url' D:\Wamp\phpStudy\WWW\thinkPHP3.1.3BJUI\App\Admin\Runtime\Cache\df851ced4f193dbbfe76d5cc69e57830.php 第 276 行.
NOTIC: [8] Use of undefined constant url - assumed 'url' D:\Wamp\phpStudy\WWW\thinkPHP3.1.3BJUI\App\Admin\Runtime\Cache\df851ced4f193dbbfe76d5cc69e57830.php 第 276 行.
INFO: ParseTemplate Behavior ::run [ RunTime:0.030800s ]
INFO: [ view_parse ] --END-- [ RunTime:0.030974s ]
INFO: [ view_filter ] --START--
INFO: ContentReplace Behavior ::run [ RunTime:0.000927s ]
INFO: TokenBuild Behavior ::run [ RunTime:0.001382s ]
INFO: WriteHtmlCache Behavior ::run [ RunTime:0.000731s ]
INFO: ShowRuntime Behavior ::run [ RunTime:0.000846s ]
INFO: [ view_filter ] --END-- [ RunTime:0.004077s ]
INFO: [ view_end ] --START--
INFO: ShowPageTrace Behavior ::run [ RunTime:0.001782s ]
INFO: [ view_end ] --END-- [ RunTime:0.001876s ]

[ 2016-04-25T00:16:57+08:00 ] 0.0.0.0 /index.php?m=Index&a=barChart
INFO: [ app_begin ] --START--
INFO: ReadHtmlCache Behavior ::run [ RunTime:0.001737s ]
INFO: [ app_begin ] --END-- [ RunTime:0.001862s ]
ERR: 非法操作:barChart

[ 2016-04-25T00:16:57+08:00 ] 0.0.0.0 /index.php?m=Index&a=lineChart
INFO: [ app_begin ] --START--
INFO: ReadHtmlCache Behavior ::run [ RunTime:0.001694s ]
INFO: [ app_begin ] --END-- [ RunTime:0.001808s ]
ERR: 非法操作:lineChart

[ 2016-04-25T00:17:00+08:00 ] 0.0.0.0 /index.php?m=Public&a=loginOut
INFO: [ app_begin ] --START--
INFO: ReadHtmlCache Behavior ::run [ RunTime:0.000846s ]
INFO: [ app_begin ] --END-- [ RunTime:0.000936s ]

[ 2016-04-25T00:17:00+08:00 ] 0.0.0.0 /index.php?m=Index&a=index
INFO: [ app_begin ] --START--
INFO: ReadHtmlCache Behavior ::run [ RunTime:0.000572s ]
INFO: [ app_begin ] --END-- [ RunTime:0.000658s ]

[ 2016-04-25T00:17:00+08:00 ] 0.0.0.0 /index.php?m=Public&a=index
INFO: [ app_begin ] --START--
INFO: ReadHtmlCache Behavior ::run [ RunTime:0.000847s ]
INFO: [ app_begin ] --END-- [ RunTime:0.000947s ]
INFO: [ view_parse ] --START--
INFO: ParseTemplate Behavior ::run [ RunTime:0.017302s ]
INFO: [ view_parse ] --END-- [ RunTime:0.017386s ]
INFO: [ view_filter ] --START--
INFO: ContentReplace Behavior ::run [ RunTime:0.000850s ]
INFO: TokenBuild Behavior ::run [ RunTime:0.001005s ]
INFO: WriteHtmlCache Behavior ::run [ RunTime:0.000667s ]
INFO: ShowRuntime Behavior ::run [ RunTime:0.000873s ]
INFO: [ view_filter ] --END-- [ RunTime:0.003563s ]
INFO: [ view_end ] --START--
INFO: ShowPageTrace Behavior ::run [ RunTime:0.002893s ]
INFO: [ view_end ] --END-- [ RunTime:0.002993s ]

[ 2016-04-25T00:17:00+08:00 ] 0.0.0.0 /index.php?m=Public&a=verify_code
INFO: [ app_begin ] --START--
INFO: ReadHtmlCache Behavior ::run [ RunTime:0.001091s ]
INFO: [ app_begin ] --END-- [ RunTime:0.001220s ]

[ 2016-04-25T00:17:10+08:00 ] 0.0.0.0 /index.php?m=Public&a=index
INFO: [ app_begin ] --START--
INFO: ReadHtmlCache Behavior ::run [ RunTime:0.000603s ]
INFO: [ app_begin ] --END-- [ RunTime:0.000678s ]
INFO: [ view_parse ] --START--
INFO: ParseTemplate Behavior ::run [ RunTime:0.011030s ]
INFO: [ view_parse ] --END-- [ RunTime:0.011107s ]
INFO: [ view_filter ] --START--
INFO: ContentReplace Behavior ::run [ RunTime:0.000466s ]
INFO: TokenBuild Behavior ::run [ RunTime:0.000491s ]
INFO: WriteHtmlCache Behavior ::run [ RunTime:0.000308s ]
INFO: ShowRuntime Behavior ::run [ RunTime:0.000420s ]
INFO: [ view_filter ] --END-- [ RunTime:0.001854s ]
INFO: [ view_end ] --START--
INFO: ShowPageTrace Behavior ::run [ RunTime:0.000778s ]
INFO: [ view_end ] --END-- [ RunTime:0.000856s ]

[ 2016-04-25T00:17:11+08:00 ] 0.0.0.0 /index.php?m=Public&a=verify_code
INFO: [ app_begin ] --START--
INFO: ReadHtmlCache Behavior ::run [ RunTime:0.001053s ]
INFO: [ app_begin ] --END-- [ RunTime:0.001134s ]

[ 2016-04-25T00:17:21+08:00 ] 0.0.0.0 /index.php?m=Public&a=index
INFO: [ app_begin ] --START--
INFO: ReadHtmlCache Behavior ::run [ RunTime:0.000723s ]
INFO: [ app_begin ] --END-- [ RunTime:0.000798s ]
SQL: SHOW COLUMNS FROM `ec_user` [ RunTime:0.005275s ]
SQL: SELECT COUNT(*) AS tp_count FROM `ec_user` WHERE (  `username`='admin' ) LIMIT 1   [ RunTime:0.000456s ]
SQL: SELECT * FROM `ec_user` WHERE ( `username`='admin' ) LIMIT 1   [ RunTime:0.000538s ]
NOTIC: [8] Undefined variable: var D:\Wamp\phpStudy\WWW\thinkPHP3.1.3BJUI\ThinkPHP\Common\functions.php 第 247 行.
NOTIC: [2] array_reverse() [<a href='function.array-reverse'>function.array-reverse</a>]: The argument should be an array D:\Wamp\phpStudy\WWW\thinkPHP3.1.3BJUI\ThinkPHP\Common\functions.php 第 247 行.
NOTIC: [2] http_build_query() [<a href='function.http-build-query'>function.http-build-query</a>]: Parameter 1 expected to be Array or Object.  Incorrect value given D:\Wamp\phpStudy\WWW\thinkPHP3.1.3BJUI\ThinkPHP\Common\functions.php 第 247 行.

[ 2016-04-25T00:17:22+08:00 ] 0.0.0.0 /index.php?
INFO: [ app_begin ] --START--
INFO: ReadHtmlCache Behavior ::run [ RunTime:0.000759s ]
INFO: [ app_begin ] --END-- [ RunTime:0.000846s ]
NOTIC: [2048] Non-static method CommonModel::leftMenu() should not be called statically, assuming $this from incompatible context D:\Wamp\phpStudy\WWW\thinkPHP3.1.3BJUI\App\Admin\Lib\Action\IndexAction.class.php 第 12 行.
SQL: SHOW COLUMNS FROM `ec_leftmenu` [ RunTime:0.003800s ]
SQL: SELECT `id`,`level`,`name` FROM `ec_leftmenu` WHERE ( `pid` = 0 ) AND ( `status` = 1 ) ORDER BY oid ASC  [ RunTime:0.000386s ]
SQL: SELECT * FROM `ec_leftmenu` WHERE ( `status` = 1 ) AND ( `id` <> '2' ) AND ( `level` = 2 ) ORDER BY oid ASC  [ RunTime:0.000350s ]
SQL: SELECT * FROM `ec_leftmenu` WHERE ( `status` = 1 ) AND ( `id` <> '10' ) AND ( `level` = 10 ) ORDER BY oid ASC  [ RunTime:0.000448s ]
SQL: SELECT * FROM `ec_leftmenu` WHERE ( `status` = 1 ) AND ( `id` <> '12' ) AND ( `level` = 12 ) ORDER BY oid ASC  [ RunTime:0.000439s ]
INFO: [ view_parse ] --START--
NOTIC: [8] Use of undefined constant url - assumed 'url' D:\Wamp\phpStudy\WWW\thinkPHP3.1.3BJUI\App\Admin\Runtime\Cache\df851ced4f193dbbfe76d5cc69e57830.php 第 276 行.
NOTIC: [8] Use of undefined constant url - assumed 'url' D:\Wamp\phpStudy\WWW\thinkPHP3.1.3BJUI\App\Admin\Runtime\Cache\df851ced4f193dbbfe76d5cc69e57830.php 第 276 行.
NOTIC: [8] Use of undefined constant url - assumed 'url' D:\Wamp\phpStudy\WWW\thinkPHP3.1.3BJUI\App\Admin\Runtime\Cache\df851ced4f193dbbfe76d5cc69e57830.php 第 276 行.
NOTIC: [8] Use of undefined constant url - assumed 'url' D:\Wamp\phpStudy\WWW\thinkPHP3.1.3BJUI\App\Admin\Runtime\Cache\df851ced4f193dbbfe76d5cc69e57830.php 第 276 行.
NOTIC: [8] Use of undefined constant url - assumed 'url' D:\Wamp\phpStudy\WWW\thinkPHP3.1.3BJUI\App\Admin\Runtime\Cache\df851ced4f193dbbfe76d5cc69e57830.php 第 276 行.
NOTIC: [8] Use of undefined constant url - assumed 'url' D:\Wamp\phpStudy\WWW\thinkPHP3.1.3BJUI\App\Admin\Runtime\Cache\df851ced4f193dbbfe76d5cc69e57830.php 第 276 行.
NOTIC: [8] Use of undefined constant url - assumed 'url' D:\Wamp\phpStudy\WWW\thinkPHP3.1.3BJUI\App\Admin\Runtime\Cache\df851ced4f193dbbfe76d5cc69e57830.php 第 276 行.
NOTIC: [8] Use of undefined constant url - assumed 'url' D:\Wamp\phpStudy\WWW\thinkPHP3.1.3BJUI\App\Admin\Runtime\Cache\df851ced4f193dbbfe76d5cc69e57830.php 第 276 行.
INFO: ParseTemplate Behavior ::run [ RunTime:0.030254s ]
INFO: [ view_parse ] --END-- [ RunTime:0.030348s ]
INFO: [ view_filter ] --START--
INFO: ContentReplace Behavior ::run [ RunTime:0.000989s ]
INFO: TokenBuild Behavior ::run [ RunTime:0.000870s ]
INFO: WriteHtmlCache Behavior ::run [ RunTime:0.000696s ]
INFO: ShowRuntime Behavior ::run [ RunTime:0.000947s ]
INFO: [ view_filter ] --END-- [ RunTime:0.003667s ]
INFO: [ view_end ] --START--
INFO: ShowPageTrace Behavior ::run [ RunTime:0.002250s ]
INFO: [ view_end ] --END-- [ RunTime:0.002354s ]

[ 2016-04-25T00:17:22+08:00 ] 0.0.0.0 /index.php?m=Index&a=lineChart
INFO: [ app_begin ] --START--
INFO: ReadHtmlCache Behavior ::run [ RunTime:0.000832s ]
INFO: [ app_begin ] --END-- [ RunTime:0.000938s ]
ERR: 非法操作:lineChart

[ 2016-04-25T00:17:22+08:00 ] 0.0.0.0 /index.php?m=Index&a=barChart
INFO: [ app_begin ] --START--
INFO: ReadHtmlCache Behavior ::run [ RunTime:0.000804s ]
INFO: [ app_begin ] --END-- [ RunTime:0.000953s ]
ERR: 非法操作:barChart

[ 2016-04-25T00:17:25+08:00 ] 0.0.0.0 /
INFO: [ app_begin ] --START--
INFO: ReadHtmlCache Behavior ::run [ RunTime:0.000601s ]
INFO: [ app_begin ] --END-- [ RunTime:0.000680s ]
NOTIC: [2048] Non-static method CommonModel::leftMenu() should not be called statically, assuming $this from incompatible context D:\Wamp\phpStudy\WWW\thinkPHP3.1.3BJUI\App\Admin\Lib\Action\IndexAction.class.php 第 12 行.
SQL: SHOW COLUMNS FROM `ec_leftmenu` [ RunTime:0.005376s ]
SQL: SELECT `id`,`level`,`name` FROM `ec_leftmenu` WHERE ( `pid` = 0 ) AND ( `status` = 1 ) ORDER BY oid ASC  [ RunTime:0.000344s ]
SQL: SELECT * FROM `ec_leftmenu` WHERE ( `status` = 1 ) AND ( `id` <> '2' ) AND ( `level` = 2 ) ORDER BY oid ASC  [ RunTime:0.000425s ]
SQL: SELECT * FROM `ec_leftmenu` WHERE ( `status` = 1 ) AND ( `id` <> '10' ) AND ( `level` = 10 ) ORDER BY oid ASC  [ RunTime:0.000317s ]
SQL: SELECT * FROM `ec_leftmenu` WHERE ( `status` = 1 ) AND ( `id` <> '12' ) AND ( `level` = 12 ) ORDER BY oid ASC  [ RunTime:0.000400s ]
INFO: [ view_parse ] --START--
NOTIC: [8] Use of undefined constant url - assumed 'url' D:\Wamp\phpStudy\WWW\thinkPHP3.1.3BJUI\App\Admin\Runtime\Cache\df851ced4f193dbbfe76d5cc69e57830.php 第 276 行.
NOTIC: [8] Use of undefined constant url - assumed 'url' D:\Wamp\phpStudy\WWW\thinkPHP3.1.3BJUI\App\Admin\Runtime\Cache\df851ced4f193dbbfe76d5cc69e57830.php 第 276 行.
NOTIC: [8] Use of undefined constant url - assumed 'url' D:\Wamp\phpStudy\WWW\thinkPHP3.1.3BJUI\App\Admin\Runtime\Cache\df851ced4f193dbbfe76d5cc69e57830.php 第 276 行.
NOTIC: [8] Use of undefined constant url - assumed 'url' D:\Wamp\phpStudy\WWW\thinkPHP3.1.3BJUI\App\Admin\Runtime\Cache\df851ced4f193dbbfe76d5cc69e57830.php 第 276 行.
NOTIC: [8] Use of undefined constant url - assumed 'url' D:\Wamp\phpStudy\WWW\thinkPHP3.1.3BJUI\App\Admin\Runtime\Cache\df851ced4f193dbbfe76d5cc69e57830.php 第 276 行.
NOTIC: [8] Use of undefined constant url - assumed 'url' D:\Wamp\phpStudy\WWW\thinkPHP3.1.3BJUI\App\Admin\Runtime\Cache\df851ced4f193dbbfe76d5cc69e57830.php 第 276 行.
NOTIC: [8] Use of undefined constant url - assumed 'url' D:\Wamp\phpStudy\WWW\thinkPHP3.1.3BJUI\App\Admin\Runtime\Cache\df851ced4f193dbbfe76d5cc69e57830.php 第 276 行.
NOTIC: [8] Use of undefined constant url - assumed 'url' D:\Wamp\phpStudy\WWW\thinkPHP3.1.3BJUI\App\Admin\Runtime\Cache\df851ced4f193dbbfe76d5cc69e57830.php 第 276 行.
INFO: ParseTemplate Behavior ::run [ RunTime:0.035165s ]
INFO: [ view_parse ] --END-- [ RunTime:0.035255s ]
INFO: [ view_filter ] --START--
INFO: ContentReplace Behavior ::run [ RunTime:0.001466s ]
INFO: TokenBuild Behavior ::run [ RunTime:0.000903s ]
INFO: WriteHtmlCache Behavior ::run [ RunTime:0.000717s ]
INFO: ShowRuntime Behavior ::run [ RunTime:0.001345s ]
INFO: [ view_filter ] --END-- [ RunTime:0.004619s ]
INFO: [ view_end ] --START--
INFO: ShowPageTrace Behavior ::run [ RunTime:0.001680s ]
INFO: [ view_end ] --END-- [ RunTime:0.001794s ]

[ 2016-04-25T00:17:25+08:00 ] 0.0.0.0 /index.php?m=Index&a=lineChart
INFO: [ app_begin ] --START--
INFO: ReadHtmlCache Behavior ::run [ RunTime:0.001003s ]
INFO: [ app_begin ] --END-- [ RunTime:0.001201s ]
ERR: 非法操作:lineChart

[ 2016-04-25T00:17:25+08:00 ] 0.0.0.0 /index.php?m=Index&a=barChart
INFO: [ app_begin ] --START--
INFO: ReadHtmlCache Behavior ::run [ RunTime:0.000951s ]
INFO: [ app_begin ] --END-- [ RunTime:0.001067s ]
ERR: 非法操作:barChart

[ 2016-04-25T00:17:28+08:00 ] 0.0.0.0 /index.php?m=Channel&a=index&_=1461514648456
INFO: [ app_begin ] --START--
INFO: ReadHtmlCache Behavior ::run [ RunTime:0.000948s ]
INFO: [ app_begin ] --END-- [ RunTime:0.001071s ]
ERR: 无法加载模块:Channel

[ 2016-04-25T00:17:31+08:00 ] 0.0.0.0 /index.php?m=Public&a=loginOut
INFO: [ app_begin ] --START--
INFO: ReadHtmlCache Behavior ::run [ RunTime:0.000653s ]
INFO: [ app_begin ] --END-- [ RunTime:0.000732s ]

[ 2016-04-25T00:17:31+08:00 ] 0.0.0.0 /index.php?m=Index&a=index
INFO: [ app_begin ] --START--
INFO: ReadHtmlCache Behavior ::run [ RunTime:0.000582s ]
INFO: [ app_begin ] --END-- [ RunTime:0.000657s ]

[ 2016-04-25T00:17:31+08:00 ] 0.0.0.0 /index.php?m=Public&a=index
INFO: [ app_begin ] --START--
INFO: ReadHtmlCache Behavior ::run [ RunTime:0.000976s ]
INFO: [ app_begin ] --END-- [ RunTime:0.001106s ]
INFO: [ view_parse ] --START--
INFO: ParseTemplate Behavior ::run [ RunTime:0.009727s ]
INFO: [ view_parse ] --END-- [ RunTime:0.009811s ]
INFO: [ view_filter ] --START--
INFO: ContentReplace Behavior ::run [ RunTime:0.000445s ]
INFO: TokenBuild Behavior ::run [ RunTime:0.000387s ]
INFO: WriteHtmlCache Behavior ::run [ RunTime:0.000223s ]
INFO: ShowRuntime Behavior ::run [ RunTime:0.000406s ]
INFO: [ view_filter ] --END-- [ RunTime:0.001608s ]
INFO: [ view_end ] --START--
INFO: ShowPageTrace Behavior ::run [ RunTime:0.001049s ]
INFO: [ view_end ] --END-- [ RunTime:0.001151s ]

[ 2016-04-25T00:17:31+08:00 ] 0.0.0.0 /index.php?m=Public&a=verify_code
INFO: [ app_begin ] --START--
INFO: ReadHtmlCache Behavior ::run [ RunTime:0.000914s ]
INFO: [ app_begin ] --END-- [ RunTime:0.001071s ]

[ 2016-04-25T17:06:39+08:00 ] 0.0.0.0 /index.php?m=Public&a=index
INFO: [ app_begin ] --START--
INFO: ReadHtmlCache Behavior ::run [ RunTime:0.018993s ]
INFO: [ app_begin ] --END-- [ RunTime:0.019251s ]
INFO: [ view_parse ] --START--
INFO: ParseTemplate Behavior ::run [ RunTime:0.111883s ]
INFO: [ view_parse ] --END-- [ RunTime:0.112105s ]
INFO: [ view_filter ] --START--
INFO: ContentReplace Behavior ::run [ RunTime:0.015209s ]
INFO: TokenBuild Behavior ::run [ RunTime:0.015734s ]
INFO: WriteHtmlCache Behavior ::run [ RunTime:0.013306s ]
INFO: ShowRuntime Behavior ::run [ RunTime:0.008289s ]
INFO: [ view_filter ] --END-- [ RunTime:0.053144s ]
INFO: [ view_end ] --START--
INFO: ShowPageTrace Behavior ::run [ RunTime:0.017174s ]
INFO: [ view_end ] --END-- [ RunTime:0.017444s ]

[ 2016-04-25T17:06:40+08:00 ] 0.0.0.0 /index.php?m=Public&a=verify_code
INFO: [ app_begin ] --START--
INFO: ReadHtmlCache Behavior ::run [ RunTime:0.001557s ]
INFO: [ app_begin ] --END-- [ RunTime:0.001773s ]

[ 2016-04-25T17:06:53+08:00 ] 0.0.0.0 /index.php?m=Public&a=index
INFO: [ app_begin ] --START--
INFO: ReadHtmlCache Behavior ::run [ RunTime:0.000510s ]
INFO: [ app_begin ] --END-- [ RunTime:0.000571s ]
SQL: SHOW COLUMNS FROM `ec_user` [ RunTime:0.049153s ]
SQL: SELECT COUNT(*) AS tp_count FROM `ec_user` WHERE (  `username`='admin' ) LIMIT 1   [ RunTime:0.001344s ]
SQL: SELECT * FROM `ec_user` WHERE ( `username`='admin' ) LIMIT 1   [ RunTime:0.000663s ]
NOTIC: [8] Undefined variable: var D:\Wamp\phpStudy\WWW\thinkPHP3.1.3BJUI\ThinkPHP\Common\functions.php 第 247 行.
NOTIC: [2] array_reverse() [<a href='function.array-reverse'>function.array-reverse</a>]: The argument should be an array D:\Wamp\phpStudy\WWW\thinkPHP3.1.3BJUI\ThinkPHP\Common\functions.php 第 247 行.
NOTIC: [2] http_build_query() [<a href='function.http-build-query'>function.http-build-query</a>]: Parameter 1 expected to be Array or Object.  Incorrect value given D:\Wamp\phpStudy\WWW\thinkPHP3.1.3BJUI\ThinkPHP\Common\functions.php 第 247 行.

[ 2016-04-25T17:06:54+08:00 ] 0.0.0.0 /index.php?
INFO: [ app_begin ] --START--
INFO: ReadHtmlCache Behavior ::run [ RunTime:0.001663s ]
INFO: [ app_begin ] --END-- [ RunTime:0.001865s ]
NOTIC: [2048] Non-static method CommonModel::leftMenu() should not be called statically, assuming $this from incompatible context D:\Wamp\phpStudy\WWW\thinkPHP3.1.3BJUI\App\Admin\Lib\Action\IndexAction.class.php 第 12 行.
SQL: SHOW COLUMNS FROM `ec_leftmenu` [ RunTime:0.040560s ]
SQL: SELECT `id`,`level`,`name` FROM `ec_leftmenu` WHERE ( `pid` = 0 ) AND ( `status` = 1 ) ORDER BY oid ASC  [ RunTime:0.005631s ]
SQL: SELECT * FROM `ec_leftmenu` WHERE ( `status` = 1 ) AND ( `id` <> '2' ) AND ( `level` = 2 ) ORDER BY oid ASC  [ RunTime:0.001012s ]
SQL: SELECT * FROM `ec_leftmenu` WHERE ( `status` = 1 ) AND ( `id` <> '10' ) AND ( `level` = 10 ) ORDER BY oid ASC  [ RunTime:0.000841s ]
SQL: SELECT * FROM `ec_leftmenu` WHERE ( `status` = 1 ) AND ( `id` <> '12' ) AND ( `level` = 12 ) ORDER BY oid ASC  [ RunTime:0.000862s ]
INFO: [ view_parse ] --START--
NOTIC: [8] Use of undefined constant url - assumed 'url' D:\Wamp\phpStudy\WWW\thinkPHP3.1.3BJUI\App\Admin\Runtime\Cache\df851ced4f193dbbfe76d5cc69e57830.php 第 276 行.
NOTIC: [8] Use of undefined constant url - assumed 'url' D:\Wamp\phpStudy\WWW\thinkPHP3.1.3BJUI\App\Admin\Runtime\Cache\df851ced4f193dbbfe76d5cc69e57830.php 第 276 行.
NOTIC: [8] Use of undefined constant url - assumed 'url' D:\Wamp\phpStudy\WWW\thinkPHP3.1.3BJUI\App\Admin\Runtime\Cache\df851ced4f193dbbfe76d5cc69e57830.php 第 276 行.
NOTIC: [8] Use of undefined constant url - assumed 'url' D:\Wamp\phpStudy\WWW\thinkPHP3.1.3BJUI\App\Admin\Runtime\Cache\df851ced4f193dbbfe76d5cc69e57830.php 第 276 行.
NOTIC: [8] Use of undefined constant url - assumed 'url' D:\Wamp\phpStudy\WWW\thinkPHP3.1.3BJUI\App\Admin\Runtime\Cache\df851ced4f193dbbfe76d5cc69e57830.php 第 276 行.
NOTIC: [8] Use of undefined constant url - assumed 'url' D:\Wamp\phpStudy\WWW\thinkPHP3.1.3BJUI\App\Admin\Runtime\Cache\df851ced4f193dbbfe76d5cc69e57830.php 第 276 行.
NOTIC: [8] Use of undefined constant url - assumed 'url' D:\Wamp\phpStudy\WWW\thinkPHP3.1.3BJUI\App\Admin\Runtime\Cache\df851ced4f193dbbfe76d5cc69e57830.php 第 276 行.
NOTIC: [8] Use of undefined constant url - assumed 'url' D:\Wamp\phpStudy\WWW\thinkPHP3.1.3BJUI\App\Admin\Runtime\Cache\df851ced4f193dbbfe76d5cc69e57830.php 第 276 行.
INFO: ParseTemplate Behavior ::run [ RunTime:0.112820s ]
INFO: [ view_parse ] --END-- [ RunTime:0.113014s ]
INFO: [ view_filter ] --START--
INFO: ContentReplace Behavior ::run [ RunTime:0.001436s ]
INFO: TokenBuild Behavior ::run [ RunTime:0.001579s ]
INFO: WriteHtmlCache Behavior ::run [ RunTime:0.001046s ]
INFO: ShowRuntime Behavior ::run [ RunTime:0.002013s ]
INFO: [ view_filter ] --END-- [ RunTime:0.006679s ]
INFO: [ view_end ] --START--
INFO: ShowPageTrace Behavior ::run [ RunTime:0.002633s ]
INFO: [ view_end ] --END-- [ RunTime:0.002864s ]

[ 2016-04-25T17:06:57+08:00 ] 0.0.0.0 /index.php?m=Index&a=lineChart
INFO: [ app_begin ] --START--
INFO: ReadHtmlCache Behavior ::run [ RunTime:0.002397s ]
INFO: [ app_begin ] --END-- [ RunTime:0.002745s ]
ERR: 非法操作:lineChart

[ 2016-04-25T17:06:57+08:00 ] 0.0.0.0 /index.php?m=Index&a=barChart
INFO: [ app_begin ] --START--
INFO: ReadHtmlCache Behavior ::run [ RunTime:0.000927s ]
INFO: [ app_begin ] --END-- [ RunTime:0.000995s ]
ERR: 非法操作:barChart

[ 2016-04-25T17:07:09+08:00 ] 0.0.0.0 /index.php?m=Channel&a=index&_=1461575229795
INFO: [ app_begin ] --START--
INFO: ReadHtmlCache Behavior ::run [ RunTime:0.000699s ]
INFO: [ app_begin ] --END-- [ RunTime:0.000809s ]
ERR: 无法加载模块:Channel

[ 2016-04-25T17:07:56+08:00 ] 0.0.0.0 /index.php?m=Channel&a=index&_=1461575276120
INFO: [ app_begin ] --START--
INFO: ReadHtmlCache Behavior ::run [ RunTime:0.000561s ]
INFO: [ app_begin ] --END-- [ RunTime:0.000637s ]
ERR: 无法加载模块:Channel

[ 2016-04-25T17:08:06+08:00 ] 0.0.0.0 /index.php?m=Channel&a=index&_=1461575286052
INFO: [ app_begin ] --START--
INFO: ReadHtmlCache Behavior ::run [ RunTime:0.000518s ]
INFO: [ app_begin ] --END-- [ RunTime:0.000583s ]
ERR: 无法加载模块:Channel

[ 2016-04-25T17:09:19+08:00 ] 0.0.0.0 /index.php?m=Channel&a=index&_=1461575359406
INFO: [ app_begin ] --START--
INFO: ReadHtmlCache Behavior ::run [ RunTime:0.000955s ]
INFO: [ app_begin ] --END-- [ RunTime:0.001036s ]
ERR: 无法加载模块:Channel

